0	6.28319	0.00000	11.30973
1	6.27981	0.00337	11.30366
2	6.25649	0.02669	11.26169
3	6.21262	0.07056	11.18272
4	6.15341	0.12977	11.07614
5	6.08193	0.20126	10.94747
6	5.99971	0.28348	10.79947
7	5.90859	0.37460	10.63546
8	5.81072	0.47247	10.45930
9	5.70641	0.57678	10.27153
10	5.59750	0.68569	10.07549
11	5.48552	0.79767	9.87393
12	5.37077	0.91241	9.66739
13	5.25388	1.02930	9.45699
14	5.13577	1.14742	9.24438
15	5.01734	1.26584	9.03122
16	4.89831	1.38488	8.81695
17	4.77927	1.50391	8.60269
18	4.66054	1.62264	8.38897
19	4.54212	1.74107	8.17581
20	4.42492	1.85826	7.96486
21	4.30742	1.97577	7.75335
22	4.19114	2.09204	7.54406
23	4.07548	2.20771	7.33587
24	3.96105	2.32214	7.12988
25	3.84784	2.43535	6.92611
26	3.73555	2.54764	6.72399
27	3.62510	2.65808	6.52519
28	3.51619	2.76699	6.32914
29	3.40912	2.87407	6.13641
30	3.30419	2.97899	5.94755
31	3.20142	3.08177	5.76255
32	3.10048	3.18270	5.58087
33	3.00169	3.28149	5.40305
34	2.90536	3.37783	5.22965
35	2.80995	3.47324	5.05790
36	2.71637	3.56681	4.88947
37	2.62464	3.65854	4.72435
38	2.53506	3.74813	4.56310
39	2.44731	3.83587	4.40516
40	2.36172	3.92147	4.25109
41	2.27796	4.00522	4.10033
42	2.19635	4.08683	3.95344
43	2.11720	4.16599	3.81096
44	2.03958	4.24360	3.67125
45	1.96472	4.31846	3.53650
46	1.89140	4.39179	3.40452
47	1.82053	4.46266	3.27695
48	1.75150	4.53169	3.15270
49	1.68492	4.59826	3.03286
50	1.62019	4.66299	2.91634
51	1.55791	4.72527	2.80424
52	1.49778	4.78541	2.69600
53	1.43949	4.84370	2.59108
54	1.38334	4.89984	2.49002
55	1.32904	4.95414	2.39227
56	1.27658	5.00661	2.29784
57	1.22565	5.05753	2.20617
58	1.17626	5.10693	2.11726
59	1.12901	5.15418	2.03222
60	1.08299	5.20019	1.94938
61	1.03851	5.24468	1.86931
62	0.99555	5.28763	1.79200
63	0.95414	5.32905	1.71744
64	0.91425	5.36893	1.64565
65	0.87560	5.40759	1.57607
66	0.83878	5.44440	1.50981
67	0.80350	5.47969	1.44630
68	0.76944	5.51374	1.38500
69	0.73631	5.54687	1.32536
70	0.70471	5.57847	1.26848
71	0.67434	5.60885	1.21381
72	0.64489	5.63830	1.16079
73	0.61697	5.66622	1.11054
74	0.58966	5.69352	1.06139
75	0.56328	5.71991	1.01390
76	0.53843	5.74476	0.96917
77	0.51450	5.76869	0.92610
78	0.49179	5.79139	0.88523
79	0.46971	5.81348	0.84547
80	0.44854	5.83465	0.80736
81	0.42829	5.85490	0.77092
82	0.40896	5.87423	0.73613
83	0.39086	5.89233	0.70354
84	0.37337	5.90981	0.67207
85	0.35680	5.92638	0.64225
86	0.34146	5.94172	0.61464
87	0.32704	5.95614	0.58868
88	0.31324	5.96995	0.56383
89	0.30035	5.98283	0.54064
90	0.28870	5.99449	0.51965
91	0.27765	6.00554	0.49977
92	0.26722	6.01597	0.48100
93	0.25771	6.02548	0.46388
94	0.24943	6.03376	0.44897
95	0.24176	6.04143	0.43516
96	0.23531	6.04787	0.42356
97	0.22948	6.05370	0.41307
98	0.22488	6.05830	0.40479
99	0.22059	6.06260	0.39706
100	0.21691	6.06628	0.39043
101	0.21414	6.06904	0.38546
102	0.21230	6.07088	0.38215
103	0.21046	6.07272	0.37883
104	0.20954	6.07364	0.37718
105	0.20893	6.07426	0.37607
106	0.20862	6.07456	0.37552
107	0.20831	6.07487	0.37497
108	0.20831	6.07487	0.37497
109	0.20862	6.07456	0.37552
110	0.20893	6.07426	0.37607
111	0.20954	6.07364	0.37718
112	0.21016	6.07303	0.37828
113	0.21077	6.07242	0.37938
114	0.21108	6.07211	0.37994
115	0.21169	6.07150	0.38104
116	0.21230	6.07088	0.38215
117	0.21230	6.07088	0.38215
118	0.21261	6.07058	0.38270
119	0.21261	6.07058	0.38270
120	0.21261	6.07058	0.38270
121	0.21261	6.07058	0.38270
122	0.21261	6.07058	0.38270
123	0.21261	6.07058	0.38270
124	0.21261	6.07058	0.38270
125	0.21230	6.07088	0.38215
126	0.21169	6.07150	0.38104
127	0.21077	6.07242	0.37938
128	0.21016	6.07303	0.37828
129	0.20954	6.07364	0.37718
130	0.20924	6.07395	0.37662
131	0.20893	6.07426	0.37607
132	0.20862	6.07456	0.37552
133	0.20862	6.07456	0.37552
134	0.20862	6.07456	0.37552
135	0.20862	6.07456	0.37552
136	0.20862	6.07456	0.37552
137	0.20862	6.07456	0.37552
138	0.20862	6.07456	0.37552
139	0.20862	6.07456	0.37552
140	0.20862	6.07456	0.37552
141	0.20862	6.07456	0.37552
142	0.20862	6.07456	0.37552
143	0.20862	6.07456	0.37552
144	0.20862	6.07456	0.37552
145	0.20862	6.07456	0.37552
146	0.20862	6.07456	0.37552
147	0.20862	6.07456	0.37552
148	0.20862	6.07456	0.37552
149	0.20862	6.07456	0.37552
150	0.20862	6.07456	0.37552
151	0.20862	6.07456	0.37552
152	0.20862	6.07456	0.37552
153	0.20862	6.07456	0.37552
154	0.20862	6.07456	0.37552
155	0.20862	6.07456	0.37552
156	0.20862	6.07456	0.37552
157	0.20862	6.07456	0.37552
158	0.20862	6.07456	0.37552
159	0.20862	6.07456	0.37552
160	0.20862	6.07456	0.37552
161	0.20862	6.07456	0.37552
162	0.20862	6.07456	0.37552
163	0.20862	6.07456	0.37552
164	0.20862	6.07456	0.37552
165	0.20862	6.07456	0.37552
166	0.20862	6.07456	0.37552
167	0.20862	6.07456	0.37552
168	0.20862	6.07456	0.37552
169	0.20862	6.07456	0.37552
170	0.20862	6.07456	0.37552
171	0.20862	6.07456	0.37552
172	0.20862	6.07456	0.37552
173	0.20862	6.07456	0.37552
174	0.20862	6.07456	0.37552
175	0.20862	6.07456	0.37552
176	0.20862	6.07456	0.37552
177	0.20862	6.07456	0.37552
178	0.20862	6.07456	0.37552
179	0.20862	6.07456	0.37552
180	0.20862	6.07456	0.37552
181	0.20862	6.07456	0.37552
182	0.20862	6.07456	0.37552
183	0.20862	6.07456	0.37552
184	0.20862	6.07456	0.37552
185	0.20862	6.07456	0.37552
186	0.20862	6.07456	0.37552
187	0.20862	6.07456	0.37552
188	0.20862	6.07456	0.37552
189	0.20862	6.07456	0.37552
190	0.20862	6.07456	0.37552
191	0.20862	6.07456	0.37552
192	0.20862	6.07456	0.37552
193	0.20862	6.07456	0.37552
194	0.20862	6.07456	0.37552
195	0.20862	6.07456	0.37552
196	0.20862	6.07456	0.37552
197	0.20862	6.07456	0.37552
198	0.20862	6.07456	0.37552
199	0.20862	6.07456	0.37552
200	0.20862	6.07456	0.37552
201	0.20862	6.07456	0.37552
202	0.20862	6.07456	0.37552
203	0.20862	6.07456	0.37552
204	0.20862	6.07456	0.37552
205	0.20862	6.07456	0.37552
206	0.20862	6.07456	0.37552
207	0.20862	6.07456	0.37552
208	0.20862	6.07456	0.37552
209	0.20862	6.07456	0.37552
210	0.20862	6.07456	0.37552
211	0.20862	6.07456	0.37552
212	0.20862	6.07456	0.37552
213	0.20862	6.07456	0.37552
214	0.20862	6.07456	0.37552
215	0.20862	6.07456	0.37552
216	0.20862	6.07456	0.37552
217	0.20862	6.07456	0.37552
218	0.20862	6.07456	0.37552
219	0.20862	6.07456	0.37552
220	0.20862	6.07456	0.37552
221	0.20862	6.07456	0.37552
222	0.20862	6.07456	0.37552
223	0.20862	6.07456	0.37552
224	0.20862	6.07456	0.37552
225	0.20862	6.07456	0.37552
226	0.20862	6.07456	0.37552
227	0.20862	6.07456	0.37552
228	0.20862	6.07456	0.37552
229	0.20862	6.07456	0.37552
230	0.20862	6.07456	0.37552
231	0.20862	6.07456	0.37552
232	0.20862	6.07456	0.37552
233	0.20862	6.07456	0.37552
234	0.20862	6.07456	0.37552
235	0.20862	6.07456	0.37552
236	0.20862	6.07456	0.37552
237	0.20862	6.07456	0.37552
238	0.20862	6.07456	0.37552
239	0.20862	6.07456	0.37552
240	0.20862	6.07456	0.37552
241	0.20862	6.07456	0.37552
242	0.20862	6.07456	0.37552
243	0.20862	6.07456	0.37552
244	0.20862	6.07456	0.37552
245	0.20862	6.07456	0.37552
246	0.20862	6.07456	0.37552
247	0.20862	6.07456	0.37552
248	0.20862	6.07456	0.37552
249	0.20862	6.07456	0.37552
250	0.20862	6.07456	0.37552
251	0.20862	6.07456	0.37552
252	0.20862	6.07456	0.37552
253	0.20862	6.07456	0.37552
254	0.20862	6.07456	0.37552
255	0.20862	6.07456	0.37552
256	0.20862	6.07456	0.37552
257	0.20862	6.07456	0.37552
258	0.20862	6.07456	0.37552
259	0.20862	6.07456	0.37552
260	0.20862	6.07456	0.37552
261	0.20862	6.07456	0.37552
262	0.20862	6.07456	0.37552
263	0.20862	6.07456	0.37552
264	0.20862	6.07456	0.37552
265	0.20862	6.07456	0.37552
266	0.20862	6.07456	0.37552
267	0.20862	6.07456	0.37552
268	0.20862	6.07456	0.37552
269	0.20862	6.07456	0.37552
270	0.20862	6.07456	0.37552
271	0.20862	6.07456	0.37552
272	0.20862	6.07456	0.37552
273	0.20862	6.07456	0.37552
274	0.20862	6.07456	0.37552
275	0.20862	6.07456	0.37552
276	0.20862	6.07456	0.37552
277	0.20862	6.07456	0.37552
278	0.20862	6.07456	0.37552
279	0.20862	6.07456	0.37552
280	0.20862	6.07456	0.37552
281	0.20862	6.07456	0.37552
282	0.20862	6.07456	0.37552
283	0.20862	6.07456	0.37552
284	0.20862	6.07456	0.37552
285	0.20862	6.07456	0.37552
286	0.20862	6.07456	0.37552
287	0.20862	6.07456	0.37552
288	0.20862	6.07456	0.37552
289	0.20862	6.07456	0.37552
290	0.20862	6.07456	0.37552
291	0.20862	6.07456	0.37552
292	0.20862	6.07456	0.37552
293	0.20862	6.07456	0.37552
294	0.20862	6.07456	0.37552
295	0.20862	6.07456	0.37552
296	0.20862	6.07456	0.37552
297	0.20862	6.07456	0.37552
298	0.20862	6.07456	0.37552
299	0.20862	6.07456	0.37552
300	0.20862	6.07456	0.37552
301	0.20862	6.07456	0.37552
302	0.20862	6.07456	0.37552
303	0.20862	6.07456	0.37552
304	0.20862	6.07456	0.37552
305	0.20862	6.07456	0.37552
306	0.20862	6.07456	0.37552
307	0.20862	6.07456	0.37552
308	0.20862	6.07456	0.37552
309	0.20862	6.07456	0.37552
310	0.20862	6.07456	0.37552
311	0.20862	6.07456	0.37552
312	0.20862	6.07456	0.37552
313	0.20862	6.07456	0.37552
314	0.20862	6.07456	0.37552
315	0.20862	6.07456	0.37552
316	0.20862	6.07456	0.37552
317	0.20862	6.07456	0.37552
318	0.20862	6.07456	0.37552
319	0.20862	6.07456	0.37552
320	0.20862	6.07456	0.37552
321	0.20862	6.07456	0.37552
322	0.20862	6.07456	0.37552
323	0.20862	6.07456	0.37552
324	0.20862	6.07456	0.37552
325	0.20862	6.07456	0.37552
326	0.20862	6.07456	0.37552
327	0.20862	6.07456	0.37552
328	0.20862	6.07456	0.37552
329	0.20862	6.07456	0.37552
330	0.20862	6.07456	0.37552
331	0.20862	6.07456	0.37552
332	0.20862	6.07456	0.37552
333	0.20862	6.07456	0.37552
334	0.20862	6.07456	0.37552
335	0.20862	6.07456	0.37552
336	0.20862	6.07456	0.37552
337	0.20862	6.07456	0.37552
338	0.20862	6.07456	0.37552
339	0.20862	6.07456	0.37552
340	0.20862	6.07456	0.37552
341	0.20862	6.07456	0.37552
342	0.20862	6.07456	0.37552
343	0.20862	6.07456	0.37552
344	0.20862	6.07456	0.37552
345	0.20862	6.07456	0.37552
346	0.20862	6.07456	0.37552
347	0.20862	6.07456	0.37552
348	0.20862	6.07456	0.37552
349	0.20862	6.07456	0.37552
350	0.20862	6.07456	0.37552
351	0.20862	6.07456	0.37552
352	0.20862	6.07456	0.37552
353	0.20862	6.07456	0.37552
354	0.20862	6.07456	0.37552
355	0.20862	6.07456	0.37552
356	0.20862	6.07456	0.37552
357	0.20862	6.07456	0.37552
358	0.20862	6.07456	0.37552
359	0.20862	6.07456	0.37552
360	0.20862	6.07456	0.37552
361	0.20862	6.07456	0.37552
362	0.20862	6.07456	0.37552
363	0.20862	6.07456	0.37552
364	0.20862	6.07456	0.37552
365	0.20862	6.07456	0.37552
366	0.20862	6.07456	0.37552
367	0.20862	6.07456	0.37552
368	0.20862	6.07456	0.37552
369	0.20862	6.07456	0.37552
370	0.20862	6.07456	0.37552
371	0.20862	6.07456	0.37552
372	0.20862	6.07456	0.37552
373	0.20862	6.07456	0.37552
374	0.20862	6.07456	0.37552
375	0.20862	6.07456	0.37552
376	0.20862	6.07456	0.37552
377	0.20862	6.07456	0.37552
378	0.20862	6.07456	0.37552
379	0.20862	6.07456	0.37552
380	0.20862	6.07456	0.37552
381	0.20862	6.07456	0.37552
382	0.20862	6.07456	0.37552
383	0.20862	6.07456	0.37552
384	0.20862	6.07456	0.37552
385	0.20862	6.07456	0.37552
386	0.20862	6.07456	0.37552
387	0.20862	6.07456	0.37552
388	0.20862	6.07456	0.37552
389	0.20862	6.07456	0.37552
390	0.20862	6.07456	0.37552
391	0.20862	6.07456	0.37552
392	0.20862	6.07456	0.37552
393	0.20862	6.07456	0.37552
394	0.20862	6.07456	0.37552
395	0.20862	6.07456	0.37552
396	0.20862	6.07456	0.37552
397	0.20862	6.07456	0.37552
398	0.20862	6.07456	0.37552
399	0.20862	6.07456	0.37552
400	0.20862	6.07456	0.37552
401	0.20862	6.07456	0.37552
402	0.20862	6.07456	0.37552
403	0.20862	6.07456	0.37552
404	0.20862	6.07456	0.37552
405	0.20862	6.07456	0.37552
406	0.20862	6.07456	0.37552
407	0.20862	6.07456	0.37552
408	0.20862	6.07456	0.37552
409	0.20862	6.07456	0.37552
410	0.20862	6.07456	0.37552
411	0.20862	6.07456	0.37552
412	0.20862	6.07456	0.37552
413	0.20862	6.07456	0.37552
414	0.20862	6.07456	0.37552
415	0.20862	6.07456	0.37552
416	0.20862	6.07456	0.37552
417	0.20862	6.07456	0.37552
418	0.20862	6.07456	0.37552
419	0.20862	6.07456	0.37552
420	0.20862	6.07456	0.37552
421	0.20862	6.07456	0.37552
422	0.20862	6.07456	0.37552
423	0.20862	6.07456	0.37552
424	0.20862	6.07456	0.37552
425	0.20862	6.07456	0.37552
426	0.20862	6.07456	0.37552
427	0.20862	6.07456	0.37552
428	0.20862	6.07456	0.37552
429	0.20862	6.07456	0.37552
430	0.20862	6.07456	0.37552
431	0.20862	6.07456	0.37552
432	0.20862	6.07456	0.37552
433	0.20862	6.07456	0.37552
434	0.20862	6.07456	0.37552
435	0.20862	6.07456	0.37552
436	0.20862	6.07456	0.37552
437	0.20862	6.07456	0.37552
438	0.20862	6.07456	0.37552
439	0.20862	6.07456	0.37552
440	0.20862	6.07456	0.37552
441	0.20862	6.07456	0.37552
442	0.20862	6.07456	0.37552
443	0.20862	6.07456	0.37552
444	0.20862	6.07456	0.37552
445	0.20862	6.07456	0.37552
446	0.20862	6.07456	0.37552
447	0.20862	6.07456	0.37552
448	0.20862	6.07456	0.37552
449	0.20862	6.07456	0.37552
450	0.20862	6.07456	0.37552
451	0.20862	6.07456	0.37552
452	0.20862	6.07456	0.37552
453	0.20862	6.07456	0.37552
454	0.20862	6.07456	0.37552
455	0.20862	6.07456	0.37552
456	0.20862	6.07456	0.37552
457	0.20862	6.07456	0.37552
458	0.20862	6.07456	0.37552
459	0.20862	6.07456	0.37552
460	0.20862	6.07456	0.37552
461	0.20862	6.07456	0.37552
462	0.20862	6.07456	0.37552
463	0.20862	6.07456	0.37552
464	0.20862	6.07456	0.37552
465	0.20862	6.07456	0.37552
466	0.20862	6.07456	0.37552
467	0.20862	6.07456	0.37552
468	0.20862	6.07456	0.37552
469	0.20862	6.07456	0.37552
470	0.20862	6.07456	0.37552
471	0.20862	6.07456	0.37552
472	0.20862	6.07456	0.37552
473	0.20862	6.07456	0.37552
474	0.20862	6.07456	0.37552
475	0.20862	6.07456	0.37552
476	0.20862	6.07456	0.37552
477	0.20862	6.07456	0.37552
478	0.20862	6.07456	0.37552
479	0.20862	6.07456	0.37552
480	0.20862	6.07456	0.37552
481	0.20862	6.07456	0.37552
482	0.20862	6.07456	0.37552
483	0.20862	6.07456	0.37552
484	0.20862	6.07456	0.37552
485	0.20862	6.07456	0.37552
486	0.20862	6.07456	0.37552
487	0.20862	6.07456	0.37552
488	0.20862	6.07456	0.37552
489	0.20862	6.07456	0.37552
490	0.20862	6.07456	0.37552
491	0.20862	6.07456	0.37552
492	0.20862	6.07456	0.37552
493	0.20862	6.07456	0.37552
494	0.20862	6.07456	0.37552
495	0.20862	6.07456	0.37552
496	0.20862	6.07456	0.37552
497	0.20862	6.07456	0.37552
498	0.20862	6.07456	0.37552
499	0.20862	6.07456	0.37552
500	0.20862	6.07456	0.37552
501	0.20862	6.07456	0.37552
502	0.20862	6.07456	0.37552
503	0.20862	6.07456	0.37552
504	0.20862	6.07456	0.37552
505	0.20862	6.07456	0.37552
506	0.20862	6.07456	0.37552
507	0.20862	6.07456	0.37552
508	0.20862	6.07456	0.37552
509	0.20862	6.07456	0.37552
510	0.20862	6.07456	0.37552
511	0.20862	6.07456	0.37552
512	0.20862	6.07456	0.37552
513	0.20862	6.07456	0.37552
514	0.20862	6.07456	0.37552
515	0.20862	6.07456	0.37552
516	0.20862	6.07456	0.37552
517	0.20862	6.07456	0.37552
518	0.20862	6.07456	0.37552
519	0.20862	6.07456	0.37552
520	0.20862	6.07456	0.37552
521	0.20862	6.07456	0.37552
522	0.20862	6.07456	0.37552
523	0.20862	6.07456	0.37552
524	0.20862	6.07456	0.37552
525	0.20862	6.07456	0.37552
526	0.20862	6.07456	0.37552
527	0.20862	6.07456	0.37552
528	0.20862	6.07456	0.37552
529	0.20862	6.07456	0.37552
530	0.20862	6.07456	0.37552
531	0.20862	6.07456	0.37552
532	0.20862	6.07456	0.37552
533	0.20862	6.07456	0.37552
534	0.20862	6.07456	0.37552
535	0.20862	6.07456	0.37552
536	0.20862	6.07456	0.37552
537	0.20862	6.07456	0.37552
538	0.20862	6.07456	0.37552
539	0.20862	6.07456	0.37552
540	0.20862	6.07456	0.37552
541	0.20862	6.07456	0.37552
542	0.20862	6.07456	0.37552
543	0.20862	6.07456	0.37552
544	0.20862	6.07456	0.37552
545	0.20862	6.07456	0.37552
546	0.20862	6.07456	0.37552
547	0.20862	6.07456	0.37552
548	0.20862	6.07456	0.37552
549	0.20862	6.07456	0.37552
550	0.20862	6.07456	0.37552
551	0.20862	6.07456	0.37552
552	0.20862	6.07456	0.37552
553	0.20862	6.07456	0.37552
554	0.20862	6.07456	0.37552
555	0.20862	6.07456	0.37552
556	0.20862	6.07456	0.37552
557	0.20862	6.07456	0.37552
558	0.20862	6.07456	0.37552
559	0.20862	6.07456	0.37552
560	0.20862	6.07456	0.37552
561	0.20862	6.07456	0.37552
562	0.20862	6.07456	0.37552
563	0.20862	6.07456	0.37552
564	0.20862	6.07456	0.37552
565	0.20862	6.07456	0.37552
566	0.20862	6.07456	0.37552
567	0.20862	6.07456	0.37552
568	0.20862	6.07456	0.37552
569	0.20862	6.07456	0.37552
570	0.20862	6.07456	0.37552
571	0.20862	6.07456	0.37552
572	0.20862	6.07456	0.37552
573	0.20862	6.07456	0.37552
574	0.20862	6.07456	0.37552
575	0.20862	6.07456	0.37552
576	0.20862	6.07456	0.37552
577	0.20862	6.07456	0.37552
578	0.20862	6.07456	0.37552
579	0.20862	6.07456	0.37552
580	0.20862	6.07456	0.37552
581	0.20862	6.07456	0.37552
582	0.20862	6.07456	0.37552
583	0.20862	6.07456	0.37552
584	0.20862	6.07456	0.37552
585	0.20862	6.07456	0.37552
586	0.20862	6.07456	0.37552
587	0.20862	6.07456	0.37552
588	0.20862	6.07456	0.37552
589	0.20862	6.07456	0.37552
590	0.20862	6.07456	0.37552
591	0.20862	6.07456	0.37552
592	0.20862	6.07456	0.37552
593	0.20862	6.07456	0.37552
594	0.20862	6.07456	0.37552
595	0.20862	6.07456	0.37552
596	0.20862	6.07456	0.37552
597	0.20862	6.07456	0.37552
598	0.20862	6.07456	0.37552
599	0.20862	6.07456	0.37552
600	0.20862	6.07456	0.37552
601	0.20862	6.07456	0.37552
602	0.20862	6.07456	0.37552
603	0.20862	6.07456	0.37552
604	0.20862	6.07456	0.37552
605	0.20862	6.07456	0.37552
606	0.20862	6.07456	0.37552
607	0.20862	6.07456	0.37552
608	0.20862	6.07456	0.37552
609	0.20862	6.07456	0.37552
610	0.20862	6.07456	0.37552
611	0.20862	6.07456	0.37552
612	0.20862	6.07456	0.37552
613	0.20862	6.07456	0.37552
614	0.20862	6.07456	0.37552
615	0.20862	6.07456	0.37552
616	0.20862	6.07456	0.37552
617	0.20862	6.07456	0.37552
618	0.20862	6.07456	0.37552
619	0.20862	6.07456	0.37552
620	0.20862	6.07456	0.37552
621	0.20862	6.07456	0.37552
622	0.20862	6.07456	0.37552
623	0.20862	6.07456	0.37552
624	0.20862	6.07456	0.37552
625	0.20862	6.07456	0.37552
626	0.20862	6.07456	0.37552
627	0.20862	6.07456	0.37552
628	0.20862	6.07456	0.37552
629	0.20862	6.07456	0.37552
630	0.20862	6.07456	0.37552
631	0.20862	6.07456	0.37552
632	0.20862	6.07456	0.37552
633	0.20862	6.07456	0.37552
634	0.20862	6.07456	0.37552
635	0.20862	6.07456	0.37552
636	0.20862	6.07456	0.37552
637	0.20862	6.07456	0.37552
638	0.20862	6.07456	0.37552
639	0.20862	6.07456	0.37552
640	0.20862	6.07456	0.37552
641	0.20862	6.07456	0.37552
642	0.20862	6.07456	0.37552
643	0.20862	6.07456	0.37552
644	0.20862	6.07456	0.37552
645	0.20862	6.07456	0.37552
646	0.20862	6.07456	0.37552
647	0.20862	6.07456	0.37552
648	0.20862	6.07456	0.37552
649	0.20862	6.07456	0.37552
650	0.20862	6.07456	0.37552
651	0.20862	6.07456	0.37552
652	0.20862	6.07456	0.37552
653	0.20862	6.07456	0.37552
654	0.20862	6.07456	0.37552
655	0.20862	6.07456	0.37552
656	0.20862	6.07456	0.37552
657	0.20862	6.07456	0.37552
658	0.20862	6.07456	0.37552
659	0.20862	6.07456	0.37552
660	0.20862	6.07456	0.37552
661	0.20862	6.07456	0.37552
662	0.20862	6.07456	0.37552
663	0.20862	6.07456	0.37552
664	0.20862	6.07456	0.37552
665	0.20862	6.07456	0.37552
666	0.20862	6.07456	0.37552
667	0.20862	6.07456	0.37552
668	0.20862	6.07456	0.37552
669	0.20862	6.07456	0.37552
670	0.20862	6.07456	0.37552
671	0.20862	6.07456	0.37552
672	0.20862	6.07456	0.37552
673	0.20862	6.07456	0.37552
674	0.20862	6.07456	0.37552
675	0.20862	6.07456	0.37552
676	0.20862	6.07456	0.37552
677	0.20862	6.07456	0.37552
678	0.20862	6.07456	0.37552
679	0.20862	6.07456	0.37552
680	0.20862	6.07456	0.37552
681	0.20862	6.07456	0.37552
682	0.20862	6.07456	0.37552
683	0.20862	6.07456	0.37552
684	0.20862	6.07456	0.37552
685	0.20862	6.07456	0.37552
686	0.20862	6.07456	0.37552
687	0.20862	6.07456	0.37552
688	0.20862	6.07456	0.37552
689	0.20862	6.07456	0.37552
690	0.20862	6.07456	0.37552
691	0.20862	6.07456	0.37552
692	0.20862	6.07456	0.37552
693	0.20862	6.07456	0.37552
694	0.20862	6.07456	0.37552
695	0.20862	6.07456	0.37552
696	0.20862	6.07456	0.37552
697	0.20862	6.07456	0.37552
698	0.20862	6.07456	0.37552
699	0.20862	6.07456	0.37552
700	0.20862	6.07456	0.37552
701	0.20862	6.07456	0.37552
702	0.20862	6.07456	0.37552
703	0.20862	6.07456	0.37552
704	0.20862	6.07456	0.37552
705	0.20862	6.07456	0.37552
706	0.20862	6.07456	0.37552
707	0.20862	6.07456	0.37552
708	0.20862	6.07456	0.37552
709	0.20862	6.07456	0.37552
710	0.20862	6.07456	0.37552
711	0.20862	6.07456	0.37552
712	0.20862	6.07456	0.37552
713	0.20862	6.07456	0.37552
714	0.20862	6.07456	0.37552
715	0.20862	6.07456	0.37552
716	0.20862	6.07456	0.37552
717	0.20862	6.07456	0.37552
718	0.20862	6.07456	0.37552
719	0.20862	6.07456	0.37552
720	0.20862	6.07456	0.37552
721	0.20862	6.07456	0.37552
722	0.20862	6.07456	0.37552
723	0.20862	6.07456	0.37552
724	0.20862	6.07456	0.37552
725	0.20862	6.07456	0.37552
726	0.20862	6.07456	0.37552
727	0.20862	6.07456	0.37552
728	0.20862	6.07456	0.37552
729	0.20862	6.07456	0.37552
730	0.20862	6.07456	0.37552
731	0.20862	6.07456	0.37552
732	0.20862	6.07456	0.37552
733	0.20862	6.07456	0.37552
734	0.20862	6.07456	0.37552
735	0.20862	6.07456	0.37552
736	0.20862	6.07456	0.37552
737	0.20862	6.07456	0.37552
738	0.20862	6.07456	0.37552
739	0.20862	6.07456	0.37552
740	0.20862	6.07456	0.37552
741	0.20862	6.07456	0.37552
742	0.20862	6.07456	0.37552
743	0.20862	6.07456	0.37552
744	0.20862	6.07456	0.37552
745	0.20862	6.07456	0.37552
746	0.20862	6.07456	0.37552
747	0.20862	6.07456	0.37552
748	0.20862	6.07456	0.37552
749	0.20862	6.07456	0.37552
750	0.20862	6.07456	0.37552
751	0.20862	6.07456	0.37552
752	0.20862	6.07456	0.37552
753	0.20862	6.07456	0.37552
754	0.20862	6.07456	0.37552
755	0.20862	6.07456	0.37552
756	0.20862	6.07456	0.37552
757	0.20862	6.07456	0.37552
758	0.20862	6.07456	0.37552
759	0.20862	6.07456	0.37552
760	0.20862	6.07456	0.37552
761	0.20862	6.07456	0.37552
762	0.20862	6.07456	0.37552
763	0.20862	6.07456	0.37552
764	0.20862	6.07456	0.37552
765	0.20862	6.07456	0.37552
766	0.20862	6.07456	0.37552
767	0.20862	6.07456	0.37552
768	0.20862	6.07456	0.37552
769	0.20862	6.07456	0.37552
770	0.20862	6.07456	0.37552
771	0.20862	6.07456	0.37552
772	0.20862	6.07456	0.37552
773	0.20862	6.07456	0.37552
774	0.20862	6.07456	0.37552
775	0.20862	6.07456	0.37552
776	0.20862	6.07456	0.37552
777	0.20862	6.07456	0.37552
778	0.20862	6.07456	0.37552
779	0.20862	6.07456	0.37552
780	0.20862	6.07456	0.37552
781	0.20862	6.07456	0.37552
782	0.20862	6.07456	0.37552
783	0.20862	6.07456	0.37552
784	0.20862	6.07456	0.37552
785	0.20862	6.07456	0.37552
786	0.20862	6.07456	0.37552
787	0.20862	6.07456	0.37552
788	0.20862	6.07456	0.37552
789	0.20862	6.07456	0.37552
790	0.20862	6.07456	0.37552
791	0.20862	6.07456	0.37552
792	0.20862	6.07456	0.37552
793	0.20862	6.07456	0.37552
794	0.20862	6.07456	0.37552
795	0.20862	6.07456	0.37552
796	0.20862	6.07456	0.37552
797	0.20862	6.07456	0.37552
798	0.20862	6.07456	0.37552
799	0.20862	6.07456	0.37552
800	0.20862	6.07456	0.37552
801	0.20862	6.07456	0.37552
802	0.20862	6.07456	0.37552
803	0.20862	6.07456	0.37552
804	0.20862	6.07456	0.37552
805	0.20862	6.07456	0.37552
806	0.20862	6.07456	0.37552
807	0.20862	6.07456	0.37552
808	0.20862	6.07456	0.37552
809	0.20862	6.07456	0.37552
810	0.20862	6.07456	0.37552
811	0.20862	6.07456	0.37552
812	0.20862	6.07456	0.37552
813	0.20862	6.07456	0.37552
814	0.20862	6.07456	0.37552
815	0.20862	6.07456	0.37552
816	0.20862	6.07456	0.37552
817	0.20862	6.07456	0.37552
818	0.20862	6.07456	0.37552
819	0.20862	6.07456	0.37552
820	0.20862	6.07456	0.37552
821	0.20862	6.07456	0.37552
822	0.20862	6.07456	0.37552
823	0.20862	6.07456	0.37552
824	0.20862	6.07456	0.37552
825	0.20862	6.07456	0.37552
826	0.20862	6.07456	0.37552
827	0.20862	6.07456	0.37552
828	0.20862	6.07456	0.37552
829	0.20862	6.07456	0.37552
830	0.20862	6.07456	0.37552
831	0.20862	6.07456	0.37552
832	0.20862	6.07456	0.37552
833	0.20862	6.07456	0.37552
834	0.20862	6.07456	0.37552
835	0.20862	6.07456	0.37552
836	0.20862	6.07456	0.37552
837	0.20862	6.07456	0.37552
838	0.20862	6.07456	0.37552
839	0.20862	6.07456	0.37552
840	0.20862	6.07456	0.37552
841	0.20862	6.07456	0.37552
842	0.20862	6.07456	0.37552
843	0.20862	6.07456	0.37552
844	0.20862	6.07456	0.37552
845	0.20862	6.07456	0.37552
846	0.20862	6.07456	0.37552
847	0.20862	6.07456	0.37552
848	0.20862	6.07456	0.37552
849	0.20862	6.07456	0.37552
850	0.20862	6.07456	0.37552
851	0.20862	6.07456	0.37552
852	0.20862	6.07456	0.37552
853	0.20862	6.07456	0.37552
854	0.20862	6.07456	0.37552
855	0.20862	6.07456	0.37552
856	0.20862	6.07456	0.37552
857	0.20862	6.07456	0.37552
858	0.20862	6.07456	0.37552
859	0.20862	6.07456	0.37552
860	0.20862	6.07456	0.37552
861	0.20862	6.07456	0.37552
862	0.20862	6.07456	0.37552
863	0.20862	6.07456	0.37552
864	0.20862	6.07456	0.37552
865	0.20862	6.07456	0.37552
866	0.20862	6.07456	0.37552
867	0.20862	6.07456	0.37552
868	0.20862	6.07456	0.37552
869	0.20862	6.07456	0.37552
870	0.20862	6.07456	0.37552
871	0.20862	6.07456	0.37552
872	0.20862	6.07456	0.37552
873	0.20862	6.07456	0.37552
874	0.20862	6.07456	0.37552
875	0.20862	6.07456	0.37552
876	0.20862	6.07456	0.37552
877	0.20862	6.07456	0.37552
878	0.20862	6.07456	0.37552
879	0.20862	6.07456	0.37552
880	0.20862	6.07456	0.37552
881	0.20862	6.07456	0.37552
882	0.20862	6.07456	0.37552
883	0.20862	6.07456	0.37552
884	0.20862	6.07456	0.37552
885	0.20862	6.07456	0.37552
886	0.20862	6.07456	0.37552
887	0.20862	6.07456	0.37552
888	0.20862	6.07456	0.37552
889	0.20862	6.07456	0.37552
890	0.20862	6.07456	0.37552
891	0.20862	6.07456	0.37552
892	0.20862	6.07456	0.37552
893	0.20862	6.07456	0.37552
894	0.20862	6.07456	0.37552
895	0.20862	6.07456	0.37552
896	0.20862	6.07456	0.37552
897	0.20862	6.07456	0.37552
898	0.20862	6.07456	0.37552
899	0.20862	6.07456	0.37552
900	0.20862	6.07456	0.37552
901	0.20862	6.07456	0.37552
902	0.20862	6.07456	0.37552
903	0.20862	6.07456	0.37552
904	0.20862	6.07456	0.37552
905	0.20862	6.07456	0.37552
906	0.20862	6.07456	0.37552
907	0.20862	6.07456	0.37552
908	0.20862	6.07456	0.37552
909	0.20862	6.07456	0.37552
910	0.20862	6.07456	0.37552
911	0.20862	6.07456	0.37552
912	0.20862	6.07456	0.37552
913	0.20862	6.07456	0.37552
914	0.20862	6.07456	0.37552
915	0.20862	6.07456	0.37552
916	0.20862	6.07456	0.37552
917	0.20862	6.07456	0.37552
918	0.20862	6.07456	0.37552
919	0.20862	6.07456	0.37552
920	0.20862	6.07456	0.37552
921	0.20862	6.07456	0.37552
922	0.20862	6.07456	0.37552
923	0.20862	6.07456	0.37552
924	0.20862	6.07456	0.37552
925	0.20862	6.07456	0.37552
926	0.20862	6.07456	0.37552
927	0.20862	6.07456	0.37552
928	0.20862	6.07456	0.37552
929	0.20862	6.07456	0.37552
930	0.20862	6.07456	0.37552
931	0.20862	6.07456	0.37552
932	0.20862	6.07456	0.37552
933	0.20862	6.07456	0.37552
934	0.20862	6.07456	0.37552
935	0.20862	6.07456	0.37552
936	0.20862	6.07456	0.37552
937	0.20862	6.07456	0.37552
938	0.20862	6.07456	0.37552
939	0.20862	6.07456	0.37552
940	0.20862	6.07456	0.37552
941	0.20862	6.07456	0.37552
942	0.20862	6.07456	0.37552
943	0.20862	6.07456	0.37552
944	0.20862	6.07456	0.37552
945	0.20862	6.07456	0.37552
946	0.20862	6.07456	0.37552
947	0.20862	6.07456	0.37552
948	0.20862	6.07456	0.37552
949	0.20862	6.07456	0.37552
950	0.20862	6.07456	0.37552
951	0.20862	6.07456	0.37552
952	0.20862	6.07456	0.37552
953	0.20862	6.07456	0.37552
954	0.20862	6.07456	0.37552
955	0.20862	6.07456	0.37552
956	0.20862	6.07456	0.37552
957	0.20862	6.07456	0.37552
958	0.20862	6.07456	0.37552
959	0.20862	6.07456	0.37552
960	0.20862	6.07456	0.37552
961	0.20862	6.07456	0.37552
962	0.20862	6.07456	0.37552
963	0.20862	6.07456	0.37552
964	0.20862	6.07456	0.37552
965	0.20862	6.07456	0.37552
966	0.20862	6.07456	0.37552
967	0.20862	6.07456	0.37552
968	0.20862	6.07456	0.37552
969	0.20862	6.07456	0.37552
970	0.20862	6.07456	0.37552
971	0.20862	6.07456	0.37552
972	0.20862	6.07456	0.37552
973	0.20862	6.07456	0.37552
974	0.20862	6.07456	0.37552
975	0.20862	6.07456	0.37552
976	0.20862	6.07456	0.37552
977	0.20862	6.07456	0.37552
978	0.20862	6.07456	0.37552
979	0.20862	6.07456	0.37552
980	0.20862	6.07456	0.37552
981	0.20862	6.07456	0.37552
982	0.20862	6.07456	0.37552
983	0.20862	6.07456	0.37552
984	0.20862	6.07456	0.37552
985	0.20862	6.07456	0.37552
986	0.20862	6.07456	0.37552
987	0.20862	6.07456	0.37552
988	0.20862	6.07456	0.37552
989	0.20862	6.07456	0.37552
990	0.20862	6.07456	0.37552
991	0.20862	6.07456	0.37552
992	0.20862	6.07456	0.37552
993	0.20862	6.07456	0.37552
994	0.20862	6.07456	0.37552
995	0.20862	6.07456	0.37552
996	0.20862	6.07456	0.37552
997	0.20862	6.07456	0.37552
998	0.20862	6.07456	0.37552
999	0.20862	6.07456	0.37552
1000	0.20862	6.07456	0.37552
1001	0.20862	6.07456	0.37552
1002	0.20862	6.07456	0.37552
1003	0.20862	6.07456	0.37552
1004	0.20862	6.07456	0.37552
1005	0.20862	6.07456	0.37552
1006	0.20862	6.07456	0.37552
1007	0.20862	6.07456	0.37552
1008	0.20862	6.07456	0.37552
1009	0.20862	6.07456	0.37552
1010	0.20862	6.07456	0.37552
1011	0.20862	6.07456	0.37552
1012	0.20862	6.07456	0.37552
1013	0.20862	6.07456	0.37552
1014	0.20862	6.07456	0.37552
1015	0.20862	6.07456	0.37552
1016	0.20862	6.07456	0.37552
1017	0.20862	6.07456	0.37552
1018	0.20862	6.07456	0.37552
1019	0.20862	6.07456	0.37552
1020	0.20862	6.07456	0.37552
1021	0.20862	6.07456	0.37552
1022	0.20862	6.07456	0.37552
1023	0.20862	6.07456	0.37552
1024	0.20862	6.07456	0.37552
1025	0.20862	6.07456	0.37552
1026	0.20862	6.07456	0.37552
1027	0.20862	6.07456	0.37552
1028	0.20862	6.07456	0.37552
1029	0.20862	6.07456	0.37552
1030	0.20862	6.07456	0.37552
1031	0.20862	6.07456	0.37552
1032	0.20862	6.07456	0.37552
1033	0.20862	6.07456	0.37552
1034	0.20862	6.07456	0.37552
1035	0.20862	6.07456	0.37552
1036	0.20862	6.07456	0.37552
1037	0.20862	6.07456	0.37552
1038	0.20862	6.07456	0.37552
1039	0.20862	6.07456	0.37552
1040	0.20862	6.07456	0.37552
1041	0.20862	6.07456	0.37552
1042	0.20862	6.07456	0.37552
1043	0.20862	6.07456	0.37552
1044	0.20862	6.07456	0.37552
1045	0.20862	6.07456	0.37552
1046	0.20862	6.07456	0.37552
1047	0.20862	6.07456	0.37552
1048	0.20862	6.07456	0.37552
1049	0.20862	6.07456	0.37552
1050	0.20862	6.07456	0.37552
1051	0.20862	6.07456	0.37552
1052	0.20862	6.07456	0.37552
1053	0.20862	6.07456	0.37552
1054	0.20862	6.07456	0.37552
1055	0.20862	6.07456	0.37552
1056	0.20862	6.07456	0.37552
1057	0.20862	6.07456	0.37552
1058	0.20862	6.07456	0.37552
1059	0.20862	6.07456	0.37552
1060	0.20862	6.07456	0.37552
1061	0.20862	6.07456	0.37552
1062	0.20862	6.07456	0.37552
1063	0.20862	6.07456	0.37552
1064	0.20862	6.07456	0.37552
1065	0.20862	6.07456	0.37552
1066	0.20862	6.07456	0.37552
1067	0.20862	6.07456	0.37552
1068	0.20862	6.07456	0.37552
1069	0.20862	6.07456	0.37552
1070	0.20862	6.07456	0.37552
1071	0.20862	6.07456	0.37552
1072	0.20862	6.07456	0.37552
1073	0.20862	6.07456	0.37552
1074	0.20862	6.07456	0.37552
1075	0.20862	6.07456	0.37552
1076	0.20862	6.07456	0.37552
1077	0.20862	6.07456	0.37552
1078	0.20862	6.07456	0.37552
1079	0.20862	6.07456	0.37552
1080	0.20862	6.07456	0.37552
1081	0.20862	6.07456	0.37552
1082	0.20862	6.07456	0.37552
1083	0.20862	6.07456	0.37552
1084	0.20862	6.07456	0.37552
1085	0.20862	6.07456	0.37552
1086	0.20862	6.07456	0.37552
1087	0.20862	6.07456	0.37552
1088	0.20862	6.07456	0.37552
1089	0.20862	6.07456	0.37552
1090	0.20862	6.07456	0.37552
1091	0.20862	6.07456	0.37552
1092	0.20862	6.07456	0.37552
1093	0.20862	6.07456	0.37552
1094	0.20862	6.07456	0.37552
1095	0.20862	6.07456	0.37552
1096	0.20862	6.07456	0.37552
1097	0.20862	6.07456	0.37552
1098	0.20862	6.07456	0.37552
1099	0.20862	6.07456	0.37552
1100	0.20862	6.07456	0.37552
1101	0.20862	6.07456	0.37552
1102	0.20862	6.07456	0.37552
1103	0.20862	6.07456	0.37552
1104	0.20862	6.07456	0.37552
1105	0.20862	6.07456	0.37552
1106	0.20862	6.07456	0.37552
1107	0.20862	6.07456	0.37552
1108	0.20862	6.07456	0.37552
1109	0.20862	6.07456	0.37552
1110	0.20862	6.07456	0.37552
1111	0.20862	6.07456	0.37552
1112	0.20862	6.07456	0.37552
1113	0.20862	6.07456	0.37552
1114	0.20862	6.07456	0.37552
1115	0.20862	6.07456	0.37552
1116	0.20862	6.07456	0.37552
1117	0.20862	6.07456	0.37552
1118	0.20862	6.07456	0.37552
1119	0.20862	6.07456	0.37552
1120	0.20862	6.07456	0.37552
1121	0.20862	6.07456	0.37552
1122	0.20862	6.07456	0.37552
1123	0.20862	6.07456	0.37552
1124	0.20862	6.07456	0.37552
1125	0.20862	6.07456	0.37552
1126	0.20862	6.07456	0.37552
1127	0.20862	6.07456	0.37552
1128	0.20862	6.07456	0.37552
1129	0.20862	6.07456	0.37552
1130	0.20862	6.07456	0.37552
1131	0.20862	6.07456	0.37552
1132	0.20862	6.07456	0.37552
1133	0.20862	6.07456	0.37552
1134	0.20862	6.07456	0.37552
1135	0.20862	6.07456	0.37552
1136	0.20862	6.07456	0.37552
1137	0.20862	6.07456	0.37552
1138	0.20862	6.07456	0.37552
1139	0.20862	6.07456	0.37552
1140	0.20862	6.07456	0.37552
1141	0.20862	6.07456	0.37552
1142	0.20862	6.07456	0.37552
1143	0.20862	6.07456	0.37552
1144	0.20862	6.07456	0.37552
1145	0.20862	6.07456	0.37552
1146	0.20862	6.07456	0.37552
1147	0.20862	6.07456	0.37552
1148	0.20862	6.07456	0.37552
1149	0.20862	6.07456	0.37552
1150	0.20862	6.07456	0.37552
1151	0.20862	6.07456	0.37552
1152	0.20862	6.07456	0.37552
1153	0.20862	6.07456	0.37552
1154	0.20862	6.07456	0.37552
1155	0.20862	6.07456	0.37552
1156	0.20862	6.07456	0.37552
1157	0.20862	6.07456	0.37552
1158	0.20862	6.07456	0.37552
1159	0.20862	6.07456	0.37552
1160	0.20862	6.07456	0.37552
1161	0.20862	6.07456	0.37552
1162	0.20862	6.07456	0.37552
1163	0.20862	6.07456	0.37552
1164	0.20862	6.07456	0.37552
1165	0.20862	6.07456	0.37552
1166	0.20862	6.07456	0.37552
1167	0.20862	6.07456	0.37552
1168	0.20862	6.07456	0.37552
1169	0.20862	6.07456	0.37552
1170	0.20862	6.07456	0.37552
1171	0.20862	6.07456	0.37552
1172	0.20862	6.07456	0.37552
1173	0.20862	6.07456	0.37552
1174	0.20862	6.07456	0.37552
1175	0.20862	6.07456	0.37552
1176	0.20862	6.07456	0.37552
1177	0.20862	6.07456	0.37552
1178	0.20862	6.07456	0.37552
1179	0.20862	6.07456	0.37552
1180	0.20862	6.07456	0.37552
1181	0.20862	6.07456	0.37552
1182	0.20862	6.07456	0.37552
1183	0.20862	6.07456	0.37552
1184	0.20862	6.07456	0.37552
1185	0.20862	6.07456	0.37552
1186	0.20862	6.07456	0.37552
1187	0.20862	6.07456	0.37552
1188	0.20862	6.07456	0.37552
1189	0.20862	6.07456	0.37552
1190	0.20862	6.07456	0.37552
1191	0.20862	6.07456	0.37552
1192	0.20862	6.07456	0.37552
1193	0.20862	6.07456	0.37552
1194	0.20862	6.07456	0.37552
1195	0.20862	6.07456	0.37552
1196	0.20862	6.07456	0.37552
1197	0.20862	6.07456	0.37552
1198	0.20862	6.07456	0.37552
1199	0.20862	6.07456	0.37552
1200	0.20862	6.07456	0.37552
1201	0.20862	6.07456	0.37552
1202	0.20862	6.07456	0.37552
1203	0.20862	6.07456	0.37552
1204	0.20862	6.07456	0.37552
1205	0.20862	6.07456	0.37552
1206	0.20862	6.07456	0.37552
1207	0.20862	6.07456	0.37552
1208	0.20862	6.07456	0.37552
1209	0.20862	6.07456	0.37552
1210	0.20862	6.07456	0.37552
1211	0.20862	6.07456	0.37552
1212	0.20862	6.07456	0.37552
1213	0.20862	6.07456	0.37552
1214	0.20862	6.07456	0.37552
1215	0.20862	6.07456	0.37552
1216	0.20862	6.07456	0.37552
1217	0.20862	6.07456	0.37552
1218	0.20862	6.07456	0.37552
1219	0.20862	6.07456	0.37552
1220	0.20862	6.07456	0.37552
1221	0.20862	6.07456	0.37552
1222	0.20862	6.07456	0.37552
1223	0.20862	6.07456	0.37552
1224	0.20862	6.07456	0.37552
1225	0.20862	6.07456	0.37552
1226	0.20862	6.07456	0.37552
1227	0.20862	6.07456	0.37552
1228	0.20862	6.07456	0.37552
1229	0.20862	6.07456	0.37552
1230	0.20862	6.07456	0.37552
1231	0.20862	6.07456	0.37552
1232	0.20862	6.07456	0.37552
1233	0.20862	6.07456	0.37552
1234	0.20862	6.07456	0.37552
1235	0.20862	6.07456	0.37552
1236	0.20862	6.07456	0.37552
1237	0.20862	6.07456	0.37552
1238	0.20862	6.07456	0.37552
1239	0.20862	6.07456	0.37552
1240	0.20862	6.07456	0.37552
1241	0.20862	6.07456	0.37552
1242	0.20862	6.07456	0.37552
1243	0.20862	6.07456	0.37552
1244	0.20862	6.07456	0.37552
1245	0.20862	6.07456	0.37552
1246	0.20862	6.07456	0.37552
1247	0.20862	6.07456	0.37552
1248	0.20862	6.07456	0.37552
1249	0.20862	6.07456	0.37552
1250	0.20862	6.07456	0.37552
1251	0.20862	6.07456	0.37552
1252	0.20862	6.07456	0.37552
1253	0.20862	6.07456	0.37552
1254	0.20862	6.07456	0.37552
1255	0.20862	6.07456	0.37552
1256	0.20862	6.07456	0.37552
1257	0.20862	6.07456	0.37552
1258	0.20862	6.07456	0.37552
1259	0.20862	6.07456	0.37552
1260	0.20862	6.07456	0.37552
1261	0.20862	6.07456	0.37552
1262	0.20862	6.07456	0.37552
1263	0.20862	6.07456	0.37552
1264	0.20862	6.07456	0.37552
1265	0.20862	6.07456	0.37552
1266	0.20862	6.07456	0.37552
1267	0.20862	6.07456	0.37552
1268	0.20862	6.07456	0.37552
1269	0.20862	6.07456	0.37552
1270	0.20862	6.07456	0.37552
1271	0.20862	6.07456	0.37552
1272	0.20862	6.07456	0.37552
1273	0.20862	6.07456	0.37552
1274	0.20862	6.07456	0.37552
1275	0.20862	6.07456	0.37552
1276	0.20862	6.07456	0.37552
1277	0.20862	6.07456	0.37552
1278	0.20862	6.07456	0.37552
1279	0.20862	6.07456	0.37552
1280	0.20862	6.07456	0.37552
1281	0.20862	6.07456	0.37552
1282	0.20862	6.07456	0.37552
1283	0.20862	6.07456	0.37552
1284	0.20862	6.07456	0.37552
1285	0.20862	6.07456	0.37552
1286	0.20862	6.07456	0.37552
1287	0.20862	6.07456	0.37552
1288	0.20862	6.07456	0.37552
1289	0.20862	6.07456	0.37552
1290	0.20862	6.07456	0.37552
1291	0.20862	6.07456	0.37552
1292	0.20862	6.07456	0.37552
1293	0.20862	6.07456	0.37552
1294	0.20862	6.07456	0.37552
1295	0.20862	6.07456	0.37552
1296	0.20862	6.07456	0.37552
1297	0.20862	6.07456	0.37552
1298	0.20862	6.07456	0.37552
1299	0.20862	6.07456	0.37552
1300	0.20862	6.07456	0.37552
1301	0.20862	6.07456	0.37552
1302	0.20862	6.07456	0.37552
1303	0.20862	6.07456	0.37552
1304	0.20862	6.07456	0.37552
1305	0.20862	6.07456	0.37552
1306	0.20862	6.07456	0.37552
1307	0.20862	6.07456	0.37552
1308	0.20862	6.07456	0.37552
1309	0.20862	6.07456	0.37552
1310	0.20862	6.07456	0.37552
1311	0.20862	6.07456	0.37552
1312	0.20862	6.07456	0.37552
1313	0.20862	6.07456	0.37552
1314	0.20862	6.07456	0.37552
1315	0.20862	6.07456	0.37552
1316	0.20862	6.07456	0.37552
1317	0.20862	6.07456	0.37552
1318	0.20862	6.07456	0.37552
1319	0.20862	6.07456	0.37552
1320	0.20862	6.07456	0.37552
1321	0.20862	6.07456	0.37552
1322	0.20862	6.07456	0.37552
1323	0.20862	6.07456	0.37552
1324	0.20862	6.07456	0.37552
1325	0.20862	6.07456	0.37552
1326	0.20862	6.07456	0.37552
1327	0.20862	6.07456	0.37552
1328	0.20862	6.07456	0.37552
1329	0.20862	6.07456	0.37552
1330	0.20862	6.07456	0.37552
1331	0.20862	6.07456	0.37552
1332	0.20862	6.07456	0.37552
1333	0.20862	6.07456	0.37552
1334	0.20862	6.07456	0.37552
1335	0.20862	6.07456	0.37552
1336	0.20862	6.07456	0.37552
1337	0.20862	6.07456	0.37552
1338	0.20862	6.07456	0.37552
1339	0.20862	6.07456	0.37552
1340	0.20862	6.07456	0.37552
1341	0.20862	6.07456	0.37552
1342	0.20862	6.07456	0.37552
1343	0.20862	6.07456	0.37552
1344	0.20862	6.07456	0.37552
1345	0.20862	6.07456	0.37552
1346	0.20862	6.07456	0.37552
1347	0.20862	6.07456	0.37552
1348	0.20862	6.07456	0.37552
1349	0.20862	6.07456	0.37552
1350	0.20862	6.07456	0.37552
1351	0.20862	6.07456	0.37552
1352	0.20862	6.07456	0.37552
1353	0.20862	6.07456	0.37552
1354	0.20862	6.07456	0.37552
1355	0.20862	6.07456	0.37552
1356	0.20862	6.07456	0.37552
1357	0.20862	6.07456	0.37552
1358	0.20862	6.07456	0.37552
1359	0.20862	6.07456	0.37552
1360	0.20862	6.07456	0.37552
1361	0.20862	6.07456	0.37552
1362	0.20862	6.07456	0.37552
1363	0.20862	6.07456	0.37552
1364	0.20862	6.07456	0.37552
1365	0.20862	6.07456	0.37552
1366	0.20862	6.07456	0.37552
1367	0.20862	6.07456	0.37552
1368	0.20862	6.07456	0.37552
1369	0.20862	6.07456	0.37552
1370	0.20862	6.07456	0.37552
1371	0.20862	6.07456	0.37552
1372	0.20862	6.07456	0.37552
1373	0.20862	6.07456	0.37552
1374	0.20862	6.07456	0.37552
1375	0.20862	6.07456	0.37552
1376	0.20862	6.07456	0.37552
1377	0.20862	6.07456	0.37552
1378	0.20862	6.07456	0.37552
1379	0.20862	6.07456	0.37552
1380	0.20862	6.07456	0.37552
1381	0.20862	6.07456	0.37552
1382	0.20862	6.07456	0.37552
1383	0.20862	6.07456	0.37552
1384	0.20862	6.07456	0.37552
1385	0.20862	6.07456	0.37552
1386	0.20862	6.07456	0.37552
1387	0.20862	6.07456	0.37552
1388	0.20862	6.07456	0.37552
1389	0.20862	6.07456	0.37552
1390	0.20862	6.07456	0.37552
1391	0.20862	6.07456	0.37552
1392	0.20862	6.07456	0.37552
1393	0.20862	6.07456	0.37552
1394	0.20862	6.07456	0.37552
1395	0.20862	6.07456	0.37552
1396	0.20862	6.07456	0.37552
1397	0.20862	6.07456	0.37552
1398	0.20862	6.07456	0.37552
1399	0.20862	6.07456	0.37552
1400	0.20862	6.07456	0.37552
1401	0.20862	6.07456	0.37552
1402	0.20862	6.07456	0.37552
1403	0.20862	6.07456	0.37552
1404	0.20862	6.07456	0.37552
1405	0.20862	6.07456	0.37552
1406	0.20862	6.07456	0.37552
1407	0.20862	6.07456	0.37552
1408	0.20862	6.07456	0.37552
1409	0.20862	6.07456	0.37552
1410	0.20862	6.07456	0.37552
1411	0.20862	6.07456	0.37552
1412	0.20862	6.07456	0.37552
1413	0.20862	6.07456	0.37552
1414	0.20862	6.07456	0.37552
1415	0.20862	6.07456	0.37552
1416	0.20862	6.07456	0.37552
1417	0.20862	6.07456	0.37552
1418	0.20862	6.07456	0.37552
1419	0.20862	6.07456	0.37552
1420	0.20862	6.07456	0.37552
1421	0.20862	6.07456	0.37552
1422	0.20862	6.07456	0.37552
1423	0.20862	6.07456	0.37552
1424	0.20862	6.07456	0.37552
1425	0.20862	6.07456	0.37552
1426	0.20862	6.07456	0.37552
1427	0.20862	6.07456	0.37552
1428	0.20862	6.07456	0.37552
1429	0.20862	6.07456	0.37552
1430	0.20862	6.07456	0.37552
1431	0.20862	6.07456	0.37552
1432	0.20862	6.07456	0.37552
1433	0.20862	6.07456	0.37552
1434	0.20862	6.07456	0.37552
1435	0.20862	6.07456	0.37552
1436	0.20862	6.07456	0.37552
1437	0.20862	6.07456	0.37552
1438	0.20862	6.07456	0.37552
1439	0.20862	6.07456	0.37552
1440	0.20862	6.07456	0.37552
1441	0.20862	6.07456	0.37552
1442	0.20862	6.07456	0.37552
1443	0.20862	6.07456	0.37552
1444	0.20862	6.07456	0.37552
1445	0.20862	6.07456	0.37552
1446	0.20862	6.07456	0.37552
1447	0.20862	6.07456	0.37552
1448	0.20862	6.07456	0.37552
1449	0.20862	6.07456	0.37552
1450	0.20862	6.07456	0.37552
1451	0.20862	6.07456	0.37552
1452	0.20862	6.07456	0.37552
1453	0.20862	6.07456	0.37552
1454	0.20862	6.07456	0.37552
1455	0.20862	6.07456	0.37552
1456	0.20862	6.07456	0.37552
1457	0.20862	6.07456	0.37552
1458	0.20862	6.07456	0.37552
1459	0.20862	6.07456	0.37552
1460	0.20862	6.07456	0.37552
1461	0.20862	6.07456	0.37552
1462	0.20862	6.07456	0.37552
1463	0.20862	6.07456	0.37552
1464	0.20862	6.07456	0.37552
1465	0.20862	6.07456	0.37552
1466	0.20862	6.07456	0.37552
1467	0.20862	6.07456	0.37552
1468	0.20862	6.07456	0.37552
1469	0.20862	6.07456	0.37552
1470	0.20862	6.07456	0.37552
1471	0.20862	6.07456	0.37552
1472	0.20862	6.07456	0.37552
1473	0.20862	6.07456	0.37552
1474	0.20862	6.07456	0.37552
1475	0.20862	6.07456	0.37552
1476	0.20862	6.07456	0.37552
1477	0.20862	6.07456	0.37552
1478	0.20862	6.07456	0.37552
1479	0.20862	6.07456	0.37552
1480	0.20862	6.07456	0.37552
1481	0.20862	6.07456	0.37552
1482	0.20862	6.07456	0.37552
1483	0.20862	6.07456	0.37552
1484	0.20862	6.07456	0.37552
1485	0.20862	6.07456	0.37552
1486	0.20862	6.07456	0.37552
1487	0.20862	6.07456	0.37552
1488	0.20862	6.07456	0.37552
1489	0.20862	6.07456	0.37552
1490	0.20862	6.07456	0.37552
1491	0.20862	6.07456	0.37552
1492	0.20862	6.07456	0.37552
1493	0.20862	6.07456	0.37552
1494	0.20862	6.07456	0.37552
1495	0.20862	6.07456	0.37552
1496	0.20862	6.07456	0.37552
1497	0.20862	6.07456	0.37552
1498	0.20862	6.07456	0.37552
1499	0.20862	6.07456	0.37552
1500	0.20862	6.07456	0.37552
1501	0.20862	6.07456	0.37552
1502	0.20862	6.07456	0.37552
1503	0.20862	6.07456	0.37552
1504	0.20862	6.07456	0.37552
1505	0.20862	6.07456	0.37552
1506	0.20862	6.07456	0.37552
1507	0.20862	6.07456	0.37552
1508	0.20862	6.07456	0.37552
1509	0.20862	6.07456	0.37552
1510	0.20862	6.07456	0.37552
1511	0.20862	6.07456	0.37552
1512	0.20862	6.07456	0.37552
1513	0.20862	6.07456	0.37552
1514	0.20862	6.07456	0.37552
1515	0.20862	6.07456	0.37552
1516	0.20862	6.07456	0.37552
1517	0.20862	6.07456	0.37552
1518	0.20862	6.07456	0.37552
1519	0.20862	6.07456	0.37552
1520	0.20862	6.07456	0.37552
1521	0.20862	6.07456	0.37552
1522	0.20862	6.07456	0.37552
1523	0.20862	6.07456	0.37552
1524	0.20862	6.07456	0.37552
1525	0.20862	6.07456	0.37552
1526	0.20862	6.07456	0.37552
1527	0.20862	6.07456	0.37552
1528	0.20862	6.07456	0.37552
1529	0.20862	6.07456	0.37552
1530	0.20862	6.07456	0.37552
1531	0.20862	6.07456	0.37552
1532	0.20862	6.07456	0.37552
1533	0.20862	6.07456	0.37552
1534	0.20862	6.07456	0.37552
1535	0.20862	6.07456	0.37552
1536	0.20862	6.07456	0.37552
1537	0.20862	6.07456	0.37552
1538	0.20862	6.07456	0.37552
1539	0.20862	6.07456	0.37552
1540	0.20862	6.07456	0.37552
1541	0.20862	6.07456	0.37552
1542	0.20862	6.07456	0.37552
1543	0.20862	6.07456	0.37552
1544	0.20862	6.07456	0.37552
1545	0.20862	6.07456	0.37552
1546	0.20862	6.07456	0.37552
1547	0.20862	6.07456	0.37552
1548	0.20862	6.07456	0.37552
1549	0.20862	6.07456	0.37552
1550	0.20862	6.07456	0.37552
1551	0.20862	6.07456	0.37552
1552	0.20862	6.07456	0.37552
1553	0.20862	6.07456	0.37552
1554	0.20862	6.07456	0.37552
1555	0.20862	6.07456	0.37552
1556	0.20862	6.07456	0.37552
1557	0.20862	6.07456	0.37552
1558	0.20862	6.07456	0.37552
1559	0.20862	6.07456	0.37552
1560	0.20862	6.07456	0.37552
1561	0.20862	6.07456	0.37552
1562	0.20862	6.07456	0.37552
1563	0.20862	6.07456	0.37552
1564	0.20862	6.07456	0.37552
1565	0.20862	6.07456	0.37552
1566	0.20862	6.07456	0.37552
1567	0.20862	6.07456	0.37552
1568	0.20862	6.07456	0.37552
1569	0.20862	6.07456	0.37552
1570	0.20862	6.07456	0.37552
1571	0.20862	6.07456	0.37552
1572	0.20862	6.07456	0.37552
1573	0.20862	6.07456	0.37552
1574	0.20862	6.07456	0.37552
1575	0.20862	6.07456	0.37552
1576	0.20862	6.07456	0.37552
1577	0.20862	6.07456	0.37552
1578	0.20862	6.07456	0.37552
1579	0.20862	6.07456	0.37552
1580	0.20862	6.07456	0.37552
1581	0.20862	6.07456	0.37552
1582	0.20862	6.07456	0.37552
1583	0.20862	6.07456	0.37552
1584	0.20862	6.07456	0.37552
1585	0.20862	6.07456	0.37552
1586	0.20862	6.07456	0.37552
1587	0.20862	6.07456	0.37552
1588	0.20862	6.07456	0.37552
1589	0.20862	6.07456	0.37552
1590	0.20862	6.07456	0.37552
1591	0.20862	6.07456	0.37552
1592	0.20862	6.07456	0.37552
1593	0.20862	6.07456	0.37552
1594	0.20862	6.07456	0.37552
1595	0.20862	6.07456	0.37552
1596	0.20862	6.07456	0.37552
1597	0.20862	6.07456	0.37552
1598	0.20862	6.07456	0.37552
1599	0.20862	6.07456	0.37552
1600	0.20862	6.07456	0.37552
1601	0.20862	6.07456	0.37552
1602	0.20862	6.07456	0.37552
1603	0.20862	6.07456	0.37552
1604	0.20862	6.07456	0.37552
1605	0.20862	6.07456	0.37552
1606	0.20862	6.07456	0.37552
1607	0.20862	6.07456	0.37552
1608	0.20862	6.07456	0.37552
1609	0.20862	6.07456	0.37552
1610	0.20862	6.07456	0.37552
1611	0.20862	6.07456	0.37552
1612	0.20862	6.07456	0.37552
1613	0.20862	6.07456	0.37552
1614	0.20862	6.07456	0.37552
1615	0.20862	6.07456	0.37552
1616	0.20862	6.07456	0.37552
1617	0.20862	6.07456	0.37552
1618	0.20862	6.07456	0.37552
1619	0.20862	6.07456	0.37552
1620	0.20862	6.07456	0.37552
1621	0.20862	6.07456	0.37552
1622	0.20862	6.07456	0.37552
1623	0.20862	6.07456	0.37552
1624	0.20862	6.07456	0.37552
1625	0.20862	6.07456	0.37552
1626	0.20862	6.07456	0.37552
1627	0.20862	6.07456	0.37552
1628	0.20862	6.07456	0.37552
1629	0.20862	6.07456	0.37552
1630	0.20862	6.07456	0.37552
1631	0.20862	6.07456	0.37552
1632	0.20862	6.07456	0.37552
1633	0.20862	6.07456	0.37552
1634	0.20862	6.07456	0.37552
1635	0.20862	6.07456	0.37552
1636	0.20862	6.07456	0.37552
1637	0.20862	6.07456	0.37552
1638	0.20862	6.07456	0.37552
1639	0.20862	6.07456	0.37552
1640	0.20862	6.07456	0.37552
1641	0.20862	6.07456	0.37552
1642	0.20862	6.07456	0.37552
1643	0.20862	6.07456	0.37552
1644	0.20862	6.07456	0.37552
1645	0.20862	6.07456	0.37552
1646	0.20862	6.07456	0.37552
1647	0.20862	6.07456	0.37552
1648	0.20862	6.07456	0.37552
1649	0.20862	6.07456	0.37552
1650	0.20862	6.07456	0.37552
1651	0.20862	6.07456	0.37552
1652	0.20862	6.07456	0.37552
1653	0.20862	6.07456	0.37552
1654	0.20862	6.07456	0.37552
1655	0.20862	6.07456	0.37552
1656	0.20862	6.07456	0.37552
1657	0.20862	6.07456	0.37552
1658	0.20862	6.07456	0.37552
1659	0.20862	6.07456	0.37552
1660	0.20862	6.07456	0.37552
1661	0.20862	6.07456	0.37552
1662	0.20862	6.07456	0.37552
1663	0.20862	6.07456	0.37552
1664	0.20862	6.07456	0.37552
1665	0.20862	6.07456	0.37552
1666	0.20862	6.07456	0.37552
1667	0.20862	6.07456	0.37552
1668	0.20862	6.07456	0.37552
1669	0.20862	6.07456	0.37552
1670	0.20862	6.07456	0.37552
1671	0.20862	6.07456	0.37552
1672	0.20862	6.07456	0.37552
1673	0.20862	6.07456	0.37552
1674	0.20862	6.07456	0.37552
1675	0.20862	6.07456	0.37552
1676	0.20862	6.07456	0.37552
1677	0.20862	6.07456	0.37552
1678	0.20862	6.07456	0.37552
1679	0.20862	6.07456	0.37552
1680	0.20862	6.07456	0.37552
1681	0.20862	6.07456	0.37552
1682	0.20862	6.07456	0.37552
1683	0.20862	6.07456	0.37552
1684	0.20862	6.07456	0.37552
1685	0.20862	6.07456	0.37552
1686	0.20862	6.07456	0.37552
1687	0.20862	6.07456	0.37552
1688	0.20862	6.07456	0.37552
1689	0.20862	6.07456	0.37552
1690	0.20862	6.07456	0.37552
1691	0.20862	6.07456	0.37552
1692	0.20862	6.07456	0.37552
1693	0.20862	6.07456	0.37552
1694	0.20862	6.07456	0.37552
1695	0.20862	6.07456	0.37552
1696	0.20862	6.07456	0.37552
1697	0.20862	6.07456	0.37552
1698	0.20862	6.07456	0.37552
1699	0.20862	6.07456	0.37552
1700	0.20862	6.07456	0.37552
1701	0.20862	6.07456	0.37552
1702	0.20862	6.07456	0.37552
1703	0.20862	6.07456	0.37552
1704	0.20862	6.07456	0.37552
1705	0.20862	6.07456	0.37552
1706	0.20862	6.07456	0.37552
1707	0.20862	6.07456	0.37552
1708	0.20862	6.07456	0.37552
1709	0.20862	6.07456	0.37552
1710	0.20862	6.07456	0.37552
1711	0.20862	6.07456	0.37552
1712	0.20862	6.07456	0.37552
1713	0.20862	6.07456	0.37552
1714	0.20862	6.07456	0.37552
1715	0.20862	6.07456	0.37552
1716	0.20862	6.07456	0.37552
1717	0.20862	6.07456	0.37552
1718	0.20862	6.07456	0.37552
1719	0.20862	6.07456	0.37552
1720	0.20862	6.07456	0.37552
1721	0.20862	6.07456	0.37552
1722	0.20862	6.07456	0.37552
1723	0.20862	6.07456	0.37552
1724	0.20862	6.07456	0.37552
1725	0.20862	6.07456	0.37552
1726	0.20862	6.07456	0.37552
1727	0.20862	6.07456	0.37552
1728	0.20862	6.07456	0.37552
1729	0.20862	6.07456	0.37552
1730	0.20862	6.07456	0.37552
1731	0.20862	6.07456	0.37552
1732	0.20862	6.07456	0.37552
1733	0.20862	6.07456	0.37552
1734	0.20862	6.07456	0.37552
1735	0.20862	6.07456	0.37552
1736	0.20862	6.07456	0.37552
1737	0.20862	6.07456	0.37552
1738	0.20862	6.07456	0.37552
1739	0.20862	6.07456	0.37552
1740	0.20862	6.07456	0.37552
1741	0.20862	6.07456	0.37552
1742	0.20862	6.07456	0.37552
1743	0.20862	6.07456	0.37552
1744	0.20862	6.07456	0.37552
1745	0.20862	6.07456	0.37552
1746	0.20862	6.07456	0.37552
1747	0.20862	6.07456	0.37552
1748	0.20862	6.07456	0.37552
1749	0.20862	6.07456	0.37552
1750	0.20862	6.07456	0.37552
1751	0.20862	6.07456	0.37552
1752	0.20862	6.07456	0.37552
1753	0.20862	6.07456	0.37552
1754	0.20862	6.07456	0.37552
1755	0.20862	6.07456	0.37552
1756	0.20862	6.07456	0.37552
1757	0.20862	6.07456	0.37552
1758	0.20862	6.07456	0.37552
1759	0.20862	6.07456	0.37552
1760	0.20862	6.07456	0.37552
1761	0.20862	6.07456	0.37552
1762	0.20862	6.07456	0.37552
1763	0.20862	6.07456	0.37552
1764	0.20862	6.07456	0.37552
1765	0.20862	6.07456	0.37552
1766	0.20862	6.07456	0.37552
1767	0.20862	6.07456	0.37552
1768	0.20862	6.07456	0.37552
1769	0.20862	6.07456	0.37552
1770	0.20862	6.07456	0.37552
1771	0.20862	6.07456	0.37552
1772	0.20862	6.07456	0.37552
1773	0.20862	6.07456	0.37552
1774	0.20862	6.07456	0.37552
1775	0.20862	6.07456	0.37552
1776	0.20862	6.07456	0.37552
1777	0.20862	6.07456	0.37552
1778	0.20862	6.07456	0.37552
1779	0.20862	6.07456	0.37552
1780	0.20862	6.07456	0.37552
1781	0.20862	6.07456	0.37552
1782	0.20862	6.07456	0.37552
1783	0.20862	6.07456	0.37552
1784	0.20862	6.07456	0.37552
1785	0.20862	6.07456	0.37552
1786	0.20862	6.07456	0.37552
1787	0.20862	6.07456	0.37552
1788	0.20862	6.07456	0.37552
1789	0.20862	6.07456	0.37552
1790	0.20862	6.07456	0.37552
1791	0.20862	6.07456	0.37552
1792	0.20862	6.07456	0.37552
1793	0.20862	6.07456	0.37552
1794	0.20862	6.07456	0.37552
1795	0.20862	6.07456	0.37552
1796	0.20862	6.07456	0.37552
1797	0.20862	6.07456	0.37552
1798	0.20862	6.07456	0.37552
1799	0.20862	6.07456	0.37552
1800	0.20862	6.07456	0.37552
1801	0.20862	6.07456	0.37552
1802	0.20862	6.07456	0.37552
1803	0.20862	6.07456	0.37552
1804	0.20862	6.07456	0.37552
1805	0.20862	6.07456	0.37552
1806	0.20862	6.07456	0.37552
1807	0.20862	6.07456	0.37552
1808	0.20862	6.07456	0.37552
1809	0.20862	6.07456	0.37552
1810	0.20862	6.07456	0.37552
1811	0.20862	6.07456	0.37552
1812	0.20862	6.07456	0.37552
1813	0.20862	6.07456	0.37552
1814	0.20862	6.07456	0.37552
1815	0.20862	6.07456	0.37552
1816	0.20862	6.07456	0.37552
1817	0.20862	6.07456	0.37552
1818	0.20862	6.07456	0.37552
1819	0.20862	6.07456	0.37552
1820	0.20862	6.07456	0.37552
1821	0.20862	6.07456	0.37552
1822	0.20862	6.07456	0.37552
1823	0.20862	6.07456	0.37552
1824	0.20862	6.07456	0.37552
1825	0.20862	6.07456	0.37552
1826	0.20862	6.07456	0.37552
1827	0.20862	6.07456	0.37552
1828	0.20862	6.07456	0.37552
1829	0.20862	6.07456	0.37552
1830	0.20862	6.07456	0.37552
1831	0.20862	6.07456	0.37552
1832	0.20862	6.07456	0.37552
1833	0.20862	6.07456	0.37552
1834	0.20862	6.07456	0.37552
1835	0.20862	6.07456	0.37552
1836	0.20862	6.07456	0.37552
1837	0.20862	6.07456	0.37552
1838	0.20862	6.07456	0.37552
1839	0.20862	6.07456	0.37552
1840	0.20862	6.07456	0.37552
1841	0.20862	6.07456	0.37552
1842	0.20862	6.07456	0.37552
1843	0.20862	6.07456	0.37552
1844	0.20862	6.07456	0.37552
1845	0.20862	6.07456	0.37552
1846	0.20862	6.07456	0.37552
1847	0.20862	6.07456	0.37552
1848	0.20862	6.07456	0.37552
1849	0.20862	6.07456	0.37552
1850	0.20862	6.07456	0.37552
1851	0.20862	6.07456	0.37552
1852	0.20862	6.07456	0.37552
1853	0.20862	6.07456	0.37552
1854	0.20862	6.07456	0.37552
1855	0.20862	6.07456	0.37552
1856	0.20862	6.07456	0.37552
1857	0.20862	6.07456	0.37552
1858	0.20862	6.07456	0.37552
1859	0.20862	6.07456	0.37552
1860	0.20862	6.07456	0.37552
1861	0.20862	6.07456	0.37552
1862	0.20862	6.07456	0.37552
1863	0.20862	6.07456	0.37552
1864	0.20862	6.07456	0.37552
1865	0.20862	6.07456	0.37552
1866	0.20862	6.07456	0.37552
1867	0.20862	6.07456	0.37552
1868	0.20862	6.07456	0.37552
1869	0.20862	6.07456	0.37552
1870	0.20862	6.07456	0.37552
1871	0.20862	6.07456	0.37552
1872	0.20862	6.07456	0.37552
1873	0.20862	6.07456	0.37552
1874	0.20862	6.07456	0.37552
1875	0.20862	6.07456	0.37552
1876	0.20862	6.07456	0.37552
1877	0.20862	6.07456	0.37552
1878	0.20862	6.07456	0.37552
1879	0.20862	6.07456	0.37552
1880	0.20862	6.07456	0.37552
1881	0.20862	6.07456	0.37552
1882	0.20862	6.07456	0.37552
1883	0.20862	6.07456	0.37552
1884	0.20862	6.07456	0.37552
1885	0.20862	6.07456	0.37552
1886	0.20862	6.07456	0.37552
1887	0.20862	6.07456	0.37552
1888	0.20862	6.07456	0.37552
1889	0.20862	6.07456	0.37552
1890	0.20862	6.07456	0.37552
1891	0.20862	6.07456	0.37552
1892	0.20862	6.07456	0.37552
1893	0.20862	6.07456	0.37552
1894	0.20862	6.07456	0.37552
1895	0.20862	6.07456	0.37552
1896	0.20862	6.07456	0.37552
1897	0.20862	6.07456	0.37552
1898	0.20862	6.07456	0.37552
1899	0.20862	6.07456	0.37552
1900	0.20862	6.07456	0.37552
1901	0.20862	6.07456	0.37552
1902	0.20862	6.07456	0.37552
1903	0.20862	6.07456	0.37552
1904	0.20862	6.07456	0.37552
1905	0.20862	6.07456	0.37552
1906	0.20862	6.07456	0.37552
1907	0.20862	6.07456	0.37552
1908	0.20862	6.07456	0.37552
1909	0.20862	6.07456	0.37552
1910	0.20862	6.07456	0.37552
1911	0.20862	6.07456	0.37552
1912	0.20862	6.07456	0.37552
1913	0.20862	6.07456	0.37552
1914	0.20862	6.07456	0.37552
1915	0.20862	6.07456	0.37552
1916	0.20862	6.07456	0.37552
1917	0.20862	6.07456	0.37552
1918	0.20862	6.07456	0.37552
1919	0.20862	6.07456	0.37552
1920	0.20862	6.07456	0.37552
1921	0.20862	6.07456	0.37552
1922	0.20862	6.07456	0.37552
1923	0.20862	6.07456	0.37552
1924	0.20862	6.07456	0.37552
1925	0.20862	6.07456	0.37552
1926	0.20862	6.07456	0.37552
1927	0.20862	6.07456	0.37552
1928	0.20862	6.07456	0.37552
1929	0.20862	6.07456	0.37552
1930	0.20862	6.07456	0.37552
1931	0.20862	6.07456	0.37552
1932	0.20862	6.07456	0.37552
1933	0.20862	6.07456	0.37552
1934	0.20862	6.07456	0.37552
1935	0.20862	6.07456	0.37552
1936	0.20862	6.07456	0.37552
1937	0.20862	6.07456	0.37552
1938	0.20862	6.07456	0.37552
1939	0.20862	6.07456	0.37552
1940	0.20862	6.07456	0.37552
1941	0.20862	6.07456	0.37552
1942	0.20862	6.07456	0.37552
1943	0.20862	6.07456	0.37552
1944	0.20862	6.07456	0.37552
1945	0.20862	6.07456	0.37552
1946	0.20862	6.07456	0.37552
1947	0.20862	6.07456	0.37552
1948	0.20862	6.07456	0.37552
1949	0.20862	6.07456	0.37552
1950	0.20862	6.07456	0.37552
1951	0.20862	6.07456	0.37552
1952	0.20862	6.07456	0.37552
1953	0.20862	6.07456	0.37552
1954	0.20862	6.07456	0.37552
1955	0.20862	6.07456	0.37552
1956	0.20862	6.07456	0.37552
1957	0.20862	6.07456	0.37552
1958	0.20862	6.07456	0.37552
1959	0.20862	6.07456	0.37552
1960	0.20862	6.07456	0.37552
1961	0.20862	6.07456	0.37552
1962	0.20862	6.07456	0.37552
1963	0.20862	6.07456	0.37552
1964	0.20862	6.07456	0.37552
1965	0.20862	6.07456	0.37552
1966	0.20862	6.07456	0.37552
1967	0.20862	6.07456	0.37552
1968	0.20862	6.07456	0.37552
1969	0.20862	6.07456	0.37552
1970	0.20862	6.07456	0.37552
1971	0.20862	6.07456	0.37552
1972	0.20862	6.07456	0.37552
1973	0.20862	6.07456	0.37552
1974	0.20862	6.07456	0.37552
1975	0.20862	6.07456	0.37552
1976	0.20862	6.07456	0.37552
1977	0.20862	6.07456	0.37552
1978	0.20862	6.07456	0.37552
1979	0.20862	6.07456	0.37552
1980	0.20862	6.07456	0.37552
1981	0.20862	6.07456	0.37552
1982	0.20862	6.07456	0.37552
1983	0.20862	6.07456	0.37552
1984	0.20862	6.07456	0.37552
1985	0.20862	6.07456	0.37552
1986	0.20862	6.07456	0.37552
1987	0.20862	6.07456	0.37552
1988	0.20862	6.07456	0.37552
1989	0.20862	6.07456	0.37552
1990	0.20862	6.07456	0.37552
1991	0.20862	6.07456	0.37552
1992	0.20862	6.07456	0.37552
1993	0.20862	6.07456	0.37552
1994	0.20862	6.07456	0.37552
1995	0.20862	6.07456	0.37552
1996	0.20862	6.07456	0.37552
1997	0.20862	6.07456	0.37552
1998	0.20862	6.07456	0.37552
1999	0.20862	6.07456	0.37552
