SUCCESS SD CARD
Successfully opened logs/bin/log4.bin
------------------------------------------------------------
dt = 0.i = 0, head = 0, tail = 0
Buffer contents from 0 to 26
-
0x02 0x20 0x00 0x00 0x00 0x00 0x20 0x00 0x00 0x48 0x40 0x20 0xef 0xbe 0xad 0xde 0x20 0x00 0x00 0xc0 0x3f 0x20 0x0a 0x20 0x0b 0x20 0x03 
-
------------------------------------------------------------
dt = 0.i = 1, head = 0, tail = 0
Buffer contents from 27 to 53
-
0x02 0x20 0x01 0x00 0x00 0x00 0x20 0x00 0x00 0x48 0x40 0x20 0xef 0xbe 0xad 0xde 0x20 0x00 0x00 0xc0 0x3f 0x20 0x0a 0x20 0x0b 0x20 0x03 
-
------------------------------------------------------------
dt = 0.i = 2, head = 0, tail = 0
Buffer contents from 54 to 80
-
0x02 0x20 0x02 0x00 0x00 0x00 0x20 0x00 0x00 0x48 0x40 0x20 0xef 0xbe 0xad 0xde 0x20 0x00 0x00 0xc0 0x3f 0x20 0x0a 0x20 0x0b 0x20 0x03 
-
------------------------------------------------------------
dt = 0.i = 3, head = 0, tail = 0
Buffer contents from 81 to 107
-
0x02 0x20 0x03 
0x00 0x00 0x00 0x20 0x00 0x00 0x48 0x40 0x20 0xef 0xbe 0xad 0xde 0x20 0x00 0x00 0xc0 0x3f 0x20 0x0a 0x20 0x0b 0x20 0x03 
-
------------------------------------------------------------
dt = 0.i = 4, head = 0, tail = 0
Buffer contents from 108 to 134
-
0x02 0x20 0x04 0x00 0x00 0x00 0x20 0x00 0x00 0x48 0x40 0x20 0xef 0xbe 0xad 0xde 0x20 0x00 0x00 0xc0 0x3f 0x20 0x0a 0x20 0x0b 0x20 0x03 
-
------------------------------------------------------------
dt = 0.i = 5, head = 0, tail = 0
Buffer contents from 135 to 161
-
0x02 0x20 0x05 0x00 0x00 0x00 0x20 0x00 0x00 0x48 0x40 0x20 0xef 0xbe 0xad 0xde 0x20 0x00 0x00 0xc0 0x3f 0x20 0x0a 0x20 0x0b 0x20 0x03 
-
------------------------------------------------------------
dt = 0.i = 6, head = 0, tail = 0
Buffer contents from 162 to 188
-
0x02 0x20 0x06 0x00 0x00 0x00 0x20 0x00 0x00 0x48 0x40 0x20 0xef 0xbe 0xad 0xde 0x20 0x00 0x00 0xc0 0x3f 0x20 0x0a 0x20 0x0b 0x20 0x03 
-
------------------------------------------------------------
dt = 0.i = 7, head = 0, tail = 0
Buffer contents from 189 to 215
-
0x02 0x20 0x07 0x00 0x00 0x00 0x20 0x00 0x00 0x48 0x40 0x20 0xef 0xbe 0xad 0xde 0x20 0x00 0x00 0xc0 0x3f 0x20 0x0a 0x20 0x0b 0x20 0x03 
-
------------------------------------------------------------
dt = 0.i = 8, head = 0, tail = 0
Buffer contents from 216 to 242
-
0x02 0x20 0x08 0x00 0x00 0x00 0x20 0x00 0x00 0x48 0x40 0x20 0xef 0xbe 0xad 0xde 0x20 0x00 0x00 0xc0 0x3f 0x20 0x0a 0x20 0x0b 0x20 0x03 
-
------------------------------------------------------------
dt = 1.i = 9, head = 0, tail = 0
Buffer contents from 243 to 269
-
0x02 0x20 0x09 0x00 0x00 0x00 0x20 0x00 0x00 0x48 0x40 0x20 0xef 0xbe 0xad 0xde 0x20 0x00 0x00 0xc0 0x3f 0x20 0x0a 0x20 0x0b 0x20 0x03 
-
------------------------------------------------------------
dt = 0.i = 10, head = 0, tail = 0
Buffer contents from 270 to 296
-
0x02 0x20 0x0a 0x00 0x00 0x00 0x20 0x00 0x00 0x48 0x40 0x20 0xef 0xbe 0xad 0xde 0x20 0x00 0x00 0xc0 0x3f 0x20 0x0a 0x20 0x0b 0x20 0x03 
-
------------------------------------------------------------
dt = 1.i = 11, head = 0, tail = 0
Buffer contents from 297 to 323
-
0x02 0x20 0x0b 0x00 0x00 0x00 0x20 0x00 0x00 0x48 0x40 0x20 0xef 0xbe 0xad 0xde 0x20 0x00 0x00 0xc0 0x3f 0x20 0x0a 0x20 0x0b 0x20 0x03 
-
------------------------------------------------------------
dt = 0.i = 12, head = 0, tail = 0
Buffer contents from 324 to 350
-
0x02 0x20 0x0c 0x00 0x00 0x00 0x20 0x00 0x00 0x48 0x40 0x20 0xef 0xbe 0xad 0xde 0x20 0x00 0x00 0xc0 0x3f 0x20 0x0a 0x20 0x0b 0x20 0x03 
-
------------------------------------------------------------
dt = 1.i = 13, head = 0, tail = 0
Buffer contents from 351 to 377
-
0x02 0x20 0x0d 0x00 0x00 0x00 0x20 0x00 0x00 0x48 0x40 0x20 0xef 0xbe 0xad 0xde 0x20 0x00 0x00 0xc0 0x3f 0x20 0x0a 0x20 0x0b 0x20 0x03 
-
------------------------------------------------------------
dt = 0.i = 14, head = 0, tail = 0
Buffer contents from 378 to 404
-
0x02 0x20 0x0e 0x00 0x00 0x00 0x20 0x00 0x00 0x48 0x40 0x20 0xef 0xbe 0xad 0xde 0x20 0x00 0x00 0xc0 0x3f 0x20 0x0a 0x20 0x0b 0x20 0x03 
-
------------------------------------------------------------
dt = 0.i = 15, head = 0, tail = 0
Buffer contents from 405 to 431
-
0x02 0x20 0x0f 0x00 0x00 0x00 0x20 0x00 0x00 0x48 0x40 0x20 0xef 0xbe 0xad 0xde 0x20 0x00 0x00 0xc0 0x3f 0x20 0x0a 0x20 0x0b 0x20 0x03 
-
------------------------------------------------------------
dt = 1.i = 16, head = 0, tail = 0
Buffer contents from 432 to 458
-
0x02 0x20 0x10 0x00 0x00 0x00 0x20 0x00 0x00 0x48 0x40 0x20 0xef 0xbe 0xad 0xde 0x20 0x00 0x00 0xc0 0x3f 0x20 0x0a 0x20 0x0b 0x20 0x03 
-
------------------------------------------------------------
dt = 0.i = 17, head = 0, tail = 0
Buffer contents from 459 to 485
-
0x02 0x20 0x11 0x00 0x00 0x00 0x20 0x00 0x00 0x48 0x40 0x20 0xef 0xbe 0xad 0xde 0x20 0x00 0x00 0xc0 0x3f 0x20 0x0a 0x20 0x0b 0x20 0x03 
-
------------------------------------------------------------
dt = 1.i = 18, head = 1, tail = 0
Buffer contents from 486 to 512
-
0x02 0x20 0x12 0x00 0x00 0x00 0x20 0x00 0x00 0x48 0x40 0x20 0xef 0xbe 0xad 0xde 0x20 0x00 0x00 0xc0 0x3f 0x20 0x0a 0x20 0x0b 0x20 0x03 
-
------------------------------------------------------------
dt = 0.i = 19, head = 1, tail = 0
Buffer contents from 513 to 539
-
0x02 0x20 0x13 0x00 0x00 0x00 0x20 0x00 0x00 0x48 0x40 0x20 0xef 0xbe 0xad 0xde 0x20 0x00 0x00 0xc0 0x3f 0x20 0x0a 0x20 0x0b 0x20 0x03 
-
------------------------------------------------------------
dt = 1.i = 20, head = 1, tail = 0
Buffer contents from 540 to 566
-
0x02 0x20 0x14 0x00 0x00 0x00 0x20 0x00 0x00 0x48 0x40 0x20 0xef 0xbe 0xad 0xde 0x20 0x00 0x00 0xc0 0x3f 0x20 0x0a 0x20 0x0b 0x20 0x03 
-
------------------------------------------------------------
dt = 0.i = 21, head = 1, tail = 0
Buffer contents from 567 to 593
-
0x02 0x20 0x15 0x00 0x00 0x00 0x20 0x00 0x00 0x48 0x40 0x20 0xef 0xbe 0xad 0xde 0x20 0x00 0x00 0xc0 0x3f 0x20 0x0a 0x20 0x0b 0x20 0x03 
-
------------------------------------------------------------
dt = 1.i = 22, head = 1, tail = 0
Buffer contents from 594 to 620
-
0x02 0x20 0x16 0x00 0x00 0x00 0x20 0x00 0x00 0x48 0x40 0x20 0xef 0xbe 0xad 0xde 0x20 0x00 0x00 0xc0 0x3f 0x20 0x0a 0x20 0x0b 0x20 0x03 
-
------------------------------------------------------------
dt = 0.i = 23, head = 1, tail = 0
Buffer contents from 621 to 647
-
0x02 0x20 0x17 0x00 0x00 0x00 0x20 0x00 0x00 0x48 0x40 0x20 0xef 0xbe 0xad 0xde 0x20 0x00 0x00 0xc0 0x3f 0x20 0x0a 0x20 0x0b 0x20 0x03 
-
------------------------------------------------------------
dt = 1.i = 24, head = 1, tail = 0
Buffer contents from 648 to 674
-
0x02 0x20 0x18 0x00 0x00 0x00 0x20 0x00 0x00 0x48 0x40 0x20 0xef 0xbe 0xad 0xde 0x20 0x00 0x00 0xc0 0x3f 0x20 0x0a 0x20 0x0b 0x20 0x03 
-
------------------------------------------------------------
dt = 0.i = 25, head = 1, tail = 0
Buffer contents from 675 to 701
-
0x02 0x20 0x19 0x00 0x00 0x00 0x20 0x00 0x00 0x48 0x40 0x20 0xef 0xbe 0xad 0xde 0x20 0x00 0x00 0xc0 0x3f 0x20 0x0a 0x20 0x0b 0x20 0x03 
-
------------------------------------------------------------
dt = 1.i = 26, head = 1, tail = 0
Buffer contents from 702 to 728
-
0x02 0x20 0x1a 0x00 0x00 0x00 0x20 0x00 0x00 0x48 0x40 0x20 0xef 0xbe 0xad 0xde 0x20 0x00 0x00 0xc0 0x3f 0x20 0x0a 0x20 0x0b 0x20 0x03 
-
------------------------------------------------------------
dt = 0.i = 27, head = 1, tail = 0
Buffer contents from 729 to 755
-
0x02 0x20 0x1b 0x00 0x00 0x00 0x20 0x00 0x00 0x48 0x40 0x20 0xef 0xbe 0xad 0xde 0x20 0x00 0x00 0xc0 0x3f 0x20 0x0a 0x20 0x0b 0x20 0x03 
-
------------------------------------------------------------
dt = 1.i = 28, head = 1, tail = 0
Buffer contents from 756 to 782
-
0x02 0x20 0x1c 0x00 0x00 0x00 0x20 0x00 0x00 0x48 0x40 0x20 0xef 0xbe 0xad 0xde 0x20 0x00 0x00 0xc0 0x3f 0x20 0x0a 0x20 0x0b 0x20 0x03 
-
------------------------------------------------------------
dt = 0.i = 29, head = 1, tail = 0
Buffer contents from 783 to 809
-
0x02 0x20 0x1d 0x00 0x00 0x00 0x20 0x00 0x00 0x48 0x40 0x20 0xef 0xbe 0xad 0xde 0x20 0x00 0x00 0xc0 0x3f 0x20 0x0a 0x20 0x0b 0x20 0x03 
-
WHOLE BUFFER CONTENTS
 ->Buffer contents from 0 to 809
-
0x02 0x20 0x00 0x00 0x00 0x00 0x20 0x00 0x00 0x48 0x40 0x20 0xef 0xbe 0xad 0xde 0x20 0x00 0x00 0xc0 0x3f 0x20 0x0a 0x20 0x0b 0x20 0x03 
0x02 0x20 0x01 0x00 0x00 0x00 0x20 0x00 0x00 0x48 0x40 0x20 0xef 0xbe 0xad 0xde 0x20 0x00 0x00 0xc0 0x3f 0x20 0x0a 0x20 0x0b 0x20 0x03 
0x02 0x20 0x02 0x00 0x00 0x00 0x20 0x00 0x00 0x48 0x40 0x20 0xef 0xbe 0xad 0xde 0x20 0x00 0x00 0xc0 0x3f 0x20 0x0a 0x20 0x0b 0x20 0x03 
0x02 0x20 0x03 
0x00 0x00 0x00 0x20 0x00 0x00 0x48 0x40 0x20 0xef 0xbe 0xad 0xde 0x20 0x00 0x00 0xc0 0x3f 0x20 0x0a 0x20 0x0b 0x20 0x03 
0x02 0x20 0x04 0x00 0x00 0x00 0x20 0x00 0x00 0x48 0x40 0x20 0xef 0xbe 0xad 0xde 0x20 0x00 0x00 0xc0 0x3f 0x20 0x0a 0x20 0x0b 0x20 0x03 
0x02 0x20 0x05 0x00 0x00 0x00 0x20 0x00 0x00 0x48 0x40 0x20 0xef 0xbe 0xad 0xde 0x20 0x00 0x00 0xc0 0x3f 0x20 0x0a 0x20 0x0b 0x20 0x03 
0x02 0x20 0x06 0x00 0x00 0x00 0x20 0x00 0x00 0x48 0x40 0x20 0xef 0xbe 0xad 0xde 0x20 0x00 0x00 0xc0 0x3f 0x20 0x0a 0x20 0x0b 0x20 0x03 
0x02 0x20 0x07 0x00 0x00 0x00 0x20 0x00 0x00 0x48 0x40 0x20 0xef 0xbe 0xad 0xde 0x20 0x00 0x00 0xc0 0x3f 0x20 0x0a 0x20 0x0b 0x20 0x03 
0x02 0x20 0x08 0x00 0x00 0x00 0x20 0x00 0x00 0x48 0x40 0x20 0xef 0xbe 0xad 0xde 0x20 0x00 0x00 0xc0 0x3f 0x20 0x0a 0x20 0x0b 0x20 0x03 
0x02 0x20 0x09 0x00 0x00 0x00 0x20 0x00 0x00 0x48 0x40 0x20 0xef 0xbe 0xad 0xde 0x20 0x00 0x00 0xc0 0x3f 0x20 0x0a 0x20 0x0b 0x20 0x03 
0x02 0x20 0x0a 0x00 0x00 0x00 0x20 0x00 0x00 0x48 0x40 0x20 0xef 0xbe 0xad 0xde 0x20 0x00 0x00 0xc0 0x3f 0x20 0x0a 0x20 0x0b 0x20 0x03 
0x02 0x20 0x0b 0x00 0x00 0x00 0x20 0x00 0x00 0x48 0x40 0x20 0xef 0xbe 0xad 0xde 0x20 0x00 0x00 0xc0 0x3f 0x20 0x0a 0x20 0x0b 0x20 0x03 
0x02 0x20 0x0c 0x00 0x00 0x00 0x20 0x00 0x00 0x48 0x40 0x20 0xef 0xbe 0xad 0xde 0x20 0x00 0x00 0xc0 0x3f 0x20 0x0a 0x20 0x0b 0x20 0x03 
0x02 0x20 0x0d 0x00 0x00 0x00 0x20 0x00 0x00 0x48 0x40 0x20 0xef 0xbe 0xad 0xde 0x20 0x00 0x00 0xc0 0x3f 0x20 0x0a 0x20 0x0b 0x20 0x03 
0x02 0x20 0x0e 0x00 0x00 0x00 0x20 0x00 0x00 0x48 0x40 0x20 0xef 0xbe 0xad 0xde 0x20 0x00 0x00 0xc0 0x3f 0x20 0x0a 0x20 0x0b 0x20 0x03 
0x02 0x20 0x0f 0x00 0x00 0x00 0x20 0x00 0x00 0x48 0x40 0x20 0xef 0xbe 0xad 0xde 0x20 0x00 0x00 0xc0 0x3f 0x20 0x0a 0x20 0x0b 0x20 0x03 
0x02 0x20 0x10 0x00 0x00 0x00 0x20 0x00 0x00 0x48 0x40 0x20 0xef 0xbe 0xad 0xde 0x20 0x00 0x00 0xc0 0x3f 0x20 0x0a 0x20 0x0b 0x20 0x03 
0x02 0x20 0x11 0x00 0x00 0x00 0x20 0x00 0x00 0x48 0x40 0x20 0xef 0xbe 0xad 0xde 0x20 0x00 0x00 0xc0 0x3f 0x20 0x0a 0x20 0x0b 0x20 0x03 
0x02 0x20 0x12 0x00 0x00 0x00 0x20 0x00 0x00 0x48 0x40 0x20 0xef 0xbe 0xad 0xde 0x20 0x00 0x00 0xc0 0x3f 0x20 0x0a 0x20 0x0b 0x20 0x03 
0x02 0x20 0x13 0x00 0x00 0x00 0x20 0x00 0x00 0x48 0x40 0x20 0xef 0xbe 0xad 0xde 0x20 0x00 0x00 0xc0 0x3f 0x20 0x0a 0x20 0x0b 0x20 0x03 
0x02 0x20 0x14 0x00 0x00 0x00 0x20 0x00 0x00 0x48 0x40 0x20 0xef 0xbe 0xad 0xde 0x20 0x00 0x00 0xc0 0x3f 0x20 0x0a 0x20 0x0b 0x20 0x03 
0x02 0x20 0x15 0x00 0x00 0x00 0x20 0x00 0x00 0x48 0x40 0x20 0xef 0xbe 0xad 0xde 0x20 0x00 0x00 0xc0 0x3f 0x20 0x0a 0x20 0x0b 0x20 0x03 
0x02 0x20 0x16 0x00 0x00 0x00 0x20 0x00 0x00 0x48 0x40 0x20 0xef 0xbe 0xad 0xde 0x20 0x00 0x00 0xc0 0x3f 0x20 0x0a 0x20 0x0b 0x20 0x03 
0x02 0x20 0x17 0x00 0x00 0x00 0x20 0x00 0x00 0x48 0x40 0x20 0xef 0xbe 0xad 0xde 0x20 0x00 0x00 0xc0 0x3f 0x20 0x0a 0x20 0x0b 0x20 0x03 
0x02 0x20 0x18 0x00 0x00 0x00 0x20 0x00 0x00 0x48 0x40 0x20 0xef 0xbe 0xad 0xde 0x20 0x00 0x00 0xc0 0x3f 0x20 0x0a 0x20 0x0b 0x20 0x03 
0x02 0x20 0x19 0x00 0x00 0x00 0x20 0x00 0x00 0x48 0x40 0x20 0xef 0xbe 0xad 0xde 0x20 0x00 0x00 0xc0 0x3f 0x20 0x0a 0x20 0x0b 0x20 0x03 
0x02 0x20 0x1a 0x00 0x00 0x00 0x20 0x00 0x00 0x48 0x40 0x20 0xef 0xbe 0xad 0xde 0x20 0x00 0x00 0xc0 0x3f 0x20 0x0a 0x20 0x0b 0x20 0x03 
0x02 0x20 0x1b 0x00 0x00 0x00 0x20 0x00 0x00 0x48 0x40 0x20 0xef 0xbe 0xad 0xde 0x20 0x00 0x00 0xc0 0x3f 0x20 0x0a 0x20 0x0b 0x20 0x03 
0x02 0x20 0x1c 0x00 0x00 0x00 0x20 0x00 0x00 0x48 0x40 0x20 0xef 0xbe 0xad 0xde 0x20 0x00 0x00 0xc0 0x3f 0x20 0x0a 0x20 0x0b 0x20 0x03 
0x02 0x20 0x1d 0x00 0x00 0x00 0x20 0x00 0x00 0x48 0x40 0x20 0xef 0xbe 0xad 0xde 0x20 0x00 0x00 0xc0 0x3f 0x20 0x0a 0x20 0x0b 0x20 0x03 
-
<-
FIRST BLOCK OF BUFFER:
->Buffer contents from 0 to 511
-
0x02 0x20 0x00 0x00 0x00 0x00 0x20 0x00 0x00 0x48 0x40 0x20 0xef 0xbe 0xad 0xde 0x20 0x00 0x00 0xc0 0x3f 0x20 0x0a 0x20 0x0b 0x20 0x03 
0x02 0x20 0x01 0x00 0x00 0x00 0x20 0x00 0x00 0x48 0x40 0x20 0xef 0xbe 0xad 0xde 0x20 0x00 0x00 0xc0 0x3f 0x20 0x0a 0x20 0x0b 0x20 0x03 
0x02 0x20 0x02 0x00 0x00 0x00 0x20 0x00 0x00 0x48 0x40 0x20 0xef 0xbe 0xad 0xde 0x20 0x00 0x00 0xc0 0x3f 0x20 0x0a 0x20 0x0b 0x20 0x03 
0x02 0x20 0x03 
0x00 0x00 0x00 0x20 0x00 0x00 0x48 0x40 0x20 0xef 0xbe 0xad 0xde 0x20 0x00 0x00 0xc0 0x3f 0x20 0x0a 0x20 0x0b 0x20 0x03 
0x02 0x20 0x04 0x00 0x00 0x00 0x20 0x00 0x00 0x48 0x40 0x20 0xef 0xbe 0xad 0xde 0x20 0x00 0x00 0xc0 0x3f 0x20 0x0a 0x20 0x0b 0x20 0x03 
0x02 0x20 0x05 0x00 0x00 0x00 0x20 0x00 0x00 0x48 0x40 0x20 0xef 0xbe 0xad 0xde 0x20 0x00 0x00 0xc0 0x3f 0x20 0x0a 0x20 0x0b 0x20 0x03 
0x02 0x20 0x06 0x00 0x00 0x00 0x20 0x00 0x00 0x48 0x40 0x20 0xef 0xbe 0xad 0xde 0x20 0x00 0x00 0xc0 0x3f 0x20 0x0a 0x20 0x0b 0x20 0x03 
0x02 0x20 0x07 0x00 0x00 0x00 0x20 0x00 0x00 0x48 0x40 0x20 0xef 0xbe 0xad 0xde 0x20 0x00 0x00 0xc0 0x3f 0x20 0x0a 0x20 0x0b 0x20 0x03 
0x02 0x20 0x08 0x00 0x00 0x00 0x20 0x00 0x00 0x48 0x40 0x20 0xef 0xbe 0xad 0xde 0x20 0x00 0x00 0xc0 0x3f 0x20 0x0a 0x20 0x0b 0x20 0x03 
0x02 0x20 0x09 0x00 0x00 0x00 0x20 0x00 0x00 0x48 0x40 0x20 0xef 0xbe 0xad 0xde 0x20 0x00 0x00 0xc0 0x3f 0x20 0x0a 0x20 0x0b 0x20 0x03 
0x02 0x20 0x0a 0x00 0x00 0x00 0x20 0x00 0x00 0x48 0x40 0x20 0xef 0xbe 0xad 0xde 0x20 0x00 0x00 0xc0 0x3f 0x20 0x0a 0x20 0x0b 0x20 0x03 
0x02 0x20 0x0b 0x00 0x00 0x00 0x20 0x00 0x00 0x48 0x40 0x20 0xef 0xbe 0xad 0xde 0x20 0x00 0x00 0xc0 0x3f 0x20 0x0a 0x20 0x0b 0x20 0x03 
0x02 0x20 0x0c 0x00 0x00 0x00 0x20 0x00 0x00 0x48 0x40 0x20 0xef 0xbe 0xad 0xde 0x20 0x00 0x00 0xc0 0x3f 0x20 0x0a 0x20 0x0b 0x20 0x03 
0x02 0x20 0x0d 0x00 0x00 0x00 0x20 0x00 0x00 0x48 0x40 0x20 0xef 0xbe 0xad 0xde 0x20 0x00 0x00 0xc0 0x3f 0x20 0x0a 0x20 0x0b 0x20 0x03 
0x02 0x20 0x0e 0x00 0x00 0x00 0x20 0x00 0x00 0x48 0x40 0x20 0xef 0xbe 0xad 0xde 0x20 0x00 0x00 0xc0 0x3f 0x20 0x0a 0x20 0x0b 0x20 0x03 
0x02 0x20 0x0f 0x00 0x00 0x00 0x20 0x00 0x00 0x48 0x40 0x20 0xef 0xbe 0xad 0xde 0x20 0x00 0x00 0xc0 0x3f 0x20 0x0a 0x20 0x0b 0x20 0x03 
0x02 0x20 0x10 0x00 0x00 0x00 0x20 0x00 0x00 0x48 0x40 0x20 0xef 0xbe 0xad 0xde 0x20 0x00 0x00 0xc0 0x3f 0x20 0x0a 0x20 0x0b 0x20 0x03 
0x02 0x20 0x11 0x00 0x00 0x00 0x20 0x00 0x00 0x48 0x40 0x20 0xef 0xbe 0xad 0xde 0x20 0x00 0x00 0xc0 0x3f 0x20 0x0a 0x20 0x0b 0x20 0x03 
0x02 0x20 0x12 0x00 0x00 0x00 0x20 0x00 0x00 0x48 0x40 0x20 0xef 0xbe 0xad 0xde 0x20 0x00 0x00 0xc0 0x3f 0x20 0x0a 0x20 0x0b 0x20 -
<-
Writing firs block to logs/bin/log4.bin
Wrote 512 bytes to logs/bin/log4.bin dt = 234, closing file logs/bin/log4.bin
