SUCCESS SD CARD
Successfully opened logs/bin/log4.bin
------------------------------------------------------------
dt = 0.i = 0, head = 0, tail = 0
Buffer contents from 0 to 19
-
0x02 0x00 0x00 0x00 0x00 0x00 0x00 0x80 0x3f 0x00 0x00 0x00 0x00 0x00 0x00 0x00 0x00 0x43 0x42 0x03 
-
------------------------------------------------------------
dt = 0.i = 1, head = 0, tail = 0
Buffer contents from 20 to 39
-
0x02 0x01 0x00 0x00 0x00 0x00 0x00 0x00 0x40 0x00 0x00 0x00 0x00 0x00 0x00 0x80 0x3f 0x43 0x42 0x03 
-
------------------------------------------------------------
dt = 1.i = 2, head = 0, tail = 0
Buffer contents from 40 to 59
-
0x02 0x02 0x00 0x00 0x00 0x00 0x00 0x40 0x40 0x00 0x00 0x00 0x00 0x00 0x00 0x00 0x40 0x43 0x42 0x03 
-
------------------------------------------------------------
dt = 0.i = 3, head = 0, tail = 0
Buffer contents from 60 to 79
-
0x02 0x03 
0x00 0x00 0x00 0x00 0x00 0x80 0x40 0x00 0x00 0x00 0x00 0x00 0x00 0x40 0x40 0x43 0x42 0x03 
-
------------------------------------------------------------
dt = 0.i = 4, head = 0, tail = 0
Buffer contents from 80 to 99
-
0x02 0x04 0x00 0x00 0x00 0x00 0x00 0xa0 0x40 0x00 0x00 0x00 0x00 0x00 0x00 0x80 0x40 0x43 0x42 0x03 
-
------------------------------------------------------------
dt = 1.i = 5, head = 0, tail = 0
Buffer contents from 100 to 119
-
0x02 0x05 0x00 0x00 0x00 0x00 0x00 0xc0 0x40 0x00 0x00 0x00 0x00 0x00 0x00 0xa0 0x40 0x43 0x42 0x03 
-
------------------------------------------------------------
dt = 0.i = 6, head = 0, tail = 0
Buffer contents from 120 to 139
-
0x02 0x06 0x00 0x00 0x00 0x00 0x00 0xe0 0x40 0x00 0x00 0x00 0x00 0x00 0x00 0xc0 0x40 0x43 0x42 0x03 
-
------------------------------------------------------------
dt = 0.i = 7, head = 0, tail = 0
Buffer contents from 140 to 159
-
0x02 0x07 0x00 0x00 0x00 0x00 0x00 0x00 0x41 0x00 0x00 0x00 0x00 0x00 0x00 0xe0 0x40 0x43 0x42 0x03 
-
------------------------------------------------------------
dt = 0.i = 8, head = 0, tail = 0
Buffer contents from 160 to 179
-
0x02 0x08 0x00 0x00 0x00 0x00 0x00 0x10 0x41 0x00 0x00 0x00 0x00 0x00 0x00 0x00 0x41 0x43 0x42 0x03 
-
------------------------------------------------------------
dt = 0.i = 9, head = 0, tail = 0
Buffer contents from 180 to 199
-
0x02 0x09 0x00 0x00 0x00 0x00 0x00 0x20 0x41 0x00 0x00 0x00 0x00 0x00 0x00 0x10 0x41 0x43 0x42 0x03 
-
------------------------------------------------------------
dt = 0.i = 10, head = 0, tail = 0
Buffer contents from 200 to 219
-
0x02 0x0a 0x00 0x00 0x00 0x00 0x00 0x30 0x41 0x00 0x00 0x00 0x00 0x00 0x00 0x20 0x41 0x43 0x42 0x03 
-
------------------------------------------------------------
dt = 0.i = 11, head = 0, tail = 0
Buffer contents from 220 to 239
-
0x02 0x0b 0x00 0x00 0x00 0x00 0x00 0x40 0x41 0x00 0x00 0x00 0x00 0x00 0x00 0x30 0x41 0x43 0x42 0x03 
-
------------------------------------------------------------
dt = 0.i = 12, head = 0, tail = 0
Buffer contents from 240 to 259
-
0x02 0x0c 0x00 0x00 0x00 0x00 0x00 0x50 0x41 0x00 0x00 0x00 0x00 0x00 0x00 0x40 0x41 0x43 0x42 0x03 
-
------------------------------------------------------------
dt = 1.i = 13, head = 0, tail = 0
Buffer contents from 260 to 279
-
0x02 0x0d 0x00 0x00 0x00 0x00 0x00 0x60 0x41 0x00 0x00 0x00 0x00 0x00 0x00 0x50 0x41 0x43 0x42 0x03 
-
------------------------------------------------------------
dt = 1.i = 14, head = 0, tail = 0
Buffer contents from 280 to 299
-
0x02 0x0e 0x00 0x00 0x00 0x00 0x00 0x70 0x41 0x00 0x00 0x00 0x00 0x00 0x00 0x60 0x41 0x43 0x42 0x03 
-
------------------------------------------------------------
dt = 0.i = 15, head = 0, tail = 0
Buffer contents from 300 to 319
-
0x02 0x0f 0x00 0x00 0x00 0x00 0x00 0x80 0x41 0x00 0x00 0x00 0x00 0x00 0x00 0x70 0x41 0x43 0x42 0x03 
-
------------------------------------------------------------
dt = 0.i = 16, head = 0, tail = 0
Buffer contents from 320 to 339
-
0x02 0x10 0x00 0x00 0x00 0x00 0x00 0x88 0x41 0x00 0x00 0x00 0x00 0x00 0x00 0x80 0x41 0x43 0x42 0x03 
-
------------------------------------------------------------
dt = 0.i = 17, head = 0, tail = 0
Buffer contents from 340 to 359
-
0x02 0x11 0x00 0x00 0x00 0x00 0x00 0x90 0x41 0x00 0x00 0x00 0x00 0x00 0x00 0x88 0x41 0x43 0x42 0x03 
-
------------------------------------------------------------
dt = 0.i = 18, head = 0, tail = 0
Buffer contents from 360 to 379
-
0x02 0x12 0x00 0x00 0x00 0x00 0x00 0x98 0x41 0x00 0x00 0x00 0x00 0x00 0x00 0x90 0x41 0x43 0x42 0x03 
-
------------------------------------------------------------
dt = 0.i = 19, head = 0, tail = 0
Buffer contents from 380 to 399
-
0x02 0x13 0x00 0x00 0x00 0x00 0x00 0xa0 0x41 0x00 0x00 0x00 0x00 0x00 0x00 0x98 0x41 0x43 0x42 0x03 
-
------------------------------------------------------------
dt = 1.i = 20, head = 0, tail = 0
Buffer contents from 400 to 419
-
0x02 0x14 0x00 0x00 0x00 0x00 0x00 0xa8 0x41 0x00 0x00 0x00 0x00 0x00 0x00 0xa0 0x41 0x43 0x42 0x03 
-
------------------------------------------------------------
dt = 0.i = 21, head = 0, tail = 0
Buffer contents from 420 to 439
-
0x02 0x15 0x00 0x00 0x00 0x00 0x00 0xb0 0x41 0x00 0x00 0x00 0x00 0x00 0x00 0xa8 0x41 0x43 0x42 0x03 
-
------------------------------------------------------------
dt = 0.i = 22, head = 0, tail = 0
Buffer contents from 440 to 459
-
0x02 0x16 0x00 0x00 0x00 0x00 0x00 0xb8 0x41 0x00 0x00 0x00 0x00 0x00 0x00 0xb0 0x41 0x43 0x42 0x03 
-
------------------------------------------------------------
dt = 0.i = 23, head = 0, tail = 0
Buffer contents from 460 to 479
-
0x02 0x17 0x00 0x00 0x00 0x00 0x00 0xc0 0x41 0x00 0x00 0x00 0x00 0x00 0x00 0xb8 0x41 0x43 0x42 0x03 
-
------------------------------------------------------------
dt = 0.i = 24, head = 0, tail = 0
Buffer contents from 480 to 499
-
0x02 0x18 0x00 0x00 0x00 0x00 0x00 0xc8 0x41 0x00 0x00 0x00 0x00 0x00 0x00 0xc0 0x41 0x43 0x42 0x03 
-
------------------------------------------------------------
dt = 1.i = 25, head = 1, tail = 0
Buffer contents from 500 to 519
-
0x02 0x19 0x00 0x00 0x00 0x00 0x00 0xd0 0x41 0x00 0x00 0x00 0x00 0x00 0x00 0xc8 0x41 0x43 0x42 0x03 
-
------------------------------------------------------------
dt = 0.i = 26, head = 1, tail = 0
Buffer contents from 520 to 539
-
0x02 0x1a 0x00 0x00 0x00 0x00 0x00 0xd8 0x41 0x00 0x00 0x00 0x00 0x00 0x00 0xd0 0x41 0x43 0x42 0x03 
-
------------------------------------------------------------
dt = 1.i = 27, head = 1, tail = 0
Buffer contents from 540 to 559
-
0x02 0x1b 0x00 0x00 0x00 0x00 0x00 0xe0 0x41 0x00 0x00 0x00 0x00 0x00 0x00 0xd8 0x41 0x43 0x42 0x03 
-
------------------------------------------------------------
dt = 0.i = 28, head = 1, tail = 0
Buffer contents from 560 to 579
-
0x02 0x1c 0x00 0x00 0x00 0x00 0x00 0xe8 0x41 0x00 0x00 0x00 0x00 0x00 0x00 0xe0 0x41 0x43 0x42 0x03 
-
------------------------------------------------------------
dt = 0.i = 29, head = 1, tail = 0
Buffer contents from 580 to 599
-
0x02 0x1d 0x00 0x00 0x00 0x00 0x00 0xf0 0x41 0x00 0x00 0x00 0x00 0x00 0x00 0xe8 0x41 0x43 0x42 0x03 
-
WHOLE BUFFER CONTENTS
 ->Buffer contents from 0 to 599
-
0x02 0x00 0x00 0x00 0x00 0x00 0x00 0x80 0x3f 0x00 0x00 0x00 0x00 0x00 0x00 0x00 0x00 0x43 0x42 0x03 
0x02 0x01 0x00 0x00 0x00 0x00 0x00 0x00 0x40 0x00 0x00 0x00 0x00 0x00 0x00 0x80 0x3f 0x43 0x42 0x03 
0x02 0x02 0x00 0x00 0x00 0x00 0x00 0x40 0x40 0x00 0x00 0x00 0x00 0x00 0x00 0x00 0x40 0x43 0x42 0x03 
0x02 0x03 
0x00 0x00 0x00 0x00 0x00 0x80 0x40 0x00 0x00 0x00 0x00 0x00 0x00 0x40 0x40 0x43 0x42 0x03 
0x02 0x04 0x00 0x00 0x00 0x00 0x00 0xa0 0x40 0x00 0x00 0x00 0x00 0x00 0x00 0x80 0x40 0x43 0x42 0x03 
0x02 0x05 0x00 0x00 0x00 0x00 0x00 0xc0 0x40 0x00 0x00 0x00 0x00 0x00 0x00 0xa0 0x40 0x43 0x42 0x03 
0x02 0x06 0x00 0x00 0x00 0x00 0x00 0xe0 0x40 0x00 0x00 0x00 0x00 0x00 0x00 0xc0 0x40 0x43 0x42 0x03 
0x02 0x07 0x00 0x00 0x00 0x00 0x00 0x00 0x41 0x00 0x00 0x00 0x00 0x00 0x00 0xe0 0x40 0x43 0x42 0x03 
0x02 0x08 0x00 0x00 0x00 0x00 0x00 0x10 0x41 0x00 0x00 0x00 0x00 0x00 0x00 0x00 0x41 0x43 0x42 0x03 
0x02 0x09 0x00 0x00 0x00 0x00 0x00 0x20 0x41 0x00 0x00 0x00 0x00 0x00 0x00 0x10 0x41 0x43 0x42 0x03 
0x02 0x0a 0x00 0x00 0x00 0x00 0x00 0x30 0x41 0x00 0x00 0x00 0x00 0x00 0x00 0x20 0x41 0x43 0x42 0x03 
0x02 0x0b 0x00 0x00 0x00 0x00 0x00 0x40 0x41 0x00 0x00 0x00 0x00 0x00 0x00 0x30 0x41 0x43 0x42 0x03 
0x02 0x0c 0x00 0x00 0x00 0x00 0x00 0x50 0x41 0x00 0x00 0x00 0x00 0x00 0x00 0x40 0x41 0x43 0x42 0x03 
0x02 0x0d 0x00 0x00 0x00 0x00 0x00 0x60 0x41 0x00 0x00 0x00 0x00 0x00 0x00 0x50 0x41 0x43 0x42 0x03 
0x02 0x0e 0x00 0x00 0x00 0x00 0x00 0x70 0x41 0x00 0x00 0x00 0x00 0x00 0x00 0x60 0x41 0x43 0x42 0x03 
0x02 0x0f 0x00 0x00 0x00 0x00 0x00 0x80 0x41 0x00 0x00 0x00 0x00 0x00 0x00 0x70 0x41 0x43 0x42 0x03 
0x02 0x10 0x00 0x00 0x00 0x00 0x00 0x88 0x41 0x00 0x00 0x00 0x00 0x00 0x00 0x80 0x41 0x43 0x42 0x03 
0x02 0x11 0x00 0x00 0x00 0x00 0x00 0x90 0x41 0x00 0x00 0x00 0x00 0x00 0x00 0x88 0x41 0x43 0x42 0x03 
0x02 0x12 0x00 0x00 0x00 0x00 0x00 0x98 0x41 0x00 0x00 0x00 0x00 0x00 0x00 0x90 0x41 0x43 0x42 0x03 
0x02 0x13 0x00 0x00 0x00 0x00 0x00 0xa0 0x41 0x00 0x00 0x00 0x00 0x00 0x00 0x98 0x41 0x43 0x42 0x03 
0x02 0x14 0x00 0x00 0x00 0x00 0x00 0xa8 0x41 0x00 0x00 0x00 0x00 0x00 0x00 0xa0 0x41 0x43 0x42 0x03 
0x02 0x15 0x00 0x00 0x00 0x00 0x00 0xb0 0x41 0x00 0x00 0x00 0x00 0x00 0x00 0xa8 0x41 0x43 0x42 0x03 
0x02 0x16 0x00 0x00 0x00 0x00 0x00 0xb8 0x41 0x00 0x00 0x00 0x00 0x00 0x00 0xb0 0x41 0x43 0x42 0x03 
0x02 0x17 0x00 0x00 0x00 0x00 0x00 0xc0 0x41 0x00 0x00 0x00 0x00 0x00 0x00 0xb8 0x41 0x43 0x42 0x03 
0x02 0x18 0x00 0x00 0x00 0x00 0x00 0xc8 0x41 0x00 0x00 0x00 0x00 0x00 0x00 0xc0 0x41 0x43 0x42 0x03 
0x02 0x19 0x00 0x00 0x00 0x00 0x00 0xd0 0x41 0x00 0x00 0x00 0x00 0x00 0x00 0xc8 0x41 0x43 0x42 0x03 
0x02 0x1a 0x00 0x00 0x00 0x00 0x00 0xd8 0x41 0x00 0x00 0x00 0x00 0x00 0x00 0xd0 0x41 0x43 0x42 0x03 
0x02 0x1b 0x00 0x00 0x00 0x00 0x00 0xe0 0x41 0x00 0x00 0x00 0x00 0x00 0x00 0xd8 0x41 0x43 0x42 0x03 
0x02 0x1c 0x00 0x00 0x00 0x00 0x00 0xe8 0x41 0x00 0x00 0x00 0x00 0x00 0x00 0xe0 0x41 0x43 0x42 0x03 
0x02 0x1d 0x00 0x00 0x00 0x00 0x00 0xf0 0x41 0x00 0x00 0x00 0x00 0x00 0x00 0xe8 0x41 0x43 0x42 0x03 
-
<-
FIRST BLOCK OF BUFFER:
->Buffer contents from 0 to 511
-
0x02 0x00 0x00 0x00 0x00 0x00 0x00 0x80 0x3f 0x00 0x00 0x00 0x00 0x00 0x00 0x00 0x00 0x43 0x42 0x03 
0x02 0x01 0x00 0x00 0x00 0x00 0x00 0x00 0x40 0x00 0x00 0x00 0x00 0x00 0x00 0x80 0x3f 0x43 0x42 0x03 
0x02 0x02 0x00 0x00 0x00 0x00 0x00 0x40 0x40 0x00 0x00 0x00 0x00 0x00 0x00 0x00 0x40 0x43 0x42 0x03 
0x02 0x03 
0x00 0x00 0x00 0x00 0x00 0x80 0x40 0x00 0x00 0x00 0x00 0x00 0x00 0x40 0x40 0x43 0x42 0x03 
0x02 0x04 0x00 0x00 0x00 0x00 0x00 0xa0 0x40 0x00 0x00 0x00 0x00 0x00 0x00 0x80 0x40 0x43 0x42 0x03 
0x02 0x05 0x00 0x00 0x00 0x00 0x00 0xc0 0x40 0x00 0x00 0x00 0x00 0x00 0x00 0xa0 0x40 0x43 0x42 0x03 
0x02 0x06 0x00 0x00 0x00 0x00 0x00 0xe0 0x40 0x00 0x00 0x00 0x00 0x00 0x00 0xc0 0x40 0x43 0x42 0x03 
0x02 0x07 0x00 0x00 0x00 0x00 0x00 0x00 0x41 0x00 0x00 0x00 0x00 0x00 0x00 0xe0 0x40 0x43 0x42 0x03 
0x02 0x08 0x00 0x00 0x00 0x00 0x00 0x10 0x41 0x00 0x00 0x00 0x00 0x00 0x00 0x00 0x41 0x43 0x42 0x03 
0x02 0x09 0x00 0x00 0x00 0x00 0x00 0x20 0x41 0x00 0x00 0x00 0x00 0x00 0x00 0x10 0x41 0x43 0x42 0x03 
0x02 0x0a 0x00 0x00 0x00 0x00 0x00 0x30 0x41 0x00 0x00 0x00 0x00 0x00 0x00 0x20 0x41 0x43 0x42 0x03 
0x02 0x0b 0x00 0x00 0x00 0x00 0x00 0x40 0x41 0x00 0x00 0x00 0x00 0x00 0x00 0x30 0x41 0x43 0x42 0x03 
0x02 0x0c 0x00 0x00 0x00 0x00 0x00 0x50 0x41 0x00 0x00 0x00 0x00 0x00 0x00 0x40 0x41 0x43 0x42 0x03 
0x02 0x0d 0x00 0x00 0x00 0x00 0x00 0x60 0x41 0x00 0x00 0x00 0x00 0x00 0x00 0x50 0x41 0x43 0x42 0x03 
0x02 0x0e 0x00 0x00 0x00 0x00 0x00 0x70 0x41 0x00 0x00 0x00 0x00 0x00 0x00 0x60 0x41 0x43 0x42 0x03 
0x02 0x0f 0x00 0x00 0x00 0x00 0x00 0x80 0x41 0x00 0x00 0x00 0x00 0x00 0x00 0x70 0x41 0x43 0x42 0x03 
0x02 0x10 0x00 0x00 0x00 0x00 0x00 0x88 0x41 0x00 0x00 0x00 0x00 0x00 0x00 0x80 0x41 0x43 0x42 0x03 
0x02 0x11 0x00 0x00 0x00 0x00 0x00 0x90 0x41 0x00 0x00 0x00 0x00 0x00 0x00 0x88 0x41 0x43 0x42 0x03 
0x02 0x12 0x00 0x00 0x00 0x00 0x00 0x98 0x41 0x00 0x00 0x00 0x00 0x00 0x00 0x90 0x41 0x43 0x42 0x03 
0x02 0x13 0x00 0x00 0x00 0x00 0x00 0xa0 0x41 0x00 0x00 0x00 0x00 0x00 0x00 0x98 0x41 0x43 0x42 0x03 
0x02 0x14 0x00 0x00 0x00 0x00 0x00 0xa8 0x41 0x00 0x00 0x00 0x00 0x00 0x00 0xa0 0x41 0x43 0x42 0x03 
0x02 0x15 0x00 0x00 0x00 0x00 0x00 0xb0 0x41 0x00 0x00 0x00 0x00 0x00 0x00 0xa8 0x41 0x43 0x42 0x03 
0x02 0x16 0x00 0x00 0x00 0x00 0x00 0xb8 0x41 0x00 0x00 0x00 0x00 0x00 0x00 0xb0 0x41 0x43 0x42 0x03 
0x02 0x17 0x00 0x00 0x00 0x00 0x00 0xc0 0x41 0x00 0x00 0x00 0x00 0x00 0x00 0xb8 0x41 0x43 0x42 0x03 
0x02 0x18 0x00 0x00 0x00 0x00 0x00 0xc8 0x41 0x00 0x00 0x00 0x00 0x00 0x00 0xc0 0x41 0x43 0x42 0x03 
0x02 0x19 0x00 0x00 0x00 0x00 0x00 0xd0 0x41 0x00 0x00 0x00 -
<-
Writing firs block to logs/bin/log4.bin
Wrote 512 bytes to logs/bin/log4.bin dt = 11, closing file logs/bin/log4.bin
