SUCCESS SD CARD
Successfully opened logs/bin/log2.bin
------------------------------------------------------------
dt = 1.i = 0, head = 0, tail = 0
Buffer contents from 0 to 25
-
0x02 0x00 0x00 0xc0 0x3f 0x20 0x00 0x00 0x48 0x40 0x20 0xef 0xbe 0xad 0xde 0x20 0x00 0x00 0x00 0x00 0x20 0x0a 0x20 0x0b 0x20 0x03 
-
------------------------------------------------------------
dt = 0.i = 1, head = 0, tail = 0
Buffer contents from 26 to 51
-
0x02 0x00 0x00 0xc0 0x3f 0x20 0x00 0x00 0x48 0x40 0x20 0xef 0xbe 0xad 0xde 0x20 0x01 0x00 0x00 0x00 0x20 0x0a 0x20 0x0b 0x20 0x03 
-
------------------------------------------------------------
dt = 1.i = 2, head = 0, tail = 0
Buffer contents from 52 to 77
-
0x02 0x00 0x00 0xc0 0x3f 0x20 0x00 0x00 0x48 0x40 0x20 0xef 0xbe 0xad 0xde 0x20 0x02 0x00 0x00 0x00 0x20 0x0a 0x20 0x0b 0x20 0x03 
-
------------------------------------------------------------
dt = 0.i = 3, head = 0, tail = 0
Buffer contents from 78 to 103
-
0x02 0x00 0x00 0xc0 0x3f 0x20 0x00 0x00 0x48 0x40 0x20 0xef 0xbe 0xad 0xde 0x20 0x03 
0x00 0x00 0x00 0x20 0x0a 0x20 0x0b 0x20 0x03 
-
------------------------------------------------------------
dt = 1.i = 4, head = 0, tail = 0
Buffer contents from 104 to 129
-
0x02 0x00 0x00 0xc0 0x3f 0x20 0x00 0x00 0x48 0x40 0x20 0xef 0xbe 0xad 0xde 0x20 0x04 0x00 0x00 0x00 0x20 0x0a 0x20 0x0b 0x20 0x03 
-
------------------------------------------------------------
dt = 0.i = 5, head = 0, tail = 0
Buffer contents from 130 to 155
-
0x02 0x00 0x00 0xc0 0x3f 0x20 0x00 0x00 0x48 0x40 0x20 0xef 0xbe 0xad 0xde 0x20 0x05 0x00 0x00 0x00 0x20 0x0a 0x20 0x0b 0x20 0x03 
-
------------------------------------------------------------
dt = 1.i = 6, head = 0, tail = 0
Buffer contents from 156 to 181
-
0x02 0x00 0x00 0xc0 0x3f 0x20 0x00 0x00 0x48 0x40 0x20 0xef 0xbe 0xad 0xde 0x20 0x06 0x00 0x00 0x00 0x20 0x0a 0x20 0x0b 0x20 0x03 
-
------------------------------------------------------------
dt = 0.i = 7, head = 0, tail = 0
Buffer contents from 182 to 207
-
0x02 0x00 0x00 0xc0 0x3f 0x20 0x00 0x00 0x48 0x40 0x20 0xef 0xbe 0xad 0xde 0x20 0x07 0x00 0x00 0x00 0x20 0x0a 0x20 0x0b 0x20 0x03 
-
------------------------------------------------------------
dt = 0.i = 8, head = 0, tail = 0
Buffer contents from 208 to 233
-
0x02 0x00 0x00 0xc0 0x3f 0x20 0x00 0x00 0x48 0x40 0x20 0xef 0xbe 0xad 0xde 0x20 0x08 0x00 0x00 0x00 0x20 0x0a 0x20 0x0b 0x20 0x03 
-
------------------------------------------------------------
dt = 1.i = 9, head = 0, tail = 0
Buffer contents from 234 to 259
-
0x02 0x00 0x00 0xc0 0x3f 0x20 0x00 0x00 0x48 0x40 0x20 0xef 0xbe 0xad 0xde 0x20 0x09 0x00 0x00 0x00 0x20 0x0a 0x20 0x0b 0x20 0x03 
-
------------------------------------------------------------
dt = 0.i = 10, head = 0, tail = 0
Buffer contents from 260 to 285
-
0x02 0x00 0x00 0xc0 0x3f 0x20 0x00 0x00 0x48 0x40 0x20 0xef 0xbe 0xad 0xde 0x20 0x0a 0x00 0x00 0x00 0x20 0x0a 0x20 0x0b 0x20 0x03 
-
------------------------------------------------------------
dt = 1.i = 11, head = 0, tail = 0
Buffer contents from 286 to 311
-
0x02 0x00 0x00 0xc0 0x3f 0x20 0x00 0x00 0x48 0x40 0x20 0xef 0xbe 0xad 0xde 0x20 0x0b 0x00 0x00 0x00 0x20 0x0a 0x20 0x0b 0x20 0x03 
-
------------------------------------------------------------
dt = 0.i = 12, head = 0, tail = 0
Buffer contents from 312 to 337
-
0x02 0x00 0x00 0xc0 0x3f 0x20 0x00 0x00 0x48 0x40 0x20 0xef 0xbe 0xad 0xde 0x20 0x0c 0x00 0x00 0x00 0x20 0x0a 0x20 0x0b 0x20 0x03 
-
------------------------------------------------------------
dt = 0.i = 13, head = 0, tail = 0
Buffer contents from 338 to 363
-
0x02 0x00 0x00 0xc0 0x3f 0x20 0x00 0x00 0x48 0x40 0x20 0xef 0xbe 0xad 0xde 0x20 0x0d 0x00 0x00 0x00 0x20 0x0a 0x20 0x0b 0x20 0x03 
-
------------------------------------------------------------
dt = 0.i = 14, head = 0, tail = 0
Buffer contents from 364 to 389
-
0x02 0x00 0x00 0xc0 0x3f 0x20 0x00 0x00 0x48 0x40 0x20 0xef 0xbe 0xad 0xde 0x20 0x0e 0x00 0x00 0x00 0x20 0x0a 0x20 0x0b 0x20 0x03 
-
------------------------------------------------------------
dt = 0.i = 15, head = 0, tail = 0
Buffer contents from 390 to 415
-
0x02 0x00 0x00 0xc0 0x3f 0x20 0x00 0x00 0x48 0x40 0x20 0xef 0xbe 0xad 0xde 0x20 0x0f 0x00 0x00 0x00 0x20 0x0a 0x20 0x0b 0x20 0x03 
-
------------------------------------------------------------
dt = 0.i = 16, head = 0, tail = 0
Buffer contents from 416 to 441
-
0x02 0x00 0x00 0xc0 0x3f 0x20 0x00 0x00 0x48 0x40 0x20 0xef 0xbe 0xad 0xde 0x20 0x10 0x00 0x00 0x00 0x20 0x0a 0x20 0x0b 0x20 0x03 
-
------------------------------------------------------------
dt = 0.i = 17, head = 0, tail = 0
Buffer contents from 442 to 467
-
0x02 0x00 0x00 0xc0 0x3f 0x20 0x00 0x00 0x48 0x40 0x20 0xef 0xbe 0xad 0xde 0x20 0x11 0x00 0x00 0x00 0x20 0x0a 0x20 0x0b 0x20 0x03 
-
------------------------------------------------------------
dt = 0.i = 18, head = 0, tail = 0
Buffer contents from 468 to 493
-
0x02 0x00 0x00 0xc0 0x3f 0x20 0x00 0x00 0x48 0x40 0x20 0xef 0xbe 0xad 0xde 0x20 0x12 0x00 0x00 0x00 0x20 0x0a 0x20 0x0b 0x20 0x03 
-
------------------------------------------------------------
dt = 1.i = 19, head = 1, tail = 0
Buffer contents from 494 to 519
-
0x02 0x00 0x00 0xc0 0x3f 0x20 0x00 0x00 0x48 0x40 0x20 0xef 0xbe 0xad 0xde 0x20 0x13 0x00 0x00 0x00 0x20 0x0a 0x20 0x0b 0x20 0x03 
-
------------------------------------------------------------
dt = 0.i = 20, head = 1, tail = 0
Buffer contents from 520 to 545
-
0x02 0x00 0x00 0xc0 0x3f 0x20 0x00 0x00 0x48 0x40 0x20 0xef 0xbe 0xad 0xde 0x20 0x14 0x00 0x00 0x00 0x20 0x0a 0x20 0x0b 0x20 0x03 
-
------------------------------------------------------------
dt = 1.i = 21, head = 1, tail = 0
Buffer contents from 546 to 571
-
0x02 0x00 0x00 0xc0 0x3f 0x20 0x00 0x00 0x48 0x40 0x20 0xef 0xbe 0xad 0xde 0x20 0x15 0x00 0x00 0x00 0x20 0x0a 0x20 0x0b 0x20 0x03 
-
------------------------------------------------------------
dt = 0.i = 22, head = 1, tail = 0
Buffer contents from 572 to 597
-
0x02 0x00 0x00 0xc0 0x3f 0x20 0x00 0x00 0x48 0x40 0x20 0xef 0xbe 0xad 0xde 0x20 0x16 0x00 0x00 0x00 0x20 0x0a 0x20 0x0b 0x20 0x03 
-
------------------------------------------------------------
dt = 1.i = 23, head = 1, tail = 0
Buffer contents from 598 to 623
-
0x02 0x00 0x00 0xc0 0x3f 0x20 0x00 0x00 0x48 0x40 0x20 0xef 0xbe 0xad 0xde 0x20 0x17 0x00 0x00 0x00 0x20 0x0a 0x20 0x0b 0x20 0x03 
-
------------------------------------------------------------
dt = 1.i = 24, head = 1, tail = 0
Buffer contents from 624 to 649
-
0x02 0x00 0x00 0xc0 0x3f 0x20 0x00 0x00 0x48 0x40 0x20 0xef 0xbe 0xad 0xde 0x20 0x18 0x00 0x00 0x00 0x20 0x0a 0x20 0x0b 0x20 0x03 
-
------------------------------------------------------------
dt = 0.i = 25, head = 1, tail = 0
Buffer contents from 650 to 675
-
0x02 0x00 0x00 0xc0 0x3f 0x20 0x00 0x00 0x48 0x40 0x20 0xef 0xbe 0xad 0xde 0x20 0x19 0x00 0x00 0x00 0x20 0x0a 0x20 0x0b 0x20 0x03 
-
------------------------------------------------------------
dt = 1.i = 26, head = 1, tail = 0
Buffer contents from 676 to 701
-
0x02 0x00 0x00 0xc0 0x3f 0x20 0x00 0x00 0x48 0x40 0x20 0xef 0xbe 0xad 0xde 0x20 0x1a 0x00 0x00 0x00 0x20 0x0a 0x20 0x0b 0x20 0x03 
-
------------------------------------------------------------
dt = 0.i = 27, head = 1, tail = 0
Buffer contents from 702 to 727
-
0x02 0x00 0x00 0xc0 0x3f 0x20 0x00 0x00 0x48 0x40 0x20 0xef 0xbe 0xad 0xde 0x20 0x1b 0x00 0x00 0x00 0x20 0x0a 0x20 0x0b 0x20 0x03 
-
------------------------------------------------------------
dt = 1.i = 28, head = 1, tail = 0
Buffer contents from 728 to 753
-
0x02 0x00 0x00 0xc0 0x3f 0x20 0x00 0x00 0x48 0x40 0x20 0xef 0xbe 0xad 0xde 0x20 0x1c 0x00 0x00 0x00 0x20 0x0a 0x20 0x0b 0x20 0x03 
-
------------------------------------------------------------
dt = 0.i = 29, head = 1, tail = 0
Buffer contents from 754 to 779
-
0x02 0x00 0x00 0xc0 0x3f 0x20 0x00 0x00 0x48 0x40 0x20 0xef 0xbe 0xad 0xde 0x20 0x1d 0x00 0x00 0x00 0x20 0x0a 0x20 0x0b 0x20 0x03 
-
WHOLE BUFFER CONTENTS
 ->Buffer contents from 0 to 779
-
0x02 0x00 0x00 0xc0 0x3f 0x20 0x00 0x00 0x48 0x40 0x20 0xef 0xbe 0xad 0xde 0x20 0x00 0x00 0x00 0x00 0x20 0x0a 0x20 0x0b 0x20 0x03 
0x02 0x00 0x00 0xc0 0x3f 0x20 0x00 0x00 0x48 0x40 0x20 0xef 0xbe 0xad 0xde 0x20 0x01 0x00 0x00 0x00 0x20 0x0a 0x20 0x0b 0x20 0x03 
0x02 0x00 0x00 0xc0 0x3f 0x20 0x00 0x00 0x48 0x40 0x20 0xef 0xbe 0xad 0xde 0x20 0x02 0x00 0x00 0x00 0x20 0x0a 0x20 0x0b 0x20 0x03 
0x02 0x00 0x00 0xc0 0x3f 0x20 0x00 0x00 0x48 0x40 0x20 0xef 0xbe 0xad 0xde 0x20 0x03 
0x00 0x00 0x00 0x20 0x0a 0x20 0x0b 0x20 0x03 
0x02 0x00 0x00 0xc0 0x3f 0x20 0x00 0x00 0x48 0x40 0x20 0xef 0xbe 0xad 0xde 0x20 0x04 0x00 0x00 0x00 0x20 0x0a 0x20 0x0b 0x20 0x03 
0x02 0x00 0x00 0xc0 0x3f 0x20 0x00 0x00 0x48 0x40 0x20 0xef 0xbe 0xad 0xde 0x20 0x05 0x00 0x00 0x00 0x20 0x0a 0x20 0x0b 0x20 0x03 
0x02 0x00 0x00 0xc0 0x3f 0x20 0x00 0x00 0x48 0x40 0x20 0xef 0xbe 0xad 0xde 0x20 0x06 0x00 0x00 0x00 0x20 0x0a 0x20 0x0b 0x20 0x03 
0x02 0x00 0x00 0xc0 0x3f 0x20 0x00 0x00 0x48 0x40 0x20 0xef 0xbe 0xad 0xde 0x20 0x07 0x00 0x00 0x00 0x20 0x0a 0x20 0x0b 0x20 0x03 
0x02 0x00 0x00 0xc0 0x3f 0x20 0x00 0x00 0x48 0x40 0x20 0xef 0xbe 0xad 0xde 0x20 0x08 0x00 0x00 0x00 0x20 0x0a 0x20 0x0b 0x20 0x03 
0x02 0x00 0x00 0xc0 0x3f 0x20 0x00 0x00 0x48 0x40 0x20 0xef 0xbe 0xad 0xde 0x20 0x09 0x00 0x00 0x00 0x20 0x0a 0x20 0x0b 0x20 0x03 
0x02 0x00 0x00 0xc0 0x3f 0x20 0x00 0x00 0x48 0x40 0x20 0xef 0xbe 0xad 0xde 0x20 0x0a 0x00 0x00 0x00 0x20 0x0a 0x20 0x0b 0x20 0x03 
0x02 0x00 0x00 0xc0 0x3f 0x20 0x00 0x00 0x48 0x40 0x20 0xef 0xbe 0xad 0xde 0x20 0x0b 0x00 0x00 0x00 0x20 0x0a 0x20 0x0b 0x20 0x03 
0x02 0x00 0x00 0xc0 0x3f 0x20 0x00 0x00 0x48 0x40 0x20 0xef 0xbe 0xad 0xde 0x20 0x0c 0x00 0x00 0x00 0x20 0x0a 0x20 0x0b 0x20 0x03 
0x02 0x00 0x00 0xc0 0x3f 0x20 0x00 0x00 0x48 0x40 0x20 0xef 0xbe 0xad 0xde 0x20 0x0d 0x00 0x00 0x00 0x20 0x0a 0x20 0x0b 0x20 0x03 
0x02 0x00 0x00 0xc0 0x3f 0x20 0x00 0x00 0x48 0x40 0x20 0xef 0xbe 0xad 0xde 0x20 0x0e 0x00 0x00 0x00 0x20 0x0a 0x20 0x0b 0x20 0x03 
0x02 0x00 0x00 0xc0 0x3f 0x20 0x00 0x00 0x48 0x40 0x20 0xef 0xbe 0xad 0xde 0x20 0x0f 0x00 0x00 0x00 0x20 0x0a 0x20 0x0b 0x20 0x03 
0x02 0x00 0x00 0xc0 0x3f 0x20 0x00 0x00 0x48 0x40 0x20 0xef 0xbe 0xad 0xde 0x20 0x10 0x00 0x00 0x00 0x20 0x0a 0x20 0x0b 0x20 0x03 
0x02 0x00 0x00 0xc0 0x3f 0x20 0x00 0x00 0x48 0x40 0x20 0xef 0xbe 0xad 0xde 0x20 0x11 0x00 0x00 0x00 0x20 0x0a 0x20 0x0b 0x20 0x03 
0x02 0x00 0x00 0xc0 0x3f 0x20 0x00 0x00 0x48 0x40 0x20 0xef 0xbe 0xad 0xde 0x20 0x12 0x00 0x00 0x00 0x20 0x0a 0x20 0x0b 0x20 0x03 
0x02 0x00 0x00 0xc0 0x3f 0x20 0x00 0x00 0x48 0x40 0x20 0xef 0xbe 0xad 0xde 0x20 0x13 0x00 0x00 0x00 0x20 0x0a 0x20 0x0b 0x20 0x03 
0x02 0x00 0x00 0xc0 0x3f 0x20 0x00 0x00 0x48 0x40 0x20 0xef 0xbe 0xad 0xde 0x20 0x14 0x00 0x00 0x00 0x20 0x0a 0x20 0x0b 0x20 0x03 
0x02 0x00 0x00 0xc0 0x3f 0x20 0x00 0x00 0x48 0x40 0x20 0xef 0xbe 0xad 0xde 0x20 0x15 0x00 0x00 0x00 0x20 0x0a 0x20 0x0b 0x20 0x03 
0x02 0x00 0x00 0xc0 0x3f 0x20 0x00 0x00 0x48 0x40 0x20 0xef 0xbe 0xad 0xde 0x20 0x16 0x00 0x00 0x00 0x20 0x0a 0x20 0x0b 0x20 0x03 
0x02 0x00 0x00 0xc0 0x3f 0x20 0x00 0x00 0x48 0x40 0x20 0xef 0xbe 0xad 0xde 0x20 0x17 0x00 0x00 0x00 0x20 0x0a 0x20 0x0b 0x20 0x03 
0x02 0x00 0x00 0xc0 0x3f 0x20 0x00 0x00 0x48 0x40 0x20 0xef 0xbe 0xad 0xde 0x20 0x18 0x00 0x00 0x00 0x20 0x0a 0x20 0x0b 0x20 0x03 
0x02 0x00 0x00 0xc0 0x3f 0x20 0x00 0x00 0x48 0x40 0x20 0xef 0xbe 0xad 0xde 0x20 0x19 0x00 0x00 0x00 0x20 0x0a 0x20 0x0b 0x20 0x03 
0x02 0x00 0x00 0xc0 0x3f 0x20 0x00 0x00 0x48 0x40 0x20 0xef 0xbe 0xad 0xde 0x20 0x1a 0x00 0x00 0x00 0x20 0x0a 0x20 0x0b 0x20 0x03 
0x02 0x00 0x00 0xc0 0x3f 0x20 0x00 0x00 0x48 0x40 0x20 0xef 0xbe 0xad 0xde 0x20 0x1b 0x00 0x00 0x00 0x20 0x0a 0x20 0x0b 0x20 0x03 
0x02 0x00 0x00 0xc0 0x3f 0x20 0x00 0x00 0x48 0x40 0x20 0xef 0xbe 0xad 0xde 0x20 0x1c 0x00 0x00 0x00 0x20 0x0a 0x20 0x0b 0x20 0x03 
0x02 0x00 0x00 0xc0 0x3f 0x20 0x00 0x00 0x48 0x40 0x20 0xef 0xbe 0xad 0xde 0x20 0x1d 0x00 0x00 0x00 0x20 0x0a 0x20 0x0b 0x20 0x03 
-
<-
FIRST BLOCK OF BUFFER:
->Buffer contents from 0 to 511
-
0x02 0x00 0x00 0xc0 0x3f 0x20 0x00 0x00 0x48 0x40 0x20 0xef 0xbe 0xad 0xde 0x20 0x00 0x00 0x00 0x00 0x20 0x0a 0x20 0x0b 0x20 0x03 
0x02 0x00 0x00 0xc0 0x3f 0x20 0x00 0x00 0x48 0x40 0x20 0xef 0xbe 0xad 0xde 0x20 0x01 0x00 0x00 0x00 0x20 0x0a 0x20 0x0b 0x20 0x03 
0x02 0x00 0x00 0xc0 0x3f 0x20 0x00 0x00 0x48 0x40 0x20 0xef 0xbe 0xad 0xde 0x20 0x02 0x00 0x00 0x00 0x20 0x0a 0x20 0x0b 0x20 0x03 
0x02 0x00 0x00 0xc0 0x3f 0x20 0x00 0x00 0x48 0x40 0x20 0xef 0xbe 0xad 0xde 0x20 0x03 
0x00 0x00 0x00 0x20 0x0a 0x20 0x0b 0x20 0x03 
0x02 0x00 0x00 0xc0 0x3f 0x20 0x00 0x00 0x48 0x40 0x20 0xef 0xbe 0xad 0xde 0x20 0x04 0x00 0x00 0x00 0x20 0x0a 0x20 0x0b 0x20 0x03 
0x02 0x00 0x00 0xc0 0x3f 0x20 0x00 0x00 0x48 0x40 0x20 0xef 0xbe 0xad 0xde 0x20 0x05 0x00 0x00 0x00 0x20 0x0a 0x20 0x0b 0x20 0x03 
0x02 0x00 0x00 0xc0 0x3f 0x20 0x00 0x00 0x48 0x40 0x20 0xef 0xbe 0xad 0xde 0x20 0x06 0x00 0x00 0x00 0x20 0x0a 0x20 0x0b 0x20 0x03 
0x02 0x00 0x00 0xc0 0x3f 0x20 0x00 0x00 0x48 0x40 0x20 0xef 0xbe 0xad 0xde 0x20 0x07 0x00 0x00 0x00 0x20 0x0a 0x20 0x0b 0x20 0x03 
0x02 0x00 0x00 0xc0 0x3f 0x20 0x00 0x00 0x48 0x40 0x20 0xef 0xbe 0xad 0xde 0x20 0x08 0x00 0x00 0x00 0x20 0x0a 0x20 0x0b 0x20 0x03 
0x02 0x00 0x00 0xc0 0x3f 0x20 0x00 0x00 0x48 0x40 0x20 0xef 0xbe 0xad 0xde 0x20 0x09 0x00 0x00 0x00 0x20 0x0a 0x20 0x0b 0x20 0x03 
0x02 0x00 0x00 0xc0 0x3f 0x20 0x00 0x00 0x48 0x40 0x20 0xef 0xbe 0xad 0xde 0x20 0x0a 0x00 0x00 0x00 0x20 0x0a 0x20 0x0b 0x20 0x03 
0x02 0x00 0x00 0xc0 0x3f 0x20 0x00 0x00 0x48 0x40 0x20 0xef 0xbe 0xad 0xde 0x20 0x0b 0x00 0x00 0x00 0x20 0x0a 0x20 0x0b 0x20 0x03 
0x02 0x00 0x00 0xc0 0x3f 0x20 0x00 0x00 0x48 0x40 0x20 0xef 0xbe 0xad 0xde 0x20 0x0c 0x00 0x00 0x00 0x20 0x0a 0x20 0x0b 0x20 0x03 
0x02 0x00 0x00 0xc0 0x3f 0x20 0x00 0x00 0x48 0x40 0x20 0xef 0xbe 0xad 0xde 0x20 0x0d 0x00 0x00 0x00 0x20 0x0a 0x20 0x0b 0x20 0x03 
0x02 0x00 0x00 0xc0 0x3f 0x20 0x00 0x00 0x48 0x40 0x20 0xef 0xbe 0xad 0xde 0x20 0x0e 0x00 0x00 0x00 0x20 0x0a 0x20 0x0b 0x20 0x03 
0x02 0x00 0x00 0xc0 0x3f 0x20 0x00 0x00 0x48 0x40 0x20 0xef 0xbe 0xad 0xde 0x20 0x0f 0x00 0x00 0x00 0x20 0x0a 0x20 0x0b 0x20 0x03 
0x02 0x00 0x00 0xc0 0x3f 0x20 0x00 0x00 0x48 0x40 0x20 0xef 0xbe 0xad 0xde 0x20 0x10 0x00 0x00 0x00 0x20 0x0a 0x20 0x0b 0x20 0x03 
0x02 0x00 0x00 0xc0 0x3f 0x20 0x00 0x00 0x48 0x40 0x20 0xef 0xbe 0xad 0xde 0x20 0x11 0x00 0x00 0x00 0x20 0x0a 0x20 0x0b 0x20 0x03 
0x02 0x00 0x00 0xc0 0x3f 0x20 0x00 0x00 0x48 0x40 0x20 0xef 0xbe 0xad 0xde 0x20 0x12 0x00 0x00 0x00 0x20 0x0a 0x20 0x0b 0x20 0x03 
0x02 0x00 0x00 0xc0 0x3f 0x20 0x00 0x00 0x48 0x40 0x20 0xef 0xbe 0xad 0xde 0x20 0x13 0x00 -
<-
Writing firs block to logs/bin/log2.bin
Wrote 512 bytes to logs/bin/log2.bin dt = 239, closing file logs/bin/log2.bin
