SUCCESS SD CARD
Size of file: 512	 e= 0
o = 1, err = 0
o = 1, err = 0
Size of file: 0	 e= 0
------------------------------------------------------------
dt = 1.i = 0, head = 0, tail = 0
Buffer contents from 0 to 23
-
0x02 0xee 0x11 0x00 0x00 0x00 0x00 0x80 0x3f 0x00 0x00 0x00 0x00 0x00 0x00 0x00 0x40 0x00 0x00 0x40 0x40 0x0a 0x0b 0x03 
-
------------------------------------------------------------
dt = 0.i = 1, head = 0, tail = 0
Buffer contents from 24 to 47
-
0x02 0xee 0x11 0x00 0x00 0x00 0x00 0x00 0x40 0x00 0x00 0x80 0x3f 0x00 0x00 0x40 0x40 0x00 0x00 0x80 0x40 0x0a 0x0b 0x03 
-
------------------------------------------------------------
dt = 1.i = 2, head = 0, tail = 0
Buffer contents from 48 to 71
-
0x02 0xee 0x11 0x00 0x00 0x00 0x00 0x40 0x40 0x00 0x00 0x00 0x40 0x00 0x00 0x80 0x40 0x00 0x00 0xa0 0x40 0x0a 0x0b 0x03 
-
------------------------------------------------------------
dt = 0.i = 3, head = 0, tail = 0
Buffer contents from 72 to 95
-
0x02 0xee 0x11 0x00 0x00 0x00 0x00 0x80 0x40 0x00 0x00 0x40 0x40 0x00 0x00 0xa0 0x40 0x00 0x00 0xc0 0x40 0x0a 0x0b 0x03 
-
------------------------------------------------------------
dt = 0.i = 4, head = 0, tail = 0
Buffer contents from 96 to 119
-
0x02 0xee 0x11 0x00 0x00 0x00 0x00 0xa0 0x40 0x00 0x00 0x80 0x40 0x00 0x00 0xc0 0x40 0x00 0x00 0xe0 0x40 0x0a 0x0b 0x03 
-
------------------------------------------------------------
dt = 0.i = 5, head = 0, tail = 0
Buffer contents from 120 to 143
-
0x02 0xee 0x11 0x00 0x00 0x00 0x00 0xc0 0x40 0x00 0x00 0xa0 0x40 0x00 0x00 0xe0 0x40 0x00 0x00 0x00 0x41 0x0a 0x0b 0x03 
-
------------------------------------------------------------
dt = 0.i = 6, head = 0, tail = 0
Buffer contents from 144 to 167
-
0x02 0xee 0x11 0x00 0x00 0x00 0x00 0xe0 0x40 0x00 0x00 0xc0 0x40 0x00 0x00 0x00 0x41 0x00 0x00 0x10 0x41 0x0a 0x0b 0x03 
-
------------------------------------------------------------
dt = 1.i = 7, head = 0, tail = 0
Buffer contents from 168 to 191
-
0x02 0xee 0x11 0x00 0x00 0x00 0x00 0x00 0x41 0x00 0x00 0xe0 0x40 0x00 0x00 0x10 0x41 0x00 0x00 0x20 0x41 0x0a 0x0b 0x03 
-
------------------------------------------------------------
dt = 0.i = 8, head = 0, tail = 0
Buffer contents from 192 to 215
-
0x02 0xee 0x11 0x00 0x00 0x00 0x00 0x10 0x41 0x00 0x00 0x00 0x41 0x00 0x00 0x20 0x41 0x00 0x00 0x30 0x41 0x0a 0x0b 0x03 
-
------------------------------------------------------------
dt = 0.i = 9, head = 0, tail = 0
Buffer contents from 216 to 239
-
0x02 0xee 0x11 0x00 0x00 0x00 0x00 0x20 0x41 0x00 0x00 0x10 0x41 0x00 0x00 0x30 0x41 0x00 0x00 0x40 0x41 0x0a 0x0b 0x03 
-
------------------------------------------------------------
dt = 1.i = 10, head = 0, tail = 0
Buffer contents from 240 to 263
-
0x02 0xef 0x11 0x00 0x00 0x00 0x00 0x30 0x41 0x00 0x00 0x20 0x41 0x00 0x00 0x40 0x41 0x00 0x00 0x50 0x41 0x0a 0x0b 0x03 
-
------------------------------------------------------------
dt = 0.i = 11, head = 0, tail = 0
Buffer contents from 264 to 287
-
0x02 0xef 0x11 0x00 0x00 0x00 0x00 0x40 0x41 0x00 0x00 0x30 0x41 0x00 0x00 0x50 0x41 0x00 0x00 0x60 0x41 0x0a 0x0b 0x03 
-
------------------------------------------------------------
dt = 1.i = 12, head = 0, tail = 0
Buffer contents from 288 to 311
-
0x02 0xef 0x11 0x00 0x00 0x00 0x00 0x50 0x41 0x00 0x00 0x40 0x41 0x00 0x00 0x60 0x41 0x00 0x00 0x70 0x41 0x0a 0x0b 0x03 
-
------------------------------------------------------------
dt = 0.i = 13, head = 0, tail = 0
Buffer contents from 312 to 335
-
0x02 0xef 0x11 0x00 0x00 0x00 0x00 0x60 0x41 0x00 0x00 0x50 0x41 0x00 0x00 0x70 0x41 0x00 0x00 0x80 0x41 0x0a 0x0b 0x03 
-
------------------------------------------------------------
dt = 1.i = 14, head = 0, tail = 0
Buffer contents from 336 to 359
-
0x02 0xef 0x11 0x00 0x00 0x00 0x00 0x70 0x41 0x00 0x00 0x60 0x41 0x00 0x00 0x80 0x41 0x00 0x00 0x88 0x41 0x0a 0x0b 0x03 
-
------------------------------------------------------------
dt = 0.i = 15, head = 0, tail = 0
Buffer contents from 360 to 383
-
0x02 0xef 0x11 0x00 0x00 0x00 0x00 0x80 0x41 0x00 0x00 0x70 0x41 0x00 0x00 0x88 0x41 0x00 0x00 0x90 0x41 0x0a 0x0b 0x03 
-
------------------------------------------------------------
dt = 0.i = 16, head = 0, tail = 0
Buffer contents from 384 to 407
-
0x02 0xef 0x11 0x00 0x00 0x00 0x00 0x88 0x41 0x00 0x00 0x80 0x41 0x00 0x00 0x90 0x41 0x00 0x00 0x98 0x41 0x0a 0x0b 0x03 
-
------------------------------------------------------------
dt = 0.i = 17, head = 0, tail = 0
Buffer contents from 408 to 431
-
0x02 0xef 0x11 0x00 0x00 0x00 0x00 0x90 0x41 0x00 0x00 0x88 0x41 0x00 0x00 0x98 0x41 0x00 0x00 0xa0 0x41 0x0a 0x0b 0x03 
-
------------------------------------------------------------
dt = 1.i = 18, head = 0, tail = 0
Buffer contents from 432 to 455
-
0x02 0xef 0x11 0x00 0x00 0x00 0x00 0x98 0x41 0x00 0x00 0x90 0x41 0x00 0x00 0xa0 0x41 0x00 0x00 0xa8 0x41 0x0a 0x0b 0x03 
-
------------------------------------------------------------
dt = 0.i = 19, head = 0, tail = 0
Buffer contents from 456 to 479
-
0x02 0xef 0x11 0x00 0x00 0x00 0x00 0xa0 0x41 0x00 0x00 0x98 0x41 0x00 0x00 0xa8 0x41 0x00 0x00 0xb0 0x41 0x0a 0x0b 0x03 
-
------------------------------------------------------------
dt = 0.i = 20, head = 0, tail = 0
Buffer contents from 480 to 503
-
0x02 0xef 0x11 0x00 0x00 0x00 0x00 0xa8 0x41 0x00 0x00 0xa0 0x41 0x00 0x00 0xb0 0x41 0x00 0x00 0xb8 0x41 0x0a 0x0b 0x03 
-
------------------------------------------------------------
dt = 0.i = 21, head = 1, tail = 0
Buffer contents from 504 to 527
-
0x02 0xef 0x11 0x00 0x00 0x00 0x00 0xb0 0x41 0x00 0x00 0xa8 0x41 0x00 0x00 0xb8 0x41 0x00 0x00 0xc0 0x41 0x0a 0x0b 0x03 
-
------------------------------------------------------------
dt = 0.i = 22, head = 1, tail = 0
Buffer contents from 528 to 551
-
0x02 0xef 0x11 0x00 0x00 0x00 0x00 0xb8 0x41 0x00 0x00 0xb0 0x41 0x00 0x00 0xc0 0x41 0x00 0x00 0xc8 0x41 0x0a 0x0b 0x03 
-
------------------------------------------------------------
dt = 0.i = 23, head = 1, tail = 0
Buffer contents from 552 to 575
-
0x02 0xef 0x11 0x00 0x00 0x00 0x00 0xc0 0x41 0x00 0x00 0xb8 0x41 0x00 0x00 0xc8 0x41 0x00 0x00 0xd0 0x41 0x0a 0x0b 0x03 
-
------------------------------------------------------------
dt = 0.i = 24, head = 1, tail = 0
Buffer contents from 576 to 599
-
0x02 0xef 0x11 0x00 0x00 0x00 0x00 0xc8 0x41 0x00 0x00 0xc0 0x41 0x00 0x00 0xd0 0x41 0x00 0x00 0xd8 0x41 0x0a 0x0b 0x03 
-
------------------------------------------------------------
dt = 0.i = 25, head = 1, tail = 0
Buffer contents from 600 to 623
-
0x02 0xef 0x11 0x00 0x00 0x00 0x00 0xd0 0x41 0x00 0x00 0xc8 0x41 0x00 0x00 0xd8 0x41 0x00 0x00 0xe0 0x41 0x0a 0x0b 0x03 
-
------------------------------------------------------------
dt = 1.i = 26, head = 1, tail = 0
Buffer contents from 624 to 647
-
0x02 0xf0 0x11 0x00 0x00 0x00 0x00 0xd8 0x41 0x00 0x00 0xd0 0x41 0x00 0x00 0xe0 0x41 0x00 0x00 0xe8 0x41 0x0a 0x0b 0x03 
-
------------------------------------------------------------
dt = 0.i = 27, head = 1, tail = 0
Buffer contents from 648 to 671
-
0x02 0xf0 0x11 0x00 0x00 0x00 0x00 0xe0 0x41 0x00 0x00 0xd8 0x41 0x00 0x00 0xe8 0x41 0x00 0x00 0xf0 0x41 0x0a 0x0b 0x03 
-
------------------------------------------------------------
dt = 1.i = 28, head = 1, tail = 0
Buffer contents from 672 to 695
-
0x02 0xf0 0x11 0x00 0x00 0x00 0x00 0xe8 0x41 0x00 0x00 0xe0 0x41 0x00 0x00 0xf0 0x41 0x00 0x00 0xf8 0x41 0x0a 0x0b 0x03 
-
------------------------------------------------------------
dt = 0.i = 29, head = 1, tail = 0
Buffer contents from 696 to 719
-
0x02 0xf0 0x11 0x00 0x00 0x00 0x00 0xf0 0x41 0x00 0x00 0xe8 0x41 0x00 0x00 0xf8 0x41 0x00 0x00 0x00 0x42 0x0a 0x0b 0x03 
-
WHOLE BUFFER CONTENTS
 ->Buffer contents from 0 to 719
-
0x02 0xee 0x11 0x00 0x00 0x00 0x00 0x80 0x3f 0x00 0x00 0x00 0x00 0x00 0x00 0x00 0x40 0x00 0x00 0x40 0x40 0x0a 0x0b 0x03 
0x02 0xee 0x11 0x00 0x00 0x00 0x00 0x00 0x40 0x00 0x00 0x80 0x3f 0x00 0x00 0x40 0x40 0x00 0x00 0x80 0x40 0x0a 0x0b 0x03 
0x02 0xee 0x11 0x00 0x00 0x00 0x00 0x40 0x40 0x00 0x00 0x00 0x40 0x00 0x00 0x80 0x40 0x00 0x00 0xa0 0x40 0x0a 0x0b 0x03 
0x02 0xee 0x11 0x00 0x00 0x00 0x00 0x80 0x40 0x00 0x00 0x40 0x40 0x00 0x00 0xa0 0x40 0x00 0x00 0xc0 0x40 0x0a 0x0b 0x03 
0x02 0xee 0x11 0x00 0x00 0x00 0x00 0xa0 0x40 0x00 0x00 0x80 0x40 0x00 0x00 0xc0 0x40 0x00 0x00 0xe0 0x40 0x0a 0x0b 0x03 
0x02 0xee 0x11 0x00 0x00 0x00 0x00 0xc0 0x40 0x00 0x00 0xa0 0x40 0x00 0x00 0xe0 0x40 0x00 0x00 0x00 0x41 0x0a 0x0b 0x03 
0x02 0xee 0x11 0x00 0x00 0x00 0x00 0xe0 0x40 0x00 0x00 0xc0 0x40 0x00 0x00 0x00 0x41 0x00 0x00 0x10 0x41 0x0a 0x0b 0x03 
0x02 0xee 0x11 0x00 0x00 0x00 0x00 0x00 0x41 0x00 0x00 0xe0 0x40 0x00 0x00 0x10 0x41 0x00 0x00 0x20 0x41 0x0a 0x0b 0x03 
0x02 0xee 0x11 0x00 0x00 0x00 0x00 0x10 0x41 0x00 0x00 0x00 0x41 0x00 0x00 0x20 0x41 0x00 0x00 0x30 0x41 0x0a 0x0b 0x03 
0x02 0xee 0x11 0x00 0x00 0x00 0x00 0x20 0x41 0x00 0x00 0x10 0x41 0x00 0x00 0x30 0x41 0x00 0x00 0x40 0x41 0x0a 0x0b 0x03 
0x02 0xef 0x11 0x00 0x00 0x00 0x00 0x30 0x41 0x00 0x00 0x20 0x41 0x00 0x00 0x40 0x41 0x00 0x00 0x50 0x41 0x0a 0x0b 0x03 
0x02 0xef 0x11 0x00 0x00 0x00 0x00 0x40 0x41 0x00 0x00 0x30 0x41 0x00 0x00 0x50 0x41 0x00 0x00 0x60 0x41 0x0a 0x0b 0x03 
0x02 0xef 0x11 0x00 0x00 0x00 0x00 0x50 0x41 0x00 0x00 0x40 0x41 0x00 0x00 0x60 0x41 0x00 0x00 0x70 0x41 0x0a 0x0b 0x03 
0x02 0xef 0x11 0x00 0x00 0x00 0x00 0x60 0x41 0x00 0x00 0x50 0x41 0x00 0x00 0x70 0x41 0x00 0x00 0x80 0x41 0x0a 0x0b 0x03 
0x02 0xef 0x11 0x00 0x00 0x00 0x00 0x70 0x41 0x00 0x00 0x60 0x41 0x00 0x00 0x80 0x41 0x00 0x00 0x88 0x41 0x0a 0x0b 0x03 
0x02 0xef 0x11 0x00 0x00 0x00 0x00 0x80 0x41 0x00 0x00 0x70 0x41 0x00 0x00 0x88 0x41 0x00 0x00 0x90 0x41 0x0a 0x0b 0x03 
0x02 0xef 0x11 0x00 0x00 0x00 0x00 0x88 0x41 0x00 0x00 0x80 0x41 0x00 0x00 0x90 0x41 0x00 0x00 0x98 0x41 0x0a 0x0b 0x03 
0x02 0xef 0x11 0x00 0x00 0x00 0x00 0x90 0x41 0x00 0x00 0x88 0x41 0x00 0x00 0x98 0x41 0x00 0x00 0xa0 0x41 0x0a 0x0b 0x03 
0x02 0xef 0x11 0x00 0x00 0x00 0x00 0x98 0x41 0x00 0x00 0x90 0x41 0x00 0x00 0xa0 0x41 0x00 0x00 0xa8 0x41 0x0a 0x0b 0x03 
0x02 0xef 0x11 0x00 0x00 0x00 0x00 0xa0 0x41 0x00 0x00 0x98 0x41 0x00 0x00 0xa8 0x41 0x00 0x00 0xb0 0x41 0x0a 0x0b 0x03 
0x02 0xef 0x11 0x00 0x00 0x00 0x00 0xa8 0x41 0x00 0x00 0xa0 0x41 0x00 0x00 0xb0 0x41 0x00 0x00 0xb8 0x41 0x0a 0x0b 0x03 
0x02 0xef 0x11 0x00 0x00 0x00 0x00 0xb0 0x41 0x00 0x00 0xa8 0x41 0x00 0x00 0xb8 0x41 0x00 0x00 0xc0 0x41 0x0a 0x0b 0x03 
0x02 0xef 0x11 0x00 0x00 0x00 0x00 0xb8 0x41 0x00 0x00 0xb0 0x41 0x00 0x00 0xc0 0x41 0x00 0x00 0xc8 0x41 0x0a 0x0b 0x03 
0x02 0xef 0x11 0x00 0x00 0x00 0x00 0xc0 0x41 0x00 0x00 0xb8 0x41 0x00 0x00 0xc8 0x41 0x00 0x00 0xd0 0x41 0x0a 0x0b 0x03 
0x02 0xef 0x11 0x00 0x00 0x00 0x00 0xc8 0x41 0x00 0x00 0xc0 0x41 0x00 0x00 0xd0 0x41 0x00 0x00 0xd8 0x41 0x0a 0x0b 0x03 
0x02 0xef 0x11 0x00 0x00 0x00 0x00 0xd0 0x41 0x00 0x00 0xc8 0x41 0x00 0x00 0xd8 0x41 0x00 0x00 0xe0 0x41 0x0a 0x0b 0x03 
0x02 0xf0 0x11 0x00 0x00 0x00 0x00 0xd8 0x41 0x00 0x00 0xd0 0x41 0x00 0x00 0xe0 0x41 0x00 0x00 0xe8 0x41 0x0a 0x0b 0x03 
0x02 0xf0 0x11 0x00 0x00 0x00 0x00 0xe0 0x41 0x00 0x00 0xd8 0x41 0x00 0x00 0xe8 0x41 0x00 0x00 0xf0 0x41 0x0a 0x0b 0x03 
0x02 0xf0 0x11 0x00 0x00 0x00 0x00 0xe8 0x41 0x00 0x00 0xe0 0x41 0x00 0x00 0xf0 0x41 0x00 0x00 0xf8 0x41 0x0a 0x0b 0x03 
0x02 0xf0 0x11 0x00 0x00 0x00 0x00 0xf0 0x41 0x00 0x00 0xe8 0x41 0x00 0x00 0xf8 0x41 0x00 0x00 0x00 0x42 0x0a 0x0b 0x03 
-
<-
FIRST BLOCK OF BUFFER:
->Buffer contents from 0 to 511
-
0x02 0xee 0x11 0x00 0x00 0x00 0x00 0x80 0x3f 0x00 0x00 0x00 0x00 0x00 0x00 0x00 0x40 0x00 0x00 0x40 0x40 0x0a 0x0b 0x03 
0x02 0xee 0x11 0x00 0x00 0x00 0x00 0x00 0x40 0x00 0x00 0x80 0x3f 0x00 0x00 0x40 0x40 0x00 0x00 0x80 0x40 0x0a 0x0b 0x03 
0x02 0xee 0x11 0x00 0x00 0x00 0x00 0x40 0x40 0x00 0x00 0x00 0x40 0x00 0x00 0x80 0x40 0x00 0x00 0xa0 0x40 0x0a 0x0b 0x03 
0x02 0xee 0x11 0x00 0x00 0x00 0x00 0x80 0x40 0x00 0x00 0x40 0x40 0x00 0x00 0xa0 0x40 0x00 0x00 0xc0 0x40 0x0a 0x0b 0x03 
0x02 0xee 0x11 0x00 0x00 0x00 0x00 0xa0 0x40 0x00 0x00 0x80 0x40 0x00 0x00 0xc0 0x40 0x00 0x00 0xe0 0x40 0x0a 0x0b 0x03 
0x02 0xee 0x11 0x00 0x00 0x00 0x00 0xc0 0x40 0x00 0x00 0xa0 0x40 0x00 0x00 0xe0 0x40 0x00 0x00 0x00 0x41 0x0a 0x0b 0x03 
0x02 0xee 0x11 0x00 0x00 0x00 0x00 0xe0 0x40 0x00 0x00 0xc0 0x40 0x00 0x00 0x00 0x41 0x00 0x00 0x10 0x41 0x0a 0x0b 0x03 
0x02 0xee 0x11 0x00 0x00 0x00 0x00 0x00 0x41 0x00 0x00 0xe0 0x40 0x00 0x00 0x10 0x41 0x00 0x00 0x20 0x41 0x0a 0x0b 0x03 
0x02 0xee 0x11 0x00 0x00 0x00 0x00 0x10 0x41 0x00 0x00 0x00 0x41 0x00 0x00 0x20 0x41 0x00 0x00 0x30 0x41 0x0a 0x0b 0x03 
0x02 0xee 0x11 0x00 0x00 0x00 0x00 0x20 0x41 0x00 0x00 0x10 0x41 0x00 0x00 0x30 0x41 0x00 0x00 0x40 0x41 0x0a 0x0b 0x03 
0x02 0xef 0x11 0x00 0x00 0x00 0x00 0x30 0x41 0x00 0x00 0x20 0x41 0x00 0x00 0x40 0x41 0x00 0x00 0x50 0x41 0x0a 0x0b 0x03 
0x02 0xef 0x11 0x00 0x00 0x00 0x00 0x40 0x41 0x00 0x00 0x30 0x41 0x00 0x00 0x50 0x41 0x00 0x00 0x60 0x41 0x0a 0x0b 0x03 
0x02 0xef 0x11 0x00 0x00 0x00 0x00 0x50 0x41 0x00 0x00 0x40 0x41 0x00 0x00 0x60 0x41 0x00 0x00 0x70 0x41 0x0a 0x0b 0x03 
0x02 0xef 0x11 0x00 0x00 0x00 0x00 0x60 0x41 0x00 0x00 0x50 0x41 0x00 0x00 0x70 0x41 0x00 0x00 0x80 0x41 0x0a 0x0b 0x03 
0x02 0xef 0x11 0x00 0x00 0x00 0x00 0x70 0x41 0x00 0x00 0x60 0x41 0x00 0x00 0x80 0x41 0x00 0x00 0x88 0x41 0x0a 0x0b 0x03 
0x02 0xef 0x11 0x00 0x00 0x00 0x00 0x80 0x41 0x00 0x00 0x70 0x41 0x00 0x00 0x88 0x41 0x00 0x00 0x90 0x41 0x0a 0x0b 0x03 
0x02 0xef 0x11 0x00 0x00 0x00 0x00 0x88 0x41 0x00 0x00 0x80 0x41 0x00 0x00 0x90 0x41 0x00 0x00 0x98 0x41 0x0a 0x0b 0x03 
0x02 0xef 0x11 0x00 0x00 0x00 0x00 0x90 0x41 0x00 0x00 0x88 0x41 0x00 0x00 0x98 0x41 0x00 0x00 0xa0 0x41 0x0a 0x0b 0x03 
0x02 0xef 0x11 0x00 0x00 0x00 0x00 0x98 0x41 0x00 0x00 0x90 0x41 0x00 0x00 0xa0 0x41 0x00 0x00 0xa8 0x41 0x0a 0x0b 0x03 
0x02 0xef 0x11 0x00 0x00 0x00 0x00 0xa0 0x41 0x00 0x00 0x98 0x41 0x00 0x00 0xa8 0x41 0x00 0x00 0xb0 0x41 0x0a 0x0b 0x03 
0x02 0xef 0x11 0x00 0x00 0x00 0x00 0xa8 0x41 0x00 0x00 0xa0 0x41 0x00 0x00 0xb0 0x41 0x00 0x00 0xb8 0x41 0x0a 0x0b 0x03 
0x02 0xef 0x11 0x00 0x00 0x00 0x00 0xb0 -
<-
Writing firs block to /write/bin/log1.bin
Wrote 512 bytes to /write/bin/log1.bin dt = 167, closing file /write/bin/log1.bin
