SUCCESS SD CARD
n = 1, Execution time: 0 us
n = 2, Execution time: 0 us
n = 3, Execution time: 1 us
n = 4, Execution time: 0 us
n = 5, Execution time: 0 us
n = 6, Execution time: 0 us
n = 7, Execution time: 1 us
n = 8, Execution time: 0 us
n = 9, Execution time: 0 us
n = 10, Execution time: 0 us
n = 11, Execution time: 0 us
n = 12, Execution time: 0 us
n = 13, Execution time: 0 us
n = 14, Execution time: 0 us
n = 15, Execution time: 0 us
n = 16, Execution time: 0 us
n = 17, Execution time: 0 us
n = 18, Execution time: 0 us
n = 19, Execution time: 0 us
n = 20, Execution time: 0 us
Successfully opened /logs/log1.txt
Wiring is correct and a card is present.

Card type: SDHC

Volume type is FAT32

Volume size (Kbytes): 61333268
Volume size (Mbytes): 59895
SD card println time: 372
snprintf time : 8
l = 36
bfr(l) = 0bfr(l-1) = 10