0	-3.14159	-3.14159	0.00000	-5.65487
1	-3.14159	-3.14098	-0.00061	-5.65376
2	-3.14159	-3.13085	-0.01074	-5.63554
3	-3.14159	-3.11214	-0.02945	-5.60185
4	-3.14159	-3.08698	-0.05461	-5.55657
5	-3.14159	-3.05569	-0.08590	-5.50024
6	-3.14159	-3.01979	-0.12180	-5.43563
7	-3.14159	-2.98022	-0.16137	-5.36439
8	-3.14159	-2.93696	-0.20463	-5.28653
9	-3.14159	-2.89186	-0.24973	-5.20535
10	-3.14159	-2.84461	-0.29698	-5.12031
11	-3.14159	-2.79522	-0.34637	-5.03140
12	-3.14159	-2.74398	-0.39761	-4.93917
13	-3.14159	-2.69244	-0.44915	-4.84640
14	-3.14159	-2.64029	-0.50130	-4.75252
15	-3.14159	-2.58813	-0.55346	-4.65864
16	-3.14159	-2.53567	-0.60592	-4.56421
17	-3.14159	-2.48290	-0.65869	-4.46922
18	-3.14159	-2.43044	-0.71115	-4.37479
19	-3.14159	-2.37767	-0.76392	-4.27981
20	-3.14159	-2.32551	-0.81608	-4.18593
21	-3.14159	-2.27367	-0.86793	-4.09260
22	-3.14159	-2.22212	-0.91947	-3.99982
23	-3.14159	-2.17089	-0.97070	-3.90760
24	-3.14159	-2.11996	-1.02163	-3.81593
25	-3.14159	-2.06934	-1.07225	-3.72481
26	-3.14159	-2.01903	-1.12257	-3.63425
27	-3.14159	-1.96932	-1.17227	-3.54478
28	-3.14159	-1.91993	-1.22166	-3.45587
29	-3.14159	-1.87084	-1.27075	-3.36752
30	-3.14159	-1.82237	-1.31922	-3.28026
31	-3.14159	-1.77420	-1.36739	-3.19356
32	-3.14159	-1.72665	-1.41494	-3.10797
33	-3.14159	-1.68002	-1.46158	-3.02403
34	-3.14159	-1.63430	-1.50729	-2.94175
35	-3.14159	-1.58920	-1.55239	-2.86057
36	-3.14159	-1.54503	-1.59657	-2.78105
37	-3.14159	-1.50146	-1.64013	-2.70263
38	-3.14159	-1.45851	-1.68308	-2.62532
39	-3.14159	-1.41617	-1.72542	-2.54911
40	-3.14159	-1.37475	-1.76684	-2.47456
41	-3.14159	-1.33426	-1.80734	-2.40166
42	-3.14159	-1.29407	-1.84753	-2.32932
43	-3.14159	-1.25510	-1.88649	-2.25919
44	-3.14159	-1.21614	-1.92545	-2.18905
45	-3.14159	-1.17840	-1.96319	-2.12113
46	-3.14159	-1.14128	-2.00031	-2.05431
47	-3.14159	-1.10539	-2.03621	-1.98970
48	-3.14159	-1.06980	-2.07179	-1.92564
49	-3.14159	-1.03574	-2.10585	-1.86434
50	-3.14159	-1.00200	-2.13960	-1.80359
51	-3.14159	-0.96948	-2.17212	-1.74506
52	-3.14159	-0.93788	-2.20372	-1.68818
53	-3.14159	-0.90689	-2.23470	-1.63240
54	-3.14159	-0.87713	-2.26446	-1.57883
55	-3.14159	-0.84737	-2.29422	-1.52527
56	-3.14159	-0.81915	-2.32245	-1.47446
57	-3.14159	-0.79184	-2.34975	-1.42531
58	-3.14159	-0.76515	-2.37644	-1.37727
59	-3.14159	-0.73969	-2.40191	-1.33143
60	-3.14159	-0.71545	-2.42614	-1.28781
61	-3.14159	-0.69183	-2.44977	-1.24529
62	-3.14159	-0.66943	-2.47216	-1.20497
63	-3.14159	-0.64765	-2.49395	-1.16576
64	-3.14159	-0.62648	-2.51512	-1.12766
65	-3.14159	-0.60654	-2.53506	-1.09176
66	-3.14159	-0.58751	-2.55408	-1.05753
67	-3.14159	-0.56911	-2.57249	-1.02439
68	-3.14159	-0.55162	-2.58997	-0.99292
69	-3.14159	-0.53475	-2.60685	-0.96254
70	-3.14159	-0.51879	-2.62280	-0.93383
71	-3.14159	-0.50376	-2.63783	-0.90677
72	-3.14159	-0.48934	-2.65225	-0.88081
73	-3.14159	-0.47553	-2.66606	-0.85596
74	-3.14159	-0.46265	-2.67894	-0.83277
75	-3.14159	-0.45068	-2.69091	-0.81123
76	-3.14159	-0.43933	-2.70226	-0.79080
77	-3.14159	-0.42859	-2.71300	-0.77147
78	-3.14159	-0.41878	-2.72282	-0.75380
79	-3.14159	-0.40957	-2.73202	-0.73723
80	-3.14159	-0.40129	-2.74030	-0.72232
81	-3.14159	-0.39301	-2.74859	-0.70741
82	-3.14159	-0.38595	-2.75564	-0.69471
83	-3.14159	-0.37951	-2.76209	-0.68311
84	-3.14159	-0.37368	-2.76792	-0.67262
85	-3.14159	-0.36816	-2.77344	-0.66268
86	-3.14159	-0.36355	-2.77804	-0.65440
87	-3.14159	-0.35957	-2.78203	-0.64722
88	-3.14159	-0.35619	-2.78540	-0.64114
89	-3.14159	-0.35312	-2.78847	-0.63562
90	-3.14159	-0.35067	-2.79092	-0.63120
91	-3.14159	-0.34883	-2.79277	-0.62789
92	-3.14159	-0.34729	-2.79430	-0.62513
93	-3.14159	-0.34637	-2.79522	-0.62347
94	-3.14159	-0.34545	-2.79614	-0.62181
95	-3.14159	-0.34515	-2.79645	-0.62126
96	-3.14159	-0.34484	-2.79675	-0.62071
97	-3.14159	-0.34484	-2.79675	-0.62071
98	-3.14159	-0.34484	-2.79675	-0.62071
99	-3.14159	-0.34484	-2.79675	-0.62071
100	-3.14159	-0.34484	-2.79675	-0.62071
101	-3.14159	-0.34484	-2.79675	-0.62071
102	-3.14159	-0.34484	-2.79675	-0.62071
103	-3.14159	-0.34484	-2.79675	-0.62071
104	-3.14159	-0.34484	-2.79675	-0.62071
105	-3.14159	-0.34484	-2.79675	-0.62071
106	-3.14159	-0.34484	-2.79675	-0.62071
107	-3.14159	-0.34484	-2.79675	-0.62071
108	-3.14159	-0.34484	-2.79675	-0.62071
109	-3.14159	-0.34484	-2.79675	-0.62071
110	-3.14159	-0.34484	-2.79675	-0.62071
111	-3.14159	-0.34484	-2.79675	-0.62071
112	-3.14159	-0.34484	-2.79675	-0.62071
113	-3.14159	-0.34484	-2.79675	-0.62071
114	-3.14159	-0.34484	-2.79675	-0.62071
115	-3.14159	-0.34484	-2.79675	-0.62071
116	-3.14159	-0.34484	-2.79675	-0.62071
117	-3.14159	-0.34484	-2.79675	-0.62071
118	-3.14159	-0.34484	-2.79675	-0.62071
119	-3.14159	-0.34484	-2.79675	-0.62071
120	-3.14159	-0.34484	-2.79675	-0.62071
121	-3.14159	-0.34484	-2.79675	-0.62071
122	-3.14159	-0.34484	-2.79675	-0.62071
123	-3.14159	-0.34484	-2.79675	-0.62071
124	-3.14159	-0.34484	-2.79675	-0.62071
125	-3.14159	-0.34484	-2.79675	-0.62071
126	-3.14159	-0.34484	-2.79675	-0.62071
127	-3.14159	-0.34484	-2.79675	-0.62071
128	-3.14159	-0.34484	-2.79675	-0.62071
129	-3.14159	-0.34484	-2.79675	-0.62071
130	-3.14159	-0.34484	-2.79675	-0.62071
131	-3.14159	-0.34484	-2.79675	-0.62071
132	-3.14159	-0.34484	-2.79675	-0.62071
133	-3.14159	-0.34484	-2.79675	-0.62071
134	-3.14159	-0.34484	-2.79675	-0.62071
135	-3.14159	-0.34484	-2.79675	-0.62071
136	-3.14159	-0.34484	-2.79675	-0.62071
137	-3.14159	-0.34484	-2.79675	-0.62071
138	-3.14159	-0.34484	-2.79675	-0.62071
139	-3.14159	-0.34484	-2.79675	-0.62071
140	-3.14159	-0.34484	-2.79675	-0.62071
141	-3.14159	-0.34484	-2.79675	-0.62071
142	-3.14159	-0.34484	-2.79675	-0.62071
143	-3.14159	-0.34484	-2.79675	-0.62071
144	-3.14159	-0.34484	-2.79675	-0.62071
145	-3.14159	-0.34484	-2.79675	-0.62071
146	-3.14159	-0.34484	-2.79675	-0.62071
147	-3.14159	-0.34484	-2.79675	-0.62071
148	-3.14159	-0.34484	-2.79675	-0.62071
149	-3.14159	-0.34484	-2.79675	-0.62071
150	-3.14159	-0.34484	-2.79675	-0.62071
151	-3.14159	-0.34484	-2.79675	-0.62071
152	-3.14159	-0.34484	-2.79675	-0.62071
153	-3.14159	-0.34484	-2.79675	-0.62071
154	-3.14159	-0.34484	-2.79675	-0.62071
155	-3.14159	-0.34484	-2.79675	-0.62071
156	-3.14159	-0.34484	-2.79675	-0.62071
157	-3.14159	-0.34484	-2.79675	-0.62071
158	-3.14159	-0.34484	-2.79675	-0.62071
159	-3.14159	-0.34484	-2.79675	-0.62071
160	-3.14159	-0.34484	-2.79675	-0.62071
161	-3.14159	-0.34484	-2.79675	-0.62071
162	-3.14159	-0.34484	-2.79675	-0.62071
163	-3.14159	-0.34484	-2.79675	-0.62071
164	-3.14159	-0.34484	-2.79675	-0.62071
165	-3.14159	-0.34484	-2.79675	-0.62071
166	-3.14159	-0.34484	-2.79675	-0.62071
167	-3.14159	-0.34484	-2.79675	-0.62071
168	-3.14159	-0.34484	-2.79675	-0.62071
169	-3.14159	-0.34484	-2.79675	-0.62071
170	-3.14159	-0.34484	-2.79675	-0.62071
171	-3.14159	-0.34484	-2.79675	-0.62071
172	-3.14159	-0.34484	-2.79675	-0.62071
173	-3.14159	-0.34484	-2.79675	-0.62071
174	-3.14159	-0.34484	-2.79675	-0.62071
175	-3.14159	-0.34484	-2.79675	-0.62071
176	-3.14159	-0.34484	-2.79675	-0.62071
177	-3.14159	-0.34484	-2.79675	-0.62071
178	-3.14159	-0.34484	-2.79675	-0.62071
179	-3.14159	-0.34484	-2.79675	-0.62071
180	-3.14159	-0.34484	-2.79675	-0.62071
181	-3.14159	-0.34484	-2.79675	-0.62071
182	-3.14159	-0.34484	-2.79675	-0.62071
183	-3.14159	-0.34484	-2.79675	-0.62071
184	-3.14159	-0.34484	-2.79675	-0.62071
185	-3.14159	-0.34484	-2.79675	-0.62071
186	-3.14159	-0.34484	-2.79675	-0.62071
187	-3.14159	-0.34484	-2.79675	-0.62071
188	-3.14159	-0.34484	-2.79675	-0.62071
189	-3.14159	-0.34484	-2.79675	-0.62071
190	-3.14159	-0.34484	-2.79675	-0.62071
191	-3.14159	-0.34484	-2.79675	-0.62071
192	-3.14159	-0.34484	-2.79675	-0.62071
193	-3.14159	-0.34484	-2.79675	-0.62071
194	-3.14159	-0.34484	-2.79675	-0.62071
195	-3.14159	-0.34484	-2.79675	-0.62071
196	-3.14159	-0.34484	-2.79675	-0.62071
197	-3.14159	-0.34484	-2.79675	-0.62071
198	-3.14159	-0.34484	-2.79675	-0.62071
199	-3.14159	-0.34484	-2.79675	-0.62071
200	-3.14159	-0.34484	-2.79675	-0.62071
201	-3.14159	-0.34484	-2.79675	-0.62071
202	-3.14159	-0.34484	-2.79675	-0.62071
203	-3.14159	-0.34484	-2.79675	-0.62071
204	-3.14159	-0.34484	-2.79675	-0.62071
205	-3.14159	-0.34484	-2.79675	-0.62071
206	-3.14159	-0.34484	-2.79675	-0.62071
207	-3.14159	-0.34484	-2.79675	-0.62071
208	-3.14159	-0.34484	-2.79675	-0.62071
209	-3.14159	-0.34484	-2.79675	-0.62071
210	-3.14159	-0.34484	-2.79675	-0.62071
211	-3.14159	-0.34484	-2.79675	-0.62071
212	-3.14159	-0.34484	-2.79675	-0.62071
213	-3.14159	-0.34484	-2.79675	-0.62071
214	-3.14159	-0.34484	-2.79675	-0.62071
215	-3.14159	-0.34484	-2.79675	-0.62071
216	-3.14159	-0.34484	-2.79675	-0.62071
217	-3.14159	-0.34484	-2.79675	-0.62071
218	-3.14159	-0.34484	-2.79675	-0.62071
219	-3.14159	-0.34484	-2.79675	-0.62071
220	-3.14159	-0.34484	-2.79675	-0.62071
221	-3.14159	-0.34484	-2.79675	-0.62071
222	-3.14159	-0.34484	-2.79675	-0.62071
223	-3.14159	-0.34484	-2.79675	-0.62071
224	-3.14159	-0.34484	-2.79675	-0.62071
225	-3.14159	-0.34484	-2.79675	-0.62071
226	-3.14159	-0.34484	-2.79675	-0.62071
227	-3.14159	-0.34484	-2.79675	-0.62071
228	-3.14159	-0.34484	-2.79675	-0.62071
229	-3.14159	-0.34484	-2.79675	-0.62071
230	-3.14159	-0.34484	-2.79675	-0.62071
231	-3.14159	-0.34484	-2.79675	-0.62071
232	-3.14159	-0.34484	-2.79675	-0.62071
233	-3.14159	-0.34484	-2.79675	-0.62071
234	-3.14159	-0.34484	-2.79675	-0.62071
235	-3.14159	-0.34484	-2.79675	-0.62071
236	-3.14159	-0.34484	-2.79675	-0.62071
237	-3.14159	-0.34484	-2.79675	-0.62071
238	-3.14159	-0.34484	-2.79675	-0.62071
239	-3.14159	-0.34484	-2.79675	-0.62071
240	-3.14159	-0.34484	-2.79675	-0.62071
241	-3.14159	-0.34484	-2.79675	-0.62071
242	-3.14159	-0.34484	-2.79675	-0.62071
243	-3.14159	-0.34484	-2.79675	-0.62071
244	-3.14159	-0.34484	-2.79675	-0.62071
245	-3.14159	-0.34484	-2.79675	-0.62071
246	-3.14159	-0.34484	-2.79675	-0.62071
247	-3.14159	-0.34484	-2.79675	-0.62071
248	-3.14159	-0.34484	-2.79675	-0.62071
249	-3.14159	-0.34484	-2.79675	-0.62071
250	-3.14159	-0.34484	-2.79675	-0.62071
251	-3.14159	-0.34484	-2.79675	-0.62071
252	-3.14159	-0.34484	-2.79675	-0.62071
253	-3.14159	-0.34484	-2.79675	-0.62071
254	-3.14159	-0.34484	-2.79675	-0.62071
255	-3.14159	-0.34484	-2.79675	-0.62071
256	-3.14159	-0.34484	-2.79675	-0.62071
257	-3.14159	-0.34484	-2.79675	-0.62071
258	-3.14159	-0.34484	-2.79675	-0.62071
259	-3.14159	-0.34484	-2.79675	-0.62071
260	-3.14159	-0.34484	-2.79675	-0.62071
261	-3.14159	-0.34484	-2.79675	-0.62071
262	-3.14159	-0.34484	-2.79675	-0.62071
263	-3.14159	-0.34484	-2.79675	-0.62071
264	-3.14159	-0.34484	-2.79675	-0.62071
265	-3.14159	-0.34484	-2.79675	-0.62071
266	-3.14159	-0.34484	-2.79675	-0.62071
267	-3.14159	-0.34484	-2.79675	-0.62071
268	-3.14159	-0.34484	-2.79675	-0.62071
269	-3.14159	-0.34484	-2.79675	-0.62071
270	-3.14159	-0.34484	-2.79675	-0.62071
271	-3.14159	-0.34484	-2.79675	-0.62071
272	-3.14159	-0.34484	-2.79675	-0.62071
273	-3.14159	-0.34484	-2.79675	-0.62071
274	-3.14159	-0.34484	-2.79675	-0.62071
275	-3.14159	-0.34484	-2.79675	-0.62071
276	-3.14159	-0.34484	-2.79675	-0.62071
277	-3.14159	-0.34484	-2.79675	-0.62071
278	-3.14159	-0.34484	-2.79675	-0.62071
279	-3.14159	-0.34484	-2.79675	-0.62071
280	-3.14159	-0.34484	-2.79675	-0.62071
281	-3.14159	-0.34484	-2.79675	-0.62071
282	-3.14159	-0.34484	-2.79675	-0.62071
283	-3.14159	-0.34484	-2.79675	-0.62071
284	-3.14159	-0.34484	-2.79675	-0.62071
285	-3.14159	-0.34484	-2.79675	-0.62071
286	-3.14159	-0.34484	-2.79675	-0.62071
287	-3.14159	-0.34484	-2.79675	-0.62071
288	-3.14159	-0.34484	-2.79675	-0.62071
289	-3.14159	-0.34484	-2.79675	-0.62071
290	-3.14159	-0.34484	-2.79675	-0.62071
291	-3.14159	-0.34484	-2.79675	-0.62071
292	-3.14159	-0.34484	-2.79675	-0.62071
293	-3.14159	-0.34484	-2.79675	-0.62071
294	-3.14159	-0.34484	-2.79675	-0.62071
295	-3.14159	-0.34484	-2.79675	-0.62071
296	-3.14159	-0.34484	-2.79675	-0.62071
297	-3.14159	-0.34484	-2.79675	-0.62071
298	-3.14159	-0.34484	-2.79675	-0.62071
299	-3.14159	-0.34484	-2.79675	-0.62071
300	-3.14159	-0.34484	-2.79675	-0.62071
301	-3.14159	-0.34484	-2.79675	-0.62071
302	-3.14159	-0.34484	-2.79675	-0.62071
303	-3.14159	-0.34484	-2.79675	-0.62071
304	-3.14159	-0.34484	-2.79675	-0.62071
305	-3.14159	-0.34484	-2.79675	-0.62071
306	-3.14159	-0.34484	-2.79675	-0.62071
307	-3.14159	-0.34484	-2.79675	-0.62071
308	-3.14159	-0.34484	-2.79675	-0.62071
309	-3.14159	-0.34484	-2.79675	-0.62071
310	-3.14159	-0.34484	-2.79675	-0.62071
311	-3.14159	-0.34484	-2.79675	-0.62071
312	-3.14159	-0.34484	-2.79675	-0.62071
313	-3.14159	-0.34484	-2.79675	-0.62071
314	-3.14159	-0.34484	-2.79675	-0.62071
315	-3.14159	-0.34484	-2.79675	-0.62071
316	-3.14159	-0.34484	-2.79675	-0.62071
317	-3.14159	-0.34484	-2.79675	-0.62071
318	-3.14159	-0.34484	-2.79675	-0.62071
319	-3.14159	-0.34484	-2.79675	-0.62071
320	-3.14159	-0.34484	-2.79675	-0.62071
321	-3.14159	-0.34484	-2.79675	-0.62071
322	-3.14159	-0.34484	-2.79675	-0.62071
323	-3.14159	-0.34484	-2.79675	-0.62071
324	-3.14159	-0.34484	-2.79675	-0.62071
325	-3.14159	-0.34484	-2.79675	-0.62071
326	-3.14159	-0.34484	-2.79675	-0.62071
327	-3.14159	-0.34484	-2.79675	-0.62071
328	-3.14159	-0.34484	-2.79675	-0.62071
329	-3.14159	-0.34484	-2.79675	-0.62071
330	-3.14159	-0.34484	-2.79675	-0.62071
331	-3.14159	-0.34484	-2.79675	-0.62071
332	-3.14159	-0.34484	-2.79675	-0.62071
333	-3.14159	-0.34484	-2.79675	-0.62071
334	-3.14159	-0.34484	-2.79675	-0.62071
335	-3.14159	-0.34484	-2.79675	-0.62071
336	-3.14159	-0.34484	-2.79675	-0.62071
337	-3.14159	-0.34484	-2.79675	-0.62071
338	-3.14159	-0.34484	-2.79675	-0.62071
339	-3.14159	-0.34484	-2.79675	-0.62071
340	-3.14159	-0.34484	-2.79675	-0.62071
341	-3.14159	-0.34484	-2.79675	-0.62071
342	-3.14159	-0.34484	-2.79675	-0.62071
343	-3.14159	-0.34484	-2.79675	-0.62071
344	-3.14159	-0.34484	-2.79675	-0.62071
345	-3.14159	-0.34484	-2.79675	-0.62071
346	-3.14159	-0.34484	-2.79675	-0.62071
347	-3.14159	-0.34484	-2.79675	-0.62071
348	-3.14159	-0.34484	-2.79675	-0.62071
349	-3.14159	-0.34484	-2.79675	-0.62071
350	-3.14159	-0.34484	-2.79675	-0.62071
351	-3.14159	-0.34484	-2.79675	-0.62071
352	-3.14159	-0.34484	-2.79675	-0.62071
353	-3.14159	-0.34484	-2.79675	-0.62071
354	-3.14159	-0.34484	-2.79675	-0.62071
355	-3.14159	-0.34484	-2.79675	-0.62071
356	-3.14159	-0.34484	-2.79675	-0.62071
357	-3.14159	-0.34484	-2.79675	-0.62071
358	-3.14159	-0.34484	-2.79675	-0.62071
359	-3.14159	-0.34484	-2.79675	-0.62071
360	-3.14159	-0.34484	-2.79675	-0.62071
361	-3.14159	-0.34484	-2.79675	-0.62071
362	-3.14159	-0.34484	-2.79675	-0.62071
363	-3.14159	-0.34484	-2.79675	-0.62071
364	-3.14159	-0.34484	-2.79675	-0.62071
365	-3.14159	-0.34484	-2.79675	-0.62071
366	-3.14159	-0.34484	-2.79675	-0.62071
367	-3.14159	-0.34484	-2.79675	-0.62071
368	-3.14159	-0.34484	-2.79675	-0.62071
369	-3.14159	-0.34484	-2.79675	-0.62071
370	-3.14159	-0.34484	-2.79675	-0.62071
371	-3.14159	-0.34484	-2.79675	-0.62071
372	-3.14159	-0.34484	-2.79675	-0.62071
373	-3.14159	-0.34484	-2.79675	-0.62071
374	-3.14159	-0.34484	-2.79675	-0.62071
375	-3.14159	-0.34484	-2.79675	-0.62071
376	-3.14159	-0.34484	-2.79675	-0.62071
377	-3.14159	-0.34484	-2.79675	-0.62071
378	-3.14159	-0.34484	-2.79675	-0.62071
379	-3.14159	-0.34484	-2.79675	-0.62071
380	-3.14159	-0.34484	-2.79675	-0.62071
381	-3.14159	-0.34484	-2.79675	-0.62071
382	-3.14159	-0.34484	-2.79675	-0.62071
383	-3.14159	-0.34484	-2.79675	-0.62071
384	-3.14159	-0.34484	-2.79675	-0.62071
385	-3.14159	-0.34484	-2.79675	-0.62071
386	-3.14159	-0.34484	-2.79675	-0.62071
387	-3.14159	-0.34484	-2.79675	-0.62071
388	-3.14159	-0.34484	-2.79675	-0.62071
389	-3.14159	-0.34484	-2.79675	-0.62071
390	-3.14159	-0.34484	-2.79675	-0.62071
391	-3.14159	-0.34484	-2.79675	-0.62071
392	-3.14159	-0.34484	-2.79675	-0.62071
393	-3.14159	-0.34484	-2.79675	-0.62071
394	-3.14159	-0.34484	-2.79675	-0.62071
395	-3.14159	-0.34484	-2.79675	-0.62071
396	-3.14159	-0.34484	-2.79675	-0.62071
397	-3.14159	-0.34484	-2.79675	-0.62071
398	-3.14159	-0.34484	-2.79675	-0.62071
399	-3.14159	-0.34484	-2.79675	-0.62071
400	-3.14159	-0.34484	-2.79675	-0.62071
401	-3.14159	-0.34484	-2.79675	-0.62071
402	-3.14159	-0.34484	-2.79675	-0.62071
403	-3.14159	-0.34484	-2.79675	-0.62071
404	-3.14159	-0.34484	-2.79675	-0.62071
405	-3.14159	-0.34484	-2.79675	-0.62071
406	-3.14159	-0.34484	-2.79675	-0.62071
407	-3.14159	-0.34484	-2.79675	-0.62071
408	-3.14159	-0.34484	-2.79675	-0.62071
409	-3.14159	-0.34484	-2.79675	-0.62071
410	-3.14159	-0.34484	-2.79675	-0.62071
411	-3.14159	-0.34484	-2.79675	-0.62071
412	-3.14159	-0.34484	-2.79675	-0.62071
413	-3.14159	-0.34484	-2.79675	-0.62071
414	-3.14159	-0.34484	-2.79675	-0.62071
415	-3.14159	-0.34484	-2.79675	-0.62071
416	-3.14159	-0.34484	-2.79675	-0.62071
417	-3.14159	-0.34484	-2.79675	-0.62071
418	-3.14159	-0.34484	-2.79675	-0.62071
419	-3.14159	-0.34484	-2.79675	-0.62071
420	-3.14159	-0.34484	-2.79675	-0.62071
421	-3.14159	-0.34484	-2.79675	-0.62071
422	-3.14159	-0.34484	-2.79675	-0.62071
423	-3.14159	-0.34484	-2.79675	-0.62071
424	-3.14159	-0.34484	-2.79675	-0.62071
425	-3.14159	-0.34484	-2.79675	-0.62071
426	-3.14159	-0.34484	-2.79675	-0.62071
427	-3.14159	-0.34484	-2.79675	-0.62071
428	-3.14159	-0.34484	-2.79675	-0.62071
429	-3.14159	-0.34484	-2.79675	-0.62071
430	-3.14159	-0.34484	-2.79675	-0.62071
431	-3.14159	-0.34484	-2.79675	-0.62071
432	-3.14159	-0.34484	-2.79675	-0.62071
433	-3.14159	-0.34484	-2.79675	-0.62071
434	-3.14159	-0.34484	-2.79675	-0.62071
435	-3.14159	-0.34484	-2.79675	-0.62071
436	-3.14159	-0.34484	-2.79675	-0.62071
437	-3.14159	-0.34484	-2.79675	-0.62071
438	-3.14159	-0.34484	-2.79675	-0.62071
439	-3.14159	-0.34484	-2.79675	-0.62071
440	-3.14159	-0.34484	-2.79675	-0.62071
441	-3.14159	-0.34484	-2.79675	-0.62071
442	-3.14159	-0.34484	-2.79675	-0.62071
443	-3.14159	-0.34484	-2.79675	-0.62071
444	-3.14159	-0.34484	-2.79675	-0.62071
445	-3.14159	-0.34484	-2.79675	-0.62071
446	-3.14159	-0.34484	-2.79675	-0.62071
447	-3.14159	-0.34484	-2.79675	-0.62071
448	-3.14159	-0.34484	-2.79675	-0.62071
449	-3.14159	-0.34484	-2.79675	-0.62071
450	-3.14159	-0.34484	-2.79675	-0.62071
451	-3.14159	-0.34484	-2.79675	-0.62071
452	-3.14159	-0.34484	-2.79675	-0.62071
453	-3.14159	-0.34484	-2.79675	-0.62071
454	-3.14159	-0.34484	-2.79675	-0.62071
455	-3.14159	-0.34484	-2.79675	-0.62071
456	-3.14159	-0.34484	-2.79675	-0.62071
457	-3.14159	-0.34484	-2.79675	-0.62071
458	-3.14159	-0.34484	-2.79675	-0.62071
459	-3.14159	-0.34484	-2.79675	-0.62071
460	-3.14159	-0.34484	-2.79675	-0.62071
461	-3.14159	-0.34484	-2.79675	-0.62071
462	-3.14159	-0.34484	-2.79675	-0.62071
463	-3.14159	-0.34484	-2.79675	-0.62071
464	-3.14159	-0.34484	-2.79675	-0.62071
465	-3.14159	-0.34484	-2.79675	-0.62071
466	-3.14159	-0.34484	-2.79675	-0.62071
467	-3.14159	-0.34484	-2.79675	-0.62071
468	-3.14159	-0.34484	-2.79675	-0.62071
469	-3.14159	-0.34484	-2.79675	-0.62071
470	-3.14159	-0.34484	-2.79675	-0.62071
471	-3.14159	-0.34484	-2.79675	-0.62071
472	-3.14159	-0.34484	-2.79675	-0.62071
473	-3.14159	-0.34484	-2.79675	-0.62071
474	-3.14159	-0.34484	-2.79675	-0.62071
475	-3.14159	-0.34484	-2.79675	-0.62071
476	-3.14159	-0.34484	-2.79675	-0.62071
477	-3.14159	-0.34484	-2.79675	-0.62071
478	-3.14159	-0.34484	-2.79675	-0.62071
479	-3.14159	-0.34484	-2.79675	-0.62071
480	-3.14159	-0.34484	-2.79675	-0.62071
481	-3.14159	-0.34484	-2.79675	-0.62071
482	-3.14159	-0.34484	-2.79675	-0.62071
483	-3.14159	-0.34484	-2.79675	-0.62071
484	-3.14159	-0.34484	-2.79675	-0.62071
485	-3.14159	-0.34484	-2.79675	-0.62071
486	-3.14159	-0.34484	-2.79675	-0.62071
487	-3.14159	-0.34484	-2.79675	-0.62071
488	-3.14159	-0.34484	-2.79675	-0.62071
489	-3.14159	-0.34484	-2.79675	-0.62071
490	-3.14159	-0.34484	-2.79675	-0.62071
491	-3.14159	-0.34484	-2.79675	-0.62071
492	-3.14159	-0.34484	-2.79675	-0.62071
493	-3.14159	-0.34484	-2.79675	-0.62071
494	-3.14159	-0.34484	-2.79675	-0.62071
495	-3.14159	-0.34484	-2.79675	-0.62071
496	-3.14159	-0.34484	-2.79675	-0.62071
497	-3.14159	-0.34484	-2.79675	-0.62071
498	-3.14159	-0.34484	-2.79675	-0.62071
499	-3.14159	-0.34484	-2.79675	-0.62071
500	3.14159	5.93835	-2.79675	10.68902
501	3.14159	5.93559	-2.79399	10.68405
502	3.14159	5.91319	-2.77160	10.64374
503	3.14159	5.86901	-2.72742	10.56422
504	3.14159	5.81041	-2.66882	10.45874
505	3.14159	5.74016	-2.59856	10.33228
506	3.14159	5.66162	-2.52002	10.19091
507	3.14159	5.57418	-2.43259	10.03352
508	3.14159	5.48061	-2.33901	9.86509
509	3.14159	5.38120	-2.23961	9.68617
510	3.14159	5.27781	-2.13622	9.50007
511	3.14159	5.17228	-2.03068	9.31010
512	3.14159	5.06428	-1.92269	9.11571
513	3.14159	4.95445	-1.81286	8.91801
514	3.14159	4.84308	-1.70149	8.71755
515	3.14159	4.73110	-1.58951	8.51599
516	3.14159	4.61882	-1.47722	8.31387
517	3.14159	4.50714	-1.36555	8.11286
518	3.14159	4.39547	-1.25388	7.91184
519	3.14159	4.28441	-1.14282	7.71194
520	3.14159	4.17366	-1.03206	7.51258
521	3.14159	4.06321	-0.92162	7.31378
522	3.14159	3.95338	-0.81178	7.11608
523	3.14159	3.84508	-0.70348	6.92114
524	3.14159	3.73770	-0.59610	6.72786
525	3.14159	3.63185	-0.49026	6.53734
526	3.14159	3.52632	-0.38472	6.34737
527	3.14159	3.42262	-0.28103	6.16071
528	3.14159	3.32076	-0.17917	5.97737
529	3.14159	3.22075	-0.07915	5.79734
530	3.14159	3.12226	0.01933	5.62008
531	3.14159	3.02624	0.11536	5.44723
532	3.14159	2.93205	0.20954	5.27769
533	3.14159	2.83971	0.30189	5.11147
534	3.14159	2.74920	0.39239	4.94856
535	3.14159	2.65992	0.48167	4.78786
536	3.14159	2.57279	0.56880	4.63103
537	3.14159	2.48689	0.65470	4.47640
538	3.14159	2.40283	0.73877	4.32509
539	3.14159	2.32091	0.82068	4.17764
540	3.14159	2.24084	0.90075	4.03351
541	3.14159	2.16261	0.97899	3.89269
542	3.14159	2.08683	1.05477	3.75629
543	3.14159	2.01289	1.12870	3.62320
544	3.14159	1.94110	1.20049	3.49398
545	3.14159	1.87115	1.27044	3.36807
546	3.14159	1.80335	1.33824	3.24603
547	3.14159	1.73739	1.40421	3.12730
548	3.14159	1.67388	1.46771	3.01298
549	3.14159	1.61191	1.52969	2.90143
550	3.14159	1.55147	1.59012	2.79264
551	3.14159	1.49287	1.64872	2.68717
552	3.14159	1.43611	1.70548	2.58500
553	3.14159	1.38120	1.76040	2.48615
554	3.14159	1.32843	1.81317	2.39117
555	3.14159	1.27719	1.86440	2.29895
556	3.14159	1.22749	1.91410	2.20948
557	3.14159	1.17994	1.96165	2.12389
558	3.14159	1.13361	2.00798	2.04050
559	3.14159	1.08851	2.05308	1.95932
560	3.14159	1.04464	2.09695	1.88035
561	3.14159	1.00230	2.13929	1.80415
562	3.14159	0.96181	2.17979	1.73125
563	3.14159	0.92254	2.21906	1.66057
564	3.14159	0.88511	2.25649	1.59319
565	3.14159	0.84891	2.29269	1.52803
566	3.14159	0.81393	2.32766	1.46507
567	3.14159	0.78049	2.36110	1.40488
568	3.14159	0.74797	2.39362	1.34634
569	3.14159	0.71698	2.42461	1.29057
570	3.14159	0.68692	2.45468	1.23645
571	3.14159	0.65808	2.48352	1.18454
572	3.14159	0.63077	2.51082	1.13539
573	3.14159	0.60377	2.53782	1.08679
574	3.14159	0.57800	2.56359	1.04041
575	3.14159	0.55315	2.58844	0.99568
576	3.14159	0.52922	2.61237	0.95260
577	3.14159	0.50652	2.63507	0.91174
578	3.14159	0.48474	2.65685	0.87253
579	3.14159	0.46418	2.67741	0.83553
580	3.14159	0.44455	2.69705	0.80019
581	3.14159	0.42645	2.71515	0.76760
582	3.14159	0.40957	2.73202	0.73723
583	3.14159	0.39301	2.74859	0.70741
584	3.14159	0.37797	2.76362	0.68035
585	3.14159	0.36386	2.77773	0.65495
586	3.14159	0.35067	2.79092	0.63120
587	3.14159	0.33809	2.80350	0.60856
588	3.14159	0.32674	2.81485	0.58813
589	3.14159	0.31569	2.82590	0.56825
590	3.14159	0.30557	2.83602	0.55002
591	3.14159	0.29606	2.84553	0.53291
592	3.14159	0.28747	2.85412	0.51744
593	3.14159	0.27949	2.86210	0.50308
594	3.14159	0.27213	2.86946	0.48983
595	3.14159	0.26507	2.87652	0.47713
596	3.14159	0.25924	2.88235	0.46664
597	3.14159	0.25403	2.88757	0.45725
598	3.14159	0.24943	2.89217	0.44897
599	3.14159	0.24574	2.89585	0.44234
600	3.14159	0.24268	2.89892	0.43682
601	3.14159	0.24053	2.90106	0.43295
602	3.14159	0.23899	2.90260	0.43019
603	3.14159	0.23807	2.90352	0.42853
604	3.14159	0.23746	2.90413	0.42743
605	3.14159	0.23746	2.90413	0.42743
606	3.14159	0.23746	2.90413	0.42743
607	3.14159	0.23807	2.90352	0.42853
608	3.14159	0.23869	2.90291	0.42964
609	3.14159	0.23930	2.90229	0.43074
610	3.14159	0.23991	2.90168	0.43185
611	3.14159	0.24022	2.90137	0.43240
612	3.14159	0.24053	2.90106	0.43295
613	3.14159	0.24083	2.90076	0.43350
614	3.14159	0.24083	2.90076	0.43350
615	3.14159	0.24083	2.90076	0.43350
616	3.14159	0.24083	2.90076	0.43350
617	3.14159	0.24053	2.90106	0.43295
618	3.14159	0.24053	2.90106	0.43295
619	3.14159	0.24022	2.90137	0.43240
620	3.14159	0.23991	2.90168	0.43185
621	3.14159	0.23961	2.90198	0.43129
622	3.14159	0.23961	2.90198	0.43129
623	3.14159	0.23930	2.90229	0.43074
624	3.14159	0.23930	2.90229	0.43074
625	3.14159	0.23930	2.90229	0.43074
626	3.14159	0.23930	2.90229	0.43074
627	3.14159	0.23930	2.90229	0.43074
628	3.14159	0.23930	2.90229	0.43074
629	3.14159	0.23930	2.90229	0.43074
630	3.14159	0.23930	2.90229	0.43074
631	3.14159	0.23930	2.90229	0.43074
632	3.14159	0.23930	2.90229	0.43074
633	3.14159	0.23930	2.90229	0.43074
634	3.14159	0.23930	2.90229	0.43074
635	3.14159	0.23930	2.90229	0.43074
636	3.14159	0.23930	2.90229	0.43074
637	3.14159	0.23930	2.90229	0.43074
638	3.14159	0.23930	2.90229	0.43074
639	3.14159	0.23930	2.90229	0.43074
640	3.14159	0.23930	2.90229	0.43074
641	3.14159	0.23930	2.90229	0.43074
642	3.14159	0.23930	2.90229	0.43074
643	3.14159	0.23930	2.90229	0.43074
644	3.14159	0.23930	2.90229	0.43074
645	3.14159	0.23930	2.90229	0.43074
646	3.14159	0.23930	2.90229	0.43074
647	3.14159	0.23930	2.90229	0.43074
648	3.14159	0.23930	2.90229	0.43074
649	3.14159	0.23930	2.90229	0.43074
650	3.14159	0.23930	2.90229	0.43074
651	3.14159	0.23930	2.90229	0.43074
652	3.14159	0.23930	2.90229	0.43074
653	3.14159	0.23930	2.90229	0.43074
654	3.14159	0.23930	2.90229	0.43074
655	3.14159	0.23930	2.90229	0.43074
656	3.14159	0.23930	2.90229	0.43074
657	3.14159	0.23930	2.90229	0.43074
658	3.14159	0.23930	2.90229	0.43074
659	3.14159	0.23930	2.90229	0.43074
660	3.14159	0.23930	2.90229	0.43074
661	3.14159	0.23930	2.90229	0.43074
662	3.14159	0.23930	2.90229	0.43074
663	3.14159	0.23930	2.90229	0.43074
664	3.14159	0.23930	2.90229	0.43074
665	3.14159	0.23930	2.90229	0.43074
666	3.14159	0.23930	2.90229	0.43074
667	3.14159	0.23930	2.90229	0.43074
668	3.14159	0.23930	2.90229	0.43074
669	3.14159	0.23930	2.90229	0.43074
670	3.14159	0.23930	2.90229	0.43074
671	3.14159	0.23930	2.90229	0.43074
672	3.14159	0.23930	2.90229	0.43074
673	3.14159	0.23930	2.90229	0.43074
674	3.14159	0.23930	2.90229	0.43074
675	3.14159	0.23930	2.90229	0.43074
676	3.14159	0.23930	2.90229	0.43074
677	3.14159	0.23930	2.90229	0.43074
678	3.14159	0.23930	2.90229	0.43074
679	3.14159	0.23930	2.90229	0.43074
680	3.14159	0.23930	2.90229	0.43074
681	3.14159	0.23930	2.90229	0.43074
682	3.14159	0.23930	2.90229	0.43074
683	3.14159	0.23930	2.90229	0.43074
684	3.14159	0.23930	2.90229	0.43074
685	3.14159	0.23930	2.90229	0.43074
686	3.14159	0.23930	2.90229	0.43074
687	3.14159	0.23930	2.90229	0.43074
688	3.14159	0.23930	2.90229	0.43074
689	3.14159	0.23930	2.90229	0.43074
690	3.14159	0.23930	2.90229	0.43074
691	3.14159	0.23930	2.90229	0.43074
692	3.14159	0.23930	2.90229	0.43074
693	3.14159	0.23930	2.90229	0.43074
694	3.14159	0.23930	2.90229	0.43074
695	3.14159	0.23930	2.90229	0.43074
696	3.14159	0.23930	2.90229	0.43074
697	3.14159	0.23930	2.90229	0.43074
698	3.14159	0.23930	2.90229	0.43074
699	3.14159	0.23930	2.90229	0.43074
700	3.14159	0.23930	2.90229	0.43074
701	3.14159	0.23930	2.90229	0.43074
702	3.14159	0.23930	2.90229	0.43074
703	3.14159	0.23930	2.90229	0.43074
704	3.14159	0.23930	2.90229	0.43074
705	3.14159	0.23930	2.90229	0.43074
706	3.14159	0.23930	2.90229	0.43074
707	3.14159	0.23930	2.90229	0.43074
708	3.14159	0.23930	2.90229	0.43074
709	3.14159	0.23930	2.90229	0.43074
710	3.14159	0.23930	2.90229	0.43074
711	3.14159	0.23930	2.90229	0.43074
712	3.14159	0.23930	2.90229	0.43074
713	3.14159	0.23930	2.90229	0.43074
714	3.14159	0.23930	2.90229	0.43074
715	3.14159	0.23930	2.90229	0.43074
716	3.14159	0.23930	2.90229	0.43074
717	3.14159	0.23930	2.90229	0.43074
718	3.14159	0.23930	2.90229	0.43074
719	3.14159	0.23930	2.90229	0.43074
720	3.14159	0.23930	2.90229	0.43074
721	3.14159	0.23930	2.90229	0.43074
722	3.14159	0.23930	2.90229	0.43074
723	3.14159	0.23930	2.90229	0.43074
724	3.14159	0.23930	2.90229	0.43074
725	3.14159	0.23930	2.90229	0.43074
726	3.14159	0.23930	2.90229	0.43074
727	3.14159	0.23930	2.90229	0.43074
728	3.14159	0.23930	2.90229	0.43074
729	3.14159	0.23930	2.90229	0.43074
730	3.14159	0.23930	2.90229	0.43074
731	3.14159	0.23930	2.90229	0.43074
732	3.14159	0.23930	2.90229	0.43074
733	3.14159	0.23930	2.90229	0.43074
734	3.14159	0.23930	2.90229	0.43074
735	3.14159	0.23930	2.90229	0.43074
736	3.14159	0.23930	2.90229	0.43074
737	3.14159	0.23930	2.90229	0.43074
738	3.14159	0.23930	2.90229	0.43074
739	3.14159	0.23930	2.90229	0.43074
740	3.14159	0.23930	2.90229	0.43074
741	3.14159	0.23930	2.90229	0.43074
742	3.14159	0.23930	2.90229	0.43074
743	3.14159	0.23930	2.90229	0.43074
744	3.14159	0.23930	2.90229	0.43074
745	3.14159	0.23930	2.90229	0.43074
746	3.14159	0.23930	2.90229	0.43074
747	3.14159	0.23930	2.90229	0.43074
748	3.14159	0.23930	2.90229	0.43074
749	3.14159	0.23930	2.90229	0.43074
750	3.14159	0.23930	2.90229	0.43074
751	3.14159	0.23930	2.90229	0.43074
752	3.14159	0.23930	2.90229	0.43074
753	3.14159	0.23930	2.90229	0.43074
754	3.14159	0.23930	2.90229	0.43074
755	3.14159	0.23930	2.90229	0.43074
756	3.14159	0.23930	2.90229	0.43074
757	3.14159	0.23930	2.90229	0.43074
758	3.14159	0.23930	2.90229	0.43074
759	3.14159	0.23930	2.90229	0.43074
760	3.14159	0.23930	2.90229	0.43074
761	3.14159	0.23930	2.90229	0.43074
762	3.14159	0.23930	2.90229	0.43074
763	3.14159	0.23930	2.90229	0.43074
764	3.14159	0.23930	2.90229	0.43074
765	3.14159	0.23930	2.90229	0.43074
766	3.14159	0.23930	2.90229	0.43074
767	3.14159	0.23930	2.90229	0.43074
768	3.14159	0.23930	2.90229	0.43074
769	3.14159	0.23930	2.90229	0.43074
770	3.14159	0.23930	2.90229	0.43074
771	3.14159	0.23930	2.90229	0.43074
772	3.14159	0.23930	2.90229	0.43074
773	3.14159	0.23930	2.90229	0.43074
774	3.14159	0.23930	2.90229	0.43074
775	3.14159	0.23930	2.90229	0.43074
776	3.14159	0.23930	2.90229	0.43074
777	3.14159	0.23930	2.90229	0.43074
778	3.14159	0.23930	2.90229	0.43074
779	3.14159	0.23930	2.90229	0.43074
780	3.14159	0.23930	2.90229	0.43074
781	3.14159	0.23930	2.90229	0.43074
782	3.14159	0.23930	2.90229	0.43074
783	3.14159	0.23930	2.90229	0.43074
784	3.14159	0.23930	2.90229	0.43074
785	3.14159	0.23930	2.90229	0.43074
786	3.14159	0.23930	2.90229	0.43074
787	3.14159	0.23930	2.90229	0.43074
788	3.14159	0.23930	2.90229	0.43074
789	3.14159	0.23930	2.90229	0.43074
790	3.14159	0.23930	2.90229	0.43074
791	3.14159	0.23930	2.90229	0.43074
792	3.14159	0.23930	2.90229	0.43074
793	3.14159	0.23930	2.90229	0.43074
794	3.14159	0.23930	2.90229	0.43074
795	3.14159	0.23930	2.90229	0.43074
796	3.14159	0.23930	2.90229	0.43074
797	3.14159	0.23930	2.90229	0.43074
798	3.14159	0.23930	2.90229	0.43074
799	3.14159	0.23930	2.90229	0.43074
800	3.14159	0.23930	2.90229	0.43074
801	3.14159	0.23930	2.90229	0.43074
802	3.14159	0.23930	2.90229	0.43074
803	3.14159	0.23930	2.90229	0.43074
804	3.14159	0.23930	2.90229	0.43074
805	3.14159	0.23930	2.90229	0.43074
806	3.14159	0.23930	2.90229	0.43074
807	3.14159	0.23930	2.90229	0.43074
808	3.14159	0.23930	2.90229	0.43074
809	3.14159	0.23930	2.90229	0.43074
810	3.14159	0.23930	2.90229	0.43074
811	3.14159	0.23930	2.90229	0.43074
812	3.14159	0.23930	2.90229	0.43074
813	3.14159	0.23930	2.90229	0.43074
814	3.14159	0.23930	2.90229	0.43074
815	3.14159	0.23930	2.90229	0.43074
816	3.14159	0.23930	2.90229	0.43074
817	3.14159	0.23930	2.90229	0.43074
818	3.14159	0.23930	2.90229	0.43074
819	3.14159	0.23930	2.90229	0.43074
820	3.14159	0.23930	2.90229	0.43074
821	3.14159	0.23930	2.90229	0.43074
822	3.14159	0.23930	2.90229	0.43074
823	3.14159	0.23930	2.90229	0.43074
824	3.14159	0.23930	2.90229	0.43074
825	3.14159	0.23930	2.90229	0.43074
826	3.14159	0.23930	2.90229	0.43074
827	3.14159	0.23930	2.90229	0.43074
828	3.14159	0.23930	2.90229	0.43074
829	3.14159	0.23930	2.90229	0.43074
830	3.14159	0.23930	2.90229	0.43074
831	3.14159	0.23930	2.90229	0.43074
832	3.14159	0.23930	2.90229	0.43074
833	3.14159	0.23930	2.90229	0.43074
834	3.14159	0.23930	2.90229	0.43074
835	3.14159	0.23930	2.90229	0.43074
836	3.14159	0.23930	2.90229	0.43074
837	3.14159	0.23930	2.90229	0.43074
838	3.14159	0.23930	2.90229	0.43074
839	3.14159	0.23930	2.90229	0.43074
840	3.14159	0.23930	2.90229	0.43074
841	3.14159	0.23930	2.90229	0.43074
842	3.14159	0.23930	2.90229	0.43074
843	3.14159	0.23930	2.90229	0.43074
844	3.14159	0.23930	2.90229	0.43074
845	3.14159	0.23930	2.90229	0.43074
846	3.14159	0.23930	2.90229	0.43074
847	3.14159	0.23930	2.90229	0.43074
848	3.14159	0.23930	2.90229	0.43074
849	3.14159	0.23930	2.90229	0.43074
850	3.14159	0.23930	2.90229	0.43074
851	3.14159	0.23930	2.90229	0.43074
852	3.14159	0.23930	2.90229	0.43074
853	3.14159	0.23930	2.90229	0.43074
854	3.14159	0.23930	2.90229	0.43074
855	3.14159	0.23930	2.90229	0.43074
856	3.14159	0.23930	2.90229	0.43074
857	3.14159	0.23930	2.90229	0.43074
858	3.14159	0.23930	2.90229	0.43074
859	3.14159	0.23930	2.90229	0.43074
860	3.14159	0.23930	2.90229	0.43074
861	3.14159	0.23930	2.90229	0.43074
862	3.14159	0.23930	2.90229	0.43074
863	3.14159	0.23930	2.90229	0.43074
864	3.14159	0.23930	2.90229	0.43074
865	3.14159	0.23930	2.90229	0.43074
866	3.14159	0.23930	2.90229	0.43074
867	3.14159	0.23930	2.90229	0.43074
868	3.14159	0.23930	2.90229	0.43074
869	3.14159	0.23930	2.90229	0.43074
870	3.14159	0.23930	2.90229	0.43074
871	3.14159	0.23930	2.90229	0.43074
872	3.14159	0.23930	2.90229	0.43074
873	3.14159	0.23930	2.90229	0.43074
874	3.14159	0.23930	2.90229	0.43074
875	3.14159	0.23930	2.90229	0.43074
876	3.14159	0.23930	2.90229	0.43074
877	3.14159	0.23930	2.90229	0.43074
878	3.14159	0.23930	2.90229	0.43074
879	3.14159	0.23930	2.90229	0.43074
880	3.14159	0.23930	2.90229	0.43074
881	3.14159	0.23930	2.90229	0.43074
882	3.14159	0.23930	2.90229	0.43074
883	3.14159	0.23930	2.90229	0.43074
884	3.14159	0.23930	2.90229	0.43074
885	3.14159	0.23930	2.90229	0.43074
886	3.14159	0.23930	2.90229	0.43074
887	3.14159	0.23930	2.90229	0.43074
888	3.14159	0.23930	2.90229	0.43074
889	3.14159	0.23930	2.90229	0.43074
890	3.14159	0.23930	2.90229	0.43074
891	3.14159	0.23930	2.90229	0.43074
892	3.14159	0.23930	2.90229	0.43074
893	3.14159	0.23930	2.90229	0.43074
894	3.14159	0.23930	2.90229	0.43074
895	3.14159	0.23930	2.90229	0.43074
896	3.14159	0.23930	2.90229	0.43074
897	3.14159	0.23930	2.90229	0.43074
898	3.14159	0.23930	2.90229	0.43074
899	3.14159	0.23930	2.90229	0.43074
900	3.14159	0.23930	2.90229	0.43074
901	3.14159	0.23930	2.90229	0.43074
902	3.14159	0.23930	2.90229	0.43074
903	3.14159	0.23930	2.90229	0.43074
904	3.14159	0.23930	2.90229	0.43074
905	3.14159	0.23930	2.90229	0.43074
906	3.14159	0.23930	2.90229	0.43074
907	3.14159	0.23930	2.90229	0.43074
908	3.14159	0.23930	2.90229	0.43074
909	3.14159	0.23930	2.90229	0.43074
910	3.14159	0.23930	2.90229	0.43074
911	3.14159	0.23930	2.90229	0.43074
912	3.14159	0.23930	2.90229	0.43074
913	3.14159	0.23930	2.90229	0.43074
914	3.14159	0.23930	2.90229	0.43074
915	3.14159	0.23930	2.90229	0.43074
916	3.14159	0.23930	2.90229	0.43074
917	3.14159	0.23930	2.90229	0.43074
918	3.14159	0.23930	2.90229	0.43074
919	3.14159	0.23930	2.90229	0.43074
920	3.14159	0.23930	2.90229	0.43074
921	3.14159	0.23930	2.90229	0.43074
922	3.14159	0.23930	2.90229	0.43074
923	3.14159	0.23930	2.90229	0.43074
924	3.14159	0.23930	2.90229	0.43074
925	3.14159	0.23930	2.90229	0.43074
926	3.14159	0.23930	2.90229	0.43074
927	3.14159	0.23930	2.90229	0.43074
928	3.14159	0.23930	2.90229	0.43074
929	3.14159	0.23930	2.90229	0.43074
930	3.14159	0.23930	2.90229	0.43074
931	3.14159	0.23930	2.90229	0.43074
932	3.14159	0.23930	2.90229	0.43074
933	3.14159	0.23930	2.90229	0.43074
934	3.14159	0.23930	2.90229	0.43074
935	3.14159	0.23930	2.90229	0.43074
936	3.14159	0.23930	2.90229	0.43074
937	3.14159	0.23930	2.90229	0.43074
938	3.14159	0.23930	2.90229	0.43074
939	3.14159	0.23930	2.90229	0.43074
940	3.14159	0.23930	2.90229	0.43074
941	3.14159	0.23930	2.90229	0.43074
942	3.14159	0.23930	2.90229	0.43074
943	3.14159	0.23930	2.90229	0.43074
944	3.14159	0.23930	2.90229	0.43074
945	3.14159	0.23930	2.90229	0.43074
946	3.14159	0.23930	2.90229	0.43074
947	3.14159	0.23930	2.90229	0.43074
948	3.14159	0.23930	2.90229	0.43074
949	3.14159	0.23930	2.90229	0.43074
950	3.14159	0.23930	2.90229	0.43074
951	3.14159	0.23930	2.90229	0.43074
952	3.14159	0.23930	2.90229	0.43074
953	3.14159	0.23930	2.90229	0.43074
954	3.14159	0.23930	2.90229	0.43074
955	3.14159	0.23930	2.90229	0.43074
956	3.14159	0.23930	2.90229	0.43074
957	3.14159	0.23930	2.90229	0.43074
958	3.14159	0.23930	2.90229	0.43074
959	3.14159	0.23930	2.90229	0.43074
960	3.14159	0.23930	2.90229	0.43074
961	3.14159	0.23930	2.90229	0.43074
962	3.14159	0.23930	2.90229	0.43074
963	3.14159	0.23930	2.90229	0.43074
964	3.14159	0.23930	2.90229	0.43074
965	3.14159	0.23930	2.90229	0.43074
966	3.14159	0.23930	2.90229	0.43074
967	3.14159	0.23930	2.90229	0.43074
968	3.14159	0.23930	2.90229	0.43074
969	3.14159	0.23930	2.90229	0.43074
970	3.14159	0.23930	2.90229	0.43074
971	3.14159	0.23930	2.90229	0.43074
972	3.14159	0.23930	2.90229	0.43074
973	3.14159	0.23930	2.90229	0.43074
974	3.14159	0.23930	2.90229	0.43074
975	3.14159	0.23930	2.90229	0.43074
976	3.14159	0.23930	2.90229	0.43074
977	3.14159	0.23930	2.90229	0.43074
978	3.14159	0.23930	2.90229	0.43074
979	3.14159	0.23930	2.90229	0.43074
980	3.14159	0.23930	2.90229	0.43074
981	3.14159	0.23930	2.90229	0.43074
982	3.14159	0.23930	2.90229	0.43074
983	3.14159	0.23930	2.90229	0.43074
984	3.14159	0.23930	2.90229	0.43074
985	3.14159	0.23930	2.90229	0.43074
986	3.14159	0.23930	2.90229	0.43074
987	3.14159	0.23930	2.90229	0.43074
988	3.14159	0.23930	2.90229	0.43074
989	3.14159	0.23930	2.90229	0.43074
990	3.14159	0.23930	2.90229	0.43074
991	3.14159	0.23930	2.90229	0.43074
992	3.14159	0.23930	2.90229	0.43074
993	3.14159	0.23930	2.90229	0.43074
994	3.14159	0.23930	2.90229	0.43074
995	3.14159	0.23930	2.90229	0.43074
996	3.14159	0.23930	2.90229	0.43074
997	3.14159	0.23930	2.90229	0.43074
998	3.14159	0.23930	2.90229	0.43074
999	3.14159	0.23930	2.90229	0.43074
1000	-3.14159	-6.04388	2.90229	-10.87899
1001	-3.14159	-6.04082	2.89922	-10.87347
1002	-3.14159	-6.01903	2.87744	-10.83426
1003	-3.14159	-5.97762	2.83602	-10.75971
1004	-3.14159	-5.92239	2.78080	-10.66031
1005	-3.14159	-5.85459	2.71300	-10.53826
1006	-3.14159	-5.77697	2.63538	-10.39855
1007	-3.14159	-5.69076	2.54917	-10.24337
1008	-3.14159	-5.59780	2.45621	-10.07605
1009	-3.14159	-5.49901	2.35742	-9.89823
1010	-3.14159	-5.39624	2.25465	-9.71323
1011	-3.14159	-5.29070	2.14911	-9.52326
1012	-3.14159	-5.18240	2.04081	-9.32832
1013	-3.14159	-5.07226	1.93067	-9.13007
1014	-3.14159	-4.96181	1.82022	-8.93127
1015	-3.14159	-4.85014	1.70855	-8.73025
1016	-3.14159	-4.73847	1.59687	-8.52924
1017	-3.14159	-4.62679	1.48520	-8.32823
1018	-3.14159	-4.51481	1.37322	-8.12666
1019	-3.14159	-4.40375	1.26216	-7.92675
1020	-3.14159	-4.29300	1.15141	-7.72740
1021	-3.14159	-4.18255	1.04096	-7.52859
1022	-3.14159	-4.07303	0.93143	-7.33145
1023	-3.14159	-3.96411	0.82252	-7.13540
1024	-3.14159	-3.85643	0.71484	-6.94157
1025	-3.14159	-3.74936	0.60776	-6.74884
1026	-3.14159	-3.64382	0.50223	-6.55887
1027	-3.14159	-3.53920	0.39761	-6.37056
1028	-3.14159	-3.43642	0.29483	-6.18556
1029	-3.14159	-3.33518	0.19359	-6.00333
1030	-3.14159	-3.23578	0.09419	-5.82440
1031	-3.14159	-3.13791	-0.00368	-5.64824
1032	-3.14159	-3.04219	-0.09940	-5.47594
1033	-3.14159	-2.94831	-0.19328	-5.30696
1034	-3.14159	-2.85597	-0.28563	-5.14074
1035	-3.14159	-2.76485	-0.37675	-4.97672
1036	-3.14159	-2.67618	-0.46541	-4.81713
1037	-3.14159	-2.58875	-0.55285	-4.65974
1038	-3.14159	-2.50315	-0.63844	-4.50567
1039	-3.14159	-2.41939	-0.72220	-4.35491
1040	-3.14159	-2.33779	-0.80381	-4.20802
1041	-3.14159	-2.25863	-0.88296	-4.06554
1042	-3.14159	-2.18101	-0.96058	-3.92583
1043	-3.14159	-2.10554	-1.03605	-3.78998
1044	-3.14159	-2.03222	-1.10937	-3.65799
1045	-3.14159	-1.96104	-1.18055	-3.52987
1046	-3.14159	-1.89140	-1.25019	-3.40452
1047	-3.14159	-1.82360	-1.31800	-3.28247
1048	-3.14159	-1.75825	-1.38334	-3.16485
1049	-3.14159	-1.69444	-1.44716	-3.04998
1050	-3.14159	-1.63308	-1.50852	-2.93954
1051	-3.14159	-1.57356	-1.56804	-2.83240
1052	-3.14159	-1.51557	-1.62602	-2.72803
1053	-3.14159	-1.45882	-1.68278	-2.62587
1054	-3.14159	-1.40421	-1.73739	-2.52757
1055	-3.14159	-1.35082	-1.79077	-2.43148
1056	-3.14159	-1.29928	-1.84231	-2.33871
1057	-3.14159	-1.24927	-1.89232	-2.24869
1058	-3.14159	-1.20049	-1.94110	-2.16089
1059	-3.14159	-1.15355	-1.98804	-2.07640
1060	-3.14159	-1.10784	-2.03375	-1.99411
1061	-3.14159	-1.06336	-2.07824	-1.91404
1062	-3.14159	-1.02102	-2.12058	-1.83783
1063	-3.14159	-0.98021	-2.16138	-1.76438
1064	-3.14159	-0.94094	-2.20065	-1.69370
1065	-3.14159	-0.90290	-2.23869	-1.62522
1066	-3.14159	-0.86639	-2.27520	-1.55951
1067	-3.14159	-0.83080	-2.31079	-1.49545
1068	-3.14159	-0.79614	-2.34546	-1.43305
1069	-3.14159	-0.76239	-2.37920	-1.37230
1070	-3.14159	-0.73017	-2.41142	-1.31431
1071	-3.14159	-0.69919	-2.44240	-1.25854
1072	-3.14159	-0.66943	-2.47216	-1.20497
1073	-3.14159	-0.64120	-2.50039	-1.15417
1074	-3.14159	-0.61421	-2.52739	-1.10557
1075	-3.14159	-0.58843	-2.55316	-1.05918
1076	-3.14159	-0.56389	-2.57770	-1.01500
1077	-3.14159	-0.54057	-2.60102	-0.97303
1078	-3.14159	-0.51818	-2.62341	-0.93272
1079	-3.14159	-0.49732	-2.64428	-0.89517
1080	-3.14159	-0.47737	-2.66422	-0.85927
1081	-3.14159	-0.45866	-2.68293	-0.82559
1082	-3.14159	-0.44087	-2.70073	-0.79356
1083	-3.14159	-0.42430	-2.71729	-0.76374
1084	-3.14159	-0.40865	-2.73294	-0.73557
1085	-3.14159	-0.39393	-2.74767	-0.70907
1086	-3.14159	-0.38073	-2.76086	-0.68532
1087	-3.14159	-0.36816	-2.77344	-0.66268
1088	-3.14159	-0.35680	-2.78479	-0.64225
1089	-3.14159	-0.34699	-2.79461	-0.62458
1090	-3.14159	-0.33778	-2.80381	-0.60801
1091	-3.14159	-0.32919	-2.81240	-0.59255
1092	-3.14159	-0.32091	-2.82068	-0.57764
1093	-3.14159	-0.31385	-2.82774	-0.56493
1094	-3.14159	-0.30802	-2.83357	-0.55444
1095	-3.14159	-0.30250	-2.83909	-0.54450
1096	-3.14159	-0.29759	-2.84400	-0.53567
1097	-3.14159	-0.29330	-2.84830	-0.52793
1098	-3.14159	-0.28992	-2.85167	-0.52186
1099	-3.14159	-0.28685	-2.85474	-0.51634
1100	-3.14159	-0.28440	-2.85719	-0.51192
1101	-3.14159	-0.28317	-2.85842	-0.50971
1102	-3.14159	-0.28225	-2.85934	-0.50805
1103	-3.14159	-0.28133	-2.86026	-0.50640
1104	-3.14159	-0.28133	-2.86026	-0.50640
1105	-3.14159	-0.28133	-2.86026	-0.50640
1106	-3.14159	-0.28133	-2.86026	-0.50640
1107	-3.14159	-0.28195	-2.85965	-0.50750
1108	-3.14159	-0.28256	-2.85903	-0.50861
1109	-3.14159	-0.28287	-2.85873	-0.50916
1110	-3.14159	-0.28348	-2.85811	-0.51026
1111	-3.14159	-0.28409	-2.85750	-0.51137
1112	-3.14159	-0.28471	-2.85689	-0.51247
1113	-3.14159	-0.28501	-2.85658	-0.51302
1114	-3.14159	-0.28532	-2.85627	-0.51358
1115	-3.14159	-0.28563	-2.85597	-0.51413
1116	-3.14159	-0.28563	-2.85597	-0.51413
1117	-3.14159	-0.28563	-2.85597	-0.51413
1118	-3.14159	-0.28563	-2.85597	-0.51413
1119	-3.14159	-0.28563	-2.85597	-0.51413
1120	-3.14159	-0.28563	-2.85597	-0.51413
1121	-3.14159	-0.28563	-2.85597	-0.51413
1122	-3.14159	-0.28563	-2.85597	-0.51413
1123	-3.14159	-0.28563	-2.85597	-0.51413
1124	-3.14159	-0.28563	-2.85597	-0.51413
1125	-3.14159	-0.28563	-2.85597	-0.51413
1126	-3.14159	-0.28563	-2.85597	-0.51413
1127	-3.14159	-0.28563	-2.85597	-0.51413
1128	-3.14159	-0.28563	-2.85597	-0.51413
1129	-3.14159	-0.28563	-2.85597	-0.51413
1130	-3.14159	-0.28563	-2.85597	-0.51413
1131	-3.14159	-0.28563	-2.85597	-0.51413
1132	-3.14159	-0.28563	-2.85597	-0.51413
1133	-3.14159	-0.28563	-2.85597	-0.51413
1134	-3.14159	-0.28563	-2.85597	-0.51413
1135	-3.14159	-0.28563	-2.85597	-0.51413
1136	-3.14159	-0.28563	-2.85597	-0.51413
1137	-3.14159	-0.28563	-2.85597	-0.51413
1138	-3.14159	-0.28563	-2.85597	-0.51413
1139	-3.14159	-0.28563	-2.85597	-0.51413
1140	-3.14159	-0.28563	-2.85597	-0.51413
1141	-3.14159	-0.28563	-2.85597	-0.51413
1142	-3.14159	-0.28563	-2.85597	-0.51413
1143	-3.14159	-0.28532	-2.85627	-0.51358
1144	-3.14159	-0.28501	-2.85658	-0.51302
1145	-3.14159	-0.28471	-2.85689	-0.51247
1146	-3.14159	-0.28409	-2.85750	-0.51137
1147	-3.14159	-0.28348	-2.85811	-0.51026
1148	-3.14159	-0.28287	-2.85873	-0.50916
1149	-3.14159	-0.28225	-2.85934	-0.50805
1150	-3.14159	-0.28195	-2.85965	-0.50750
1151	-3.14159	-0.28195	-2.85965	-0.50750
1152	-3.14159	-0.28164	-2.85995	-0.50695
1153	-3.14159	-0.28164	-2.85995	-0.50695
1154	-3.14159	-0.28164	-2.85995	-0.50695
1155	-3.14159	-0.28164	-2.85995	-0.50695
1156	-3.14159	-0.28164	-2.85995	-0.50695
1157	-3.14159	-0.28164	-2.85995	-0.50695
1158	-3.14159	-0.28225	-2.85934	-0.50805
1159	-3.14159	-0.28256	-2.85903	-0.50861
1160	-3.14159	-0.28287	-2.85873	-0.50916
1161	-3.14159	-0.28317	-2.85842	-0.50971
1162	-3.14159	-0.28348	-2.85811	-0.51026
1163	-3.14159	-0.28379	-2.85781	-0.51082
1164	-3.14159	-0.28379	-2.85781	-0.51082
1165	-3.14159	-0.28379	-2.85781	-0.51082
1166	-3.14159	-0.28379	-2.85781	-0.51082
1167	-3.14159	-0.28379	-2.85781	-0.51082
1168	-3.14159	-0.28379	-2.85781	-0.51082
1169	-3.14159	-0.28379	-2.85781	-0.51082
1170	-3.14159	-0.28379	-2.85781	-0.51082
1171	-3.14159	-0.28379	-2.85781	-0.51082
1172	-3.14159	-0.28379	-2.85781	-0.51082
1173	-3.14159	-0.28379	-2.85781	-0.51082
1174	-3.14159	-0.28379	-2.85781	-0.51082
1175	-3.14159	-0.28379	-2.85781	-0.51082
1176	-3.14159	-0.28379	-2.85781	-0.51082
1177	-3.14159	-0.28379	-2.85781	-0.51082
1178	-3.14159	-0.28379	-2.85781	-0.51082
1179	-3.14159	-0.28379	-2.85781	-0.51082
1180	-3.14159	-0.28379	-2.85781	-0.51082
1181	-3.14159	-0.28379	-2.85781	-0.51082
1182	-3.14159	-0.28379	-2.85781	-0.51082
1183	-3.14159	-0.28379	-2.85781	-0.51082
1184	-3.14159	-0.28379	-2.85781	-0.51082
1185	-3.14159	-0.28379	-2.85781	-0.51082
1186	-3.14159	-0.28379	-2.85781	-0.51082
1187	-3.14159	-0.28379	-2.85781	-0.51082
1188	-3.14159	-0.28379	-2.85781	-0.51082
1189	-3.14159	-0.28379	-2.85781	-0.51082
1190	-3.14159	-0.28379	-2.85781	-0.51082
1191	-3.14159	-0.28379	-2.85781	-0.51082
1192	-3.14159	-0.28379	-2.85781	-0.51082
1193	-3.14159	-0.28379	-2.85781	-0.51082
1194	-3.14159	-0.28379	-2.85781	-0.51082
1195	-3.14159	-0.28379	-2.85781	-0.51082
1196	-3.14159	-0.28379	-2.85781	-0.51082
1197	-3.14159	-0.28379	-2.85781	-0.51082
1198	-3.14159	-0.28379	-2.85781	-0.51082
1199	-3.14159	-0.28379	-2.85781	-0.51082
1200	-3.14159	-0.28379	-2.85781	-0.51082
1201	-3.14159	-0.28379	-2.85781	-0.51082
1202	-3.14159	-0.28379	-2.85781	-0.51082
1203	-3.14159	-0.28379	-2.85781	-0.51082
1204	-3.14159	-0.28379	-2.85781	-0.51082
1205	-3.14159	-0.28379	-2.85781	-0.51082
1206	-3.14159	-0.28379	-2.85781	-0.51082
1207	-3.14159	-0.28379	-2.85781	-0.51082
1208	-3.14159	-0.28379	-2.85781	-0.51082
1209	-3.14159	-0.28379	-2.85781	-0.51082
1210	-3.14159	-0.28379	-2.85781	-0.51082
1211	-3.14159	-0.28379	-2.85781	-0.51082
1212	-3.14159	-0.28379	-2.85781	-0.51082
1213	-3.14159	-0.28379	-2.85781	-0.51082
1214	-3.14159	-0.28379	-2.85781	-0.51082
1215	-3.14159	-0.28379	-2.85781	-0.51082
1216	-3.14159	-0.28379	-2.85781	-0.51082
1217	-3.14159	-0.28379	-2.85781	-0.51082
1218	-3.14159	-0.28379	-2.85781	-0.51082
1219	-3.14159	-0.28379	-2.85781	-0.51082
1220	-3.14159	-0.28379	-2.85781	-0.51082
1221	-3.14159	-0.28379	-2.85781	-0.51082
1222	-3.14159	-0.28379	-2.85781	-0.51082
1223	-3.14159	-0.28379	-2.85781	-0.51082
1224	-3.14159	-0.28379	-2.85781	-0.51082
1225	-3.14159	-0.28379	-2.85781	-0.51082
1226	-3.14159	-0.28379	-2.85781	-0.51082
1227	-3.14159	-0.28379	-2.85781	-0.51082
1228	-3.14159	-0.28379	-2.85781	-0.51082
1229	-3.14159	-0.28379	-2.85781	-0.51082
1230	-3.14159	-0.28379	-2.85781	-0.51082
1231	-3.14159	-0.28379	-2.85781	-0.51082
1232	-3.14159	-0.28379	-2.85781	-0.51082
1233	-3.14159	-0.28379	-2.85781	-0.51082
1234	-3.14159	-0.28379	-2.85781	-0.51082
1235	-3.14159	-0.28379	-2.85781	-0.51082
1236	-3.14159	-0.28379	-2.85781	-0.51082
1237	-3.14159	-0.28379	-2.85781	-0.51082
1238	-3.14159	-0.28379	-2.85781	-0.51082
1239	-3.14159	-0.28379	-2.85781	-0.51082
1240	-3.14159	-0.28379	-2.85781	-0.51082
1241	-3.14159	-0.28379	-2.85781	-0.51082
1242	-3.14159	-0.28379	-2.85781	-0.51082
1243	-3.14159	-0.28379	-2.85781	-0.51082
1244	-3.14159	-0.28379	-2.85781	-0.51082
1245	-3.14159	-0.28379	-2.85781	-0.51082
1246	-3.14159	-0.28379	-2.85781	-0.51082
1247	-3.14159	-0.28379	-2.85781	-0.51082
1248	-3.14159	-0.28379	-2.85781	-0.51082
1249	-3.14159	-0.28379	-2.85781	-0.51082
1250	-3.14159	-0.28379	-2.85781	-0.51082
1251	-3.14159	-0.28379	-2.85781	-0.51082
1252	-3.14159	-0.28379	-2.85781	-0.51082
1253	-3.14159	-0.28379	-2.85781	-0.51082
1254	-3.14159	-0.28379	-2.85781	-0.51082
1255	-3.14159	-0.28379	-2.85781	-0.51082
1256	-3.14159	-0.28379	-2.85781	-0.51082
1257	-3.14159	-0.28379	-2.85781	-0.51082
1258	-3.14159	-0.28379	-2.85781	-0.51082
1259	-3.14159	-0.28379	-2.85781	-0.51082
1260	-3.14159	-0.28379	-2.85781	-0.51082
1261	-3.14159	-0.28379	-2.85781	-0.51082
1262	-3.14159	-0.28379	-2.85781	-0.51082
1263	-3.14159	-0.28379	-2.85781	-0.51082
1264	-3.14159	-0.28379	-2.85781	-0.51082
1265	-3.14159	-0.28379	-2.85781	-0.51082
1266	-3.14159	-0.28379	-2.85781	-0.51082
1267	-3.14159	-0.28379	-2.85781	-0.51082
1268	-3.14159	-0.28379	-2.85781	-0.51082
1269	-3.14159	-0.28379	-2.85781	-0.51082
1270	-3.14159	-0.28379	-2.85781	-0.51082
1271	-3.14159	-0.28379	-2.85781	-0.51082
1272	-3.14159	-0.28379	-2.85781	-0.51082
1273	-3.14159	-0.28379	-2.85781	-0.51082
1274	-3.14159	-0.28379	-2.85781	-0.51082
1275	-3.14159	-0.28379	-2.85781	-0.51082
1276	-3.14159	-0.28379	-2.85781	-0.51082
1277	-3.14159	-0.28379	-2.85781	-0.51082
1278	-3.14159	-0.28379	-2.85781	-0.51082
1279	-3.14159	-0.28379	-2.85781	-0.51082
1280	-3.14159	-0.28379	-2.85781	-0.51082
1281	-3.14159	-0.28379	-2.85781	-0.51082
1282	-3.14159	-0.28379	-2.85781	-0.51082
1283	-3.14159	-0.28379	-2.85781	-0.51082
1284	-3.14159	-0.28379	-2.85781	-0.51082
1285	-3.14159	-0.28379	-2.85781	-0.51082
1286	-3.14159	-0.28379	-2.85781	-0.51082
1287	-3.14159	-0.28379	-2.85781	-0.51082
1288	-3.14159	-0.28379	-2.85781	-0.51082
1289	-3.14159	-0.28379	-2.85781	-0.51082
1290	-3.14159	-0.28379	-2.85781	-0.51082
1291	-3.14159	-0.28379	-2.85781	-0.51082
1292	-3.14159	-0.28379	-2.85781	-0.51082
1293	-3.14159	-0.28379	-2.85781	-0.51082
1294	-3.14159	-0.28379	-2.85781	-0.51082
1295	-3.14159	-0.28379	-2.85781	-0.51082
1296	-3.14159	-0.28379	-2.85781	-0.51082
1297	-3.14159	-0.28379	-2.85781	-0.51082
1298	-3.14159	-0.28379	-2.85781	-0.51082
1299	-3.14159	-0.28379	-2.85781	-0.51082
1300	-3.14159	-0.28379	-2.85781	-0.51082
1301	-3.14159	-0.28379	-2.85781	-0.51082
1302	-3.14159	-0.28379	-2.85781	-0.51082
1303	-3.14159	-0.28379	-2.85781	-0.51082
1304	-3.14159	-0.28379	-2.85781	-0.51082
1305	-3.14159	-0.28379	-2.85781	-0.51082
1306	-3.14159	-0.28379	-2.85781	-0.51082
1307	-3.14159	-0.28379	-2.85781	-0.51082
1308	-3.14159	-0.28379	-2.85781	-0.51082
1309	-3.14159	-0.28379	-2.85781	-0.51082
1310	-3.14159	-0.28379	-2.85781	-0.51082
1311	-3.14159	-0.28379	-2.85781	-0.51082
1312	-3.14159	-0.28379	-2.85781	-0.51082
1313	-3.14159	-0.28379	-2.85781	-0.51082
1314	-3.14159	-0.28379	-2.85781	-0.51082
1315	-3.14159	-0.28379	-2.85781	-0.51082
1316	-3.14159	-0.28379	-2.85781	-0.51082
1317	-3.14159	-0.28379	-2.85781	-0.51082
1318	-3.14159	-0.28379	-2.85781	-0.51082
1319	-3.14159	-0.28379	-2.85781	-0.51082
1320	-3.14159	-0.28379	-2.85781	-0.51082
1321	-3.14159	-0.28379	-2.85781	-0.51082
1322	-3.14159	-0.28379	-2.85781	-0.51082
1323	-3.14159	-0.28379	-2.85781	-0.51082
1324	-3.14159	-0.28379	-2.85781	-0.51082
1325	-3.14159	-0.28379	-2.85781	-0.51082
1326	-3.14159	-0.28379	-2.85781	-0.51082
1327	-3.14159	-0.28379	-2.85781	-0.51082
1328	-3.14159	-0.28379	-2.85781	-0.51082
1329	-3.14159	-0.28379	-2.85781	-0.51082
1330	-3.14159	-0.28379	-2.85781	-0.51082
1331	-3.14159	-0.28379	-2.85781	-0.51082
1332	-3.14159	-0.28379	-2.85781	-0.51082
1333	-3.14159	-0.28379	-2.85781	-0.51082
1334	-3.14159	-0.28379	-2.85781	-0.51082
1335	-3.14159	-0.28379	-2.85781	-0.51082
1336	-3.14159	-0.28379	-2.85781	-0.51082
1337	-3.14159	-0.28379	-2.85781	-0.51082
1338	-3.14159	-0.28379	-2.85781	-0.51082
1339	-3.14159	-0.28379	-2.85781	-0.51082
1340	-3.14159	-0.28379	-2.85781	-0.51082
1341	-3.14159	-0.28379	-2.85781	-0.51082
1342	-3.14159	-0.28379	-2.85781	-0.51082
1343	-3.14159	-0.28379	-2.85781	-0.51082
1344	-3.14159	-0.28379	-2.85781	-0.51082
1345	-3.14159	-0.28379	-2.85781	-0.51082
1346	-3.14159	-0.28379	-2.85781	-0.51082
1347	-3.14159	-0.28379	-2.85781	-0.51082
1348	-3.14159	-0.28379	-2.85781	-0.51082
1349	-3.14159	-0.28379	-2.85781	-0.51082
1350	-3.14159	-0.28379	-2.85781	-0.51082
1351	-3.14159	-0.28379	-2.85781	-0.51082
1352	-3.14159	-0.28379	-2.85781	-0.51082
1353	-3.14159	-0.28379	-2.85781	-0.51082
1354	-3.14159	-0.28379	-2.85781	-0.51082
1355	-3.14159	-0.28379	-2.85781	-0.51082
1356	-3.14159	-0.28379	-2.85781	-0.51082
1357	-3.14159	-0.28379	-2.85781	-0.51082
1358	-3.14159	-0.28379	-2.85781	-0.51082
1359	-3.14159	-0.28379	-2.85781	-0.51082
1360	-3.14159	-0.28379	-2.85781	-0.51082
1361	-3.14159	-0.28379	-2.85781	-0.51082
1362	-3.14159	-0.28379	-2.85781	-0.51082
1363	-3.14159	-0.28379	-2.85781	-0.51082
1364	-3.14159	-0.28379	-2.85781	-0.51082
1365	-3.14159	-0.28379	-2.85781	-0.51082
1366	-3.14159	-0.28379	-2.85781	-0.51082
1367	-3.14159	-0.28379	-2.85781	-0.51082
1368	-3.14159	-0.28379	-2.85781	-0.51082
1369	-3.14159	-0.28379	-2.85781	-0.51082
1370	-3.14159	-0.28379	-2.85781	-0.51082
1371	-3.14159	-0.28379	-2.85781	-0.51082
1372	-3.14159	-0.28379	-2.85781	-0.51082
1373	-3.14159	-0.28379	-2.85781	-0.51082
1374	-3.14159	-0.28379	-2.85781	-0.51082
1375	-3.14159	-0.28379	-2.85781	-0.51082
1376	-3.14159	-0.28379	-2.85781	-0.51082
1377	-3.14159	-0.28379	-2.85781	-0.51082
1378	-3.14159	-0.28379	-2.85781	-0.51082
1379	-3.14159	-0.28379	-2.85781	-0.51082
1380	-3.14159	-0.28379	-2.85781	-0.51082
1381	-3.14159	-0.28379	-2.85781	-0.51082
1382	-3.14159	-0.28379	-2.85781	-0.51082
1383	-3.14159	-0.28379	-2.85781	-0.51082
1384	-3.14159	-0.28379	-2.85781	-0.51082
1385	-3.14159	-0.28379	-2.85781	-0.51082
1386	-3.14159	-0.28379	-2.85781	-0.51082
1387	-3.14159	-0.28379	-2.85781	-0.51082
1388	-3.14159	-0.28379	-2.85781	-0.51082
1389	-3.14159	-0.28379	-2.85781	-0.51082
1390	-3.14159	-0.28379	-2.85781	-0.51082
1391	-3.14159	-0.28379	-2.85781	-0.51082
1392	-3.14159	-0.28379	-2.85781	-0.51082
1393	-3.14159	-0.28379	-2.85781	-0.51082
1394	-3.14159	-0.28379	-2.85781	-0.51082
1395	-3.14159	-0.28379	-2.85781	-0.51082
1396	-3.14159	-0.28379	-2.85781	-0.51082
1397	-3.14159	-0.28379	-2.85781	-0.51082
1398	-3.14159	-0.28379	-2.85781	-0.51082
1399	-3.14159	-0.28379	-2.85781	-0.51082
1400	-3.14159	-0.28379	-2.85781	-0.51082
1401	-3.14159	-0.28379	-2.85781	-0.51082
1402	-3.14159	-0.28379	-2.85781	-0.51082
1403	-3.14159	-0.28379	-2.85781	-0.51082
1404	-3.14159	-0.28379	-2.85781	-0.51082
1405	-3.14159	-0.28379	-2.85781	-0.51082
1406	-3.14159	-0.28379	-2.85781	-0.51082
1407	-3.14159	-0.28379	-2.85781	-0.51082
1408	-3.14159	-0.28379	-2.85781	-0.51082
1409	-3.14159	-0.28379	-2.85781	-0.51082
1410	-3.14159	-0.28379	-2.85781	-0.51082
1411	-3.14159	-0.28379	-2.85781	-0.51082
1412	-3.14159	-0.28379	-2.85781	-0.51082
1413	-3.14159	-0.28379	-2.85781	-0.51082
1414	-3.14159	-0.28379	-2.85781	-0.51082
1415	-3.14159	-0.28379	-2.85781	-0.51082
1416	-3.14159	-0.28379	-2.85781	-0.51082
1417	-3.14159	-0.28379	-2.85781	-0.51082
1418	-3.14159	-0.28379	-2.85781	-0.51082
1419	-3.14159	-0.28379	-2.85781	-0.51082
1420	-3.14159	-0.28379	-2.85781	-0.51082
1421	-3.14159	-0.28379	-2.85781	-0.51082
1422	-3.14159	-0.28379	-2.85781	-0.51082
1423	-3.14159	-0.28379	-2.85781	-0.51082
1424	-3.14159	-0.28379	-2.85781	-0.51082
1425	-3.14159	-0.28379	-2.85781	-0.51082
1426	-3.14159	-0.28379	-2.85781	-0.51082
1427	-3.14159	-0.28379	-2.85781	-0.51082
1428	-3.14159	-0.28379	-2.85781	-0.51082
1429	-3.14159	-0.28379	-2.85781	-0.51082
1430	-3.14159	-0.28379	-2.85781	-0.51082
1431	-3.14159	-0.28379	-2.85781	-0.51082
1432	-3.14159	-0.28379	-2.85781	-0.51082
1433	-3.14159	-0.28379	-2.85781	-0.51082
1434	-3.14159	-0.28379	-2.85781	-0.51082
1435	-3.14159	-0.28379	-2.85781	-0.51082
1436	-3.14159	-0.28379	-2.85781	-0.51082
1437	-3.14159	-0.28379	-2.85781	-0.51082
1438	-3.14159	-0.28379	-2.85781	-0.51082
1439	-3.14159	-0.28379	-2.85781	-0.51082
1440	-3.14159	-0.28379	-2.85781	-0.51082
1441	-3.14159	-0.28379	-2.85781	-0.51082
1442	-3.14159	-0.28379	-2.85781	-0.51082
1443	-3.14159	-0.28379	-2.85781	-0.51082
1444	-3.14159	-0.28379	-2.85781	-0.51082
1445	-3.14159	-0.28379	-2.85781	-0.51082
1446	-3.14159	-0.28379	-2.85781	-0.51082
1447	-3.14159	-0.28379	-2.85781	-0.51082
1448	-3.14159	-0.28379	-2.85781	-0.51082
1449	-3.14159	-0.28379	-2.85781	-0.51082
1450	-3.14159	-0.28379	-2.85781	-0.51082
1451	-3.14159	-0.28379	-2.85781	-0.51082
1452	-3.14159	-0.28379	-2.85781	-0.51082
1453	-3.14159	-0.28379	-2.85781	-0.51082
1454	-3.14159	-0.28379	-2.85781	-0.51082
1455	-3.14159	-0.28379	-2.85781	-0.51082
1456	-3.14159	-0.28379	-2.85781	-0.51082
1457	-3.14159	-0.28379	-2.85781	-0.51082
1458	-3.14159	-0.28379	-2.85781	-0.51082
1459	-3.14159	-0.28379	-2.85781	-0.51082
1460	-3.14159	-0.28379	-2.85781	-0.51082
1461	-3.14159	-0.28379	-2.85781	-0.51082
1462	-3.14159	-0.28379	-2.85781	-0.51082
1463	-3.14159	-0.28379	-2.85781	-0.51082
1464	-3.14159	-0.28379	-2.85781	-0.51082
1465	-3.14159	-0.28379	-2.85781	-0.51082
1466	-3.14159	-0.28379	-2.85781	-0.51082
1467	-3.14159	-0.28379	-2.85781	-0.51082
1468	-3.14159	-0.28379	-2.85781	-0.51082
1469	-3.14159	-0.28379	-2.85781	-0.51082
1470	-3.14159	-0.28379	-2.85781	-0.51082
1471	-3.14159	-0.28379	-2.85781	-0.51082
1472	-3.14159	-0.28379	-2.85781	-0.51082
1473	-3.14159	-0.28379	-2.85781	-0.51082
1474	-3.14159	-0.28379	-2.85781	-0.51082
1475	-3.14159	-0.28379	-2.85781	-0.51082
1476	-3.14159	-0.28379	-2.85781	-0.51082
1477	-3.14159	-0.28379	-2.85781	-0.51082
1478	-3.14159	-0.28379	-2.85781	-0.51082
1479	-3.14159	-0.28379	-2.85781	-0.51082
1480	-3.14159	-0.28379	-2.85781	-0.51082
1481	-3.14159	-0.28379	-2.85781	-0.51082
1482	-3.14159	-0.28379	-2.85781	-0.51082
1483	-3.14159	-0.28379	-2.85781	-0.51082
1484	-3.14159	-0.28379	-2.85781	-0.51082
1485	-3.14159	-0.28379	-2.85781	-0.51082
1486	-3.14159	-0.28379	-2.85781	-0.51082
1487	-3.14159	-0.28379	-2.85781	-0.51082
1488	-3.14159	-0.28379	-2.85781	-0.51082
1489	-3.14159	-0.28379	-2.85781	-0.51082
1490	-3.14159	-0.28379	-2.85781	-0.51082
1491	-3.14159	-0.28379	-2.85781	-0.51082
1492	-3.14159	-0.28379	-2.85781	-0.51082
1493	-3.14159	-0.28379	-2.85781	-0.51082
1494	-3.14159	-0.28379	-2.85781	-0.51082
1495	-3.14159	-0.28379	-2.85781	-0.51082
1496	-3.14159	-0.28379	-2.85781	-0.51082
1497	-3.14159	-0.28379	-2.85781	-0.51082
1498	-3.14159	-0.28379	-2.85781	-0.51082
1499	-3.14159	-0.28379	-2.85781	-0.51082
1500	3.14159	5.99940	-2.85781	10.79892
1501	3.14159	5.99664	-2.85505	10.79395
1502	3.14159	5.97455	-2.83296	10.75419
1503	3.14159	5.93129	-2.78970	10.67632
1504	3.14159	5.87423	-2.73263	10.57361
1505	3.14159	5.80397	-2.66238	10.44715
1506	3.14159	5.72420	-2.58261	10.30357
1507	3.14159	5.63615	-2.49456	10.14507
1508	3.14159	5.54197	-2.40037	9.97554
1509	3.14159	5.44226	-2.30066	9.79606
1510	3.14159	5.33856	-2.19697	9.60941
1511	3.14159	5.23210	-2.09051	9.41778
1512	3.14159	5.12350	-1.98190	9.22229
1513	3.14159	5.01274	-1.87115	9.02294
1514	3.14159	4.90045	-1.75886	8.82082
1515	3.14159	4.78786	-1.64627	8.61815
1516	3.14159	4.67557	-1.53398	8.41603
1517	3.14159	4.56329	-1.42169	8.21391
1518	3.14159	4.45100	-1.30941	8.01180
1519	3.14159	4.33932	-1.19773	7.81078
1520	3.14159	4.22765	-1.08606	7.60977
1521	3.14159	4.11628	-0.97469	7.40931
1522	3.14159	4.00584	-0.86424	7.21051
1523	3.14159	3.89662	-0.75503	7.01391
1524	3.14159	3.78863	-0.64703	6.81953
1525	3.14159	3.68186	-0.54027	6.62735
1526	3.14159	3.57510	-0.43350	6.43517
1527	3.14159	3.47048	-0.32889	6.24686
1528	3.14159	3.36770	-0.22611	6.06186
1529	3.14159	3.26677	-0.12517	5.88018
1530	3.14159	3.16798	-0.02638	5.70236
1531	3.14159	3.07072	0.07087	5.52730
1532	3.14159	2.97623	0.16536	5.35721
1533	3.14159	2.88327	0.25832	5.18989
1534	3.14159	2.79246	0.34913	5.02643
1535	3.14159	2.70318	0.43841	4.86573
1536	3.14159	2.61574	0.52585	4.70834
1537	3.14159	2.52984	0.61175	4.55371
1538	3.14159	2.44609	0.69551	4.40295
1539	3.14159	2.36417	0.77742	4.25551
1540	3.14159	2.28379	0.85780	4.11082
1541	3.14159	2.20586	0.93573	3.97056
1542	3.14159	2.13009	1.01151	3.83415
1543	3.14159	2.05645	1.08514	3.70162
1544	3.14159	1.98466	1.15693	3.57240
1545	3.14159	1.91471	1.22688	3.44649
1546	3.14159	1.84722	1.29437	3.32500
1547	3.14159	1.78187	1.35972	3.20737
1548	3.14159	1.71867	1.42292	3.09361
1549	3.14159	1.65701	1.48459	2.98261
1550	3.14159	1.59749	1.54411	2.87548
1551	3.14159	1.53950	1.60209	2.77111
1552	3.14159	1.48336	1.65823	2.67005
1553	3.14159	1.42906	1.71254	2.57230
1554	3.14159	1.37690	1.76469	2.47842
1555	3.14159	1.32628	1.81531	2.38730
1556	3.14159	1.27750	1.86409	2.29950
1557	3.14159	1.23056	1.91103	2.21501
1558	3.14159	1.18546	1.95613	2.13383
1559	3.14159	1.14128	2.00031	2.05431
1560	3.14159	1.09894	2.04265	1.97810
1561	3.14159	1.05722	2.08437	1.90300
1562	3.14159	1.01764	2.12395	1.83176
1563	3.14159	0.97868	2.16291	1.76162
1564	3.14159	0.94156	2.20004	1.69480
1565	3.14159	0.90566	2.23593	1.63019
1566	3.14159	0.87161	2.26998	1.56889
1567	3.14159	0.83878	2.30281	1.50981
1568	3.14159	0.80718	2.33441	1.45293
1569	3.14159	0.77681	2.36478	1.39825
1570	3.14159	0.74736	2.39424	1.34524
1571	3.14159	0.71944	2.42216	1.29499
1572	3.14159	0.69244	2.44915	1.24639
1573	3.14159	0.66636	2.47523	1.19945
1574	3.14159	0.64182	2.49978	1.15527
1575	3.14159	0.61758	2.52401	1.11165
1576	3.14159	0.59457	2.54702	1.07023
1577	3.14159	0.57217	2.56942	1.02991
1578	3.14159	0.55070	2.59089	0.99126
1579	3.14159	0.52984	2.61176	0.95371
1580	3.14159	0.50990	2.63170	0.91781
1581	3.14159	0.49149	2.65011	0.88468
1582	3.14159	0.47339	2.66821	0.85210
1583	3.14159	0.45621	2.68539	0.82117
1584	3.14159	0.44056	2.70103	0.79301
1585	3.14159	0.42614	2.71545	0.76705
1586	3.14159	0.41233	2.72926	0.74220
1587	3.14159	0.39945	2.74214	0.71901
1588	3.14159	0.38748	2.75411	0.69747
1589	3.14159	0.37583	2.76577	0.67649
1590	3.14159	0.36539	2.77620	0.65771
1591	3.14159	0.35558	2.78602	0.64004
1592	3.14159	0.34637	2.79522	0.62347
1593	3.14159	0.33809	2.80350	0.60856
1594	3.14159	0.33011	2.81148	0.59420
1595	3.14159	0.32306	2.81854	0.58150
1596	3.14159	0.31631	2.82529	0.56935
1597	3.14159	0.31017	2.83142	0.55831
1598	3.14159	0.30434	2.83725	0.54782
1599	3.14159	0.29913	2.84247	0.53843
1600	3.14159	0.29452	2.84707	0.53014
1601	3.14159	0.29023	2.85136	0.52241
1602	3.14159	0.28655	2.85505	0.51579
1603	3.14159	0.28317	2.85842	0.50971
1604	3.14159	0.28010	2.86149	0.50419
1605	3.14159	0.27704	2.86456	0.49867
1606	3.14159	0.27458	2.86701	0.49425
1607	3.14159	0.27274	2.86885	0.49094
1608	3.14159	0.27121	2.87038	0.48817
1609	3.14159	0.27029	2.87131	0.48652
1610	3.14159	0.26967	2.87192	0.48541
1611	3.14159	0.26937	2.87223	0.48486
1612	3.14159	0.26937	2.87223	0.48486
1613	3.14159	0.26937	2.87223	0.48486
1614	3.14159	0.26967	2.87192	0.48541
1615	3.14159	0.26998	2.87161	0.48597
1616	3.14159	0.27029	2.87131	0.48652
1617	3.14159	0.27029	2.87131	0.48652
1618	3.14159	0.27029	2.87131	0.48652
1619	3.14159	0.27029	2.87131	0.48652
1620	3.14159	0.27029	2.87131	0.48652
1621	3.14159	0.27059	2.87100	0.48707
1622	3.14159	0.27059	2.87100	0.48707
1623	3.14159	0.27059	2.87100	0.48707
1624	3.14159	0.27059	2.87100	0.48707
1625	3.14159	0.27029	2.87131	0.48652
1626	3.14159	0.26967	2.87192	0.48541
1627	3.14159	0.26937	2.87223	0.48486
1628	3.14159	0.26906	2.87253	0.48431
1629	3.14159	0.26875	2.87284	0.48376
1630	3.14159	0.26875	2.87284	0.48376
1631	3.14159	0.26875	2.87284	0.48376
1632	3.14159	0.26875	2.87284	0.48376
1633	3.14159	0.26875	2.87284	0.48376
1634	3.14159	0.26875	2.87284	0.48376
1635	3.14159	0.26875	2.87284	0.48376
1636	3.14159	0.26875	2.87284	0.48376
1637	3.14159	0.26875	2.87284	0.48376
1638	3.14159	0.26875	2.87284	0.48376
1639	3.14159	0.26875	2.87284	0.48376
1640	3.14159	0.26875	2.87284	0.48376
1641	3.14159	0.26875	2.87284	0.48376
1642	3.14159	0.26875	2.87284	0.48376
1643	3.14159	0.26875	2.87284	0.48376
1644	3.14159	0.26875	2.87284	0.48376
1645	3.14159	0.26875	2.87284	0.48376
1646	3.14159	0.26875	2.87284	0.48376
1647	3.14159	0.26875	2.87284	0.48376
1648	3.14159	0.26875	2.87284	0.48376
1649	3.14159	0.26875	2.87284	0.48376
1650	3.14159	0.26875	2.87284	0.48376
1651	3.14159	0.26875	2.87284	0.48376
1652	3.14159	0.26875	2.87284	0.48376
1653	3.14159	0.26875	2.87284	0.48376
1654	3.14159	0.26875	2.87284	0.48376
1655	3.14159	0.26875	2.87284	0.48376
1656	3.14159	0.26875	2.87284	0.48376
1657	3.14159	0.26875	2.87284	0.48376
1658	3.14159	0.26875	2.87284	0.48376
1659	3.14159	0.26875	2.87284	0.48376
1660	3.14159	0.26875	2.87284	0.48376
1661	3.14159	0.26875	2.87284	0.48376
1662	3.14159	0.26875	2.87284	0.48376
1663	3.14159	0.26875	2.87284	0.48376
1664	3.14159	0.26875	2.87284	0.48376
1665	3.14159	0.26875	2.87284	0.48376
1666	3.14159	0.26875	2.87284	0.48376
1667	3.14159	0.26875	2.87284	0.48376
1668	3.14159	0.26875	2.87284	0.48376
1669	3.14159	0.26875	2.87284	0.48376
1670	3.14159	0.26875	2.87284	0.48376
1671	3.14159	0.26875	2.87284	0.48376
1672	3.14159	0.26875	2.87284	0.48376
1673	3.14159	0.26875	2.87284	0.48376
1674	3.14159	0.26875	2.87284	0.48376
1675	3.14159	0.26875	2.87284	0.48376
1676	3.14159	0.26875	2.87284	0.48376
1677	3.14159	0.26875	2.87284	0.48376
1678	3.14159	0.26875	2.87284	0.48376
1679	3.14159	0.26875	2.87284	0.48376
1680	3.14159	0.26875	2.87284	0.48376
1681	3.14159	0.26875	2.87284	0.48376
1682	3.14159	0.26875	2.87284	0.48376
1683	3.14159	0.26875	2.87284	0.48376
1684	3.14159	0.26875	2.87284	0.48376
1685	3.14159	0.26875	2.87284	0.48376
1686	3.14159	0.26875	2.87284	0.48376
1687	3.14159	0.26875	2.87284	0.48376
1688	3.14159	0.26875	2.87284	0.48376
1689	3.14159	0.26875	2.87284	0.48376
1690	3.14159	0.26875	2.87284	0.48376
1691	3.14159	0.26875	2.87284	0.48376
1692	3.14159	0.26875	2.87284	0.48376
1693	3.14159	0.26875	2.87284	0.48376
1694	3.14159	0.26875	2.87284	0.48376
1695	3.14159	0.26875	2.87284	0.48376
1696	3.14159	0.26875	2.87284	0.48376
1697	3.14159	0.26875	2.87284	0.48376
1698	3.14159	0.26875	2.87284	0.48376
1699	3.14159	0.26875	2.87284	0.48376
1700	3.14159	0.26875	2.87284	0.48376
1701	3.14159	0.26875	2.87284	0.48376
1702	3.14159	0.26875	2.87284	0.48376
1703	3.14159	0.26875	2.87284	0.48376
1704	3.14159	0.26875	2.87284	0.48376
1705	3.14159	0.26875	2.87284	0.48376
1706	3.14159	0.26875	2.87284	0.48376
1707	3.14159	0.26875	2.87284	0.48376
1708	3.14159	0.26875	2.87284	0.48376
1709	3.14159	0.26875	2.87284	0.48376
1710	3.14159	0.26875	2.87284	0.48376
1711	3.14159	0.26875	2.87284	0.48376
1712	3.14159	0.26875	2.87284	0.48376
1713	3.14159	0.26875	2.87284	0.48376
1714	3.14159	0.26875	2.87284	0.48376
1715	3.14159	0.26875	2.87284	0.48376
1716	3.14159	0.26875	2.87284	0.48376
1717	3.14159	0.26875	2.87284	0.48376
1718	3.14159	0.26875	2.87284	0.48376
1719	3.14159	0.26875	2.87284	0.48376
1720	3.14159	0.26875	2.87284	0.48376
1721	3.14159	0.26875	2.87284	0.48376
1722	3.14159	0.26875	2.87284	0.48376
1723	3.14159	0.26875	2.87284	0.48376
1724	3.14159	0.26875	2.87284	0.48376
1725	3.14159	0.26875	2.87284	0.48376
1726	3.14159	0.26875	2.87284	0.48376
1727	3.14159	0.26875	2.87284	0.48376
1728	3.14159	0.26875	2.87284	0.48376
1729	3.14159	0.26875	2.87284	0.48376
1730	3.14159	0.26875	2.87284	0.48376
1731	3.14159	0.26875	2.87284	0.48376
1732	3.14159	0.26875	2.87284	0.48376
1733	3.14159	0.26875	2.87284	0.48376
1734	3.14159	0.26875	2.87284	0.48376
1735	3.14159	0.26875	2.87284	0.48376
1736	3.14159	0.26875	2.87284	0.48376
1737	3.14159	0.26875	2.87284	0.48376
1738	3.14159	0.26875	2.87284	0.48376
1739	3.14159	0.26875	2.87284	0.48376
1740	3.14159	0.26875	2.87284	0.48376
1741	3.14159	0.26875	2.87284	0.48376
1742	3.14159	0.26875	2.87284	0.48376
1743	3.14159	0.26875	2.87284	0.48376
1744	3.14159	0.26875	2.87284	0.48376
1745	3.14159	0.26875	2.87284	0.48376
1746	3.14159	0.26875	2.87284	0.48376
1747	3.14159	0.26875	2.87284	0.48376
1748	3.14159	0.26875	2.87284	0.48376
1749	3.14159	0.26875	2.87284	0.48376
1750	3.14159	0.26875	2.87284	0.48376
1751	3.14159	0.26875	2.87284	0.48376
1752	3.14159	0.26875	2.87284	0.48376
1753	3.14159	0.26875	2.87284	0.48376
1754	3.14159	0.26875	2.87284	0.48376
1755	3.14159	0.26875	2.87284	0.48376
1756	3.14159	0.26875	2.87284	0.48376
1757	3.14159	0.26875	2.87284	0.48376
1758	3.14159	0.26875	2.87284	0.48376
1759	3.14159	0.26875	2.87284	0.48376
1760	3.14159	0.26875	2.87284	0.48376
1761	3.14159	0.26875	2.87284	0.48376
1762	3.14159	0.26875	2.87284	0.48376
1763	3.14159	0.26875	2.87284	0.48376
1764	3.14159	0.26875	2.87284	0.48376
1765	3.14159	0.26875	2.87284	0.48376
1766	3.14159	0.26875	2.87284	0.48376
1767	3.14159	0.26875	2.87284	0.48376
1768	3.14159	0.26875	2.87284	0.48376
1769	3.14159	0.26875	2.87284	0.48376
1770	3.14159	0.26875	2.87284	0.48376
1771	3.14159	0.26875	2.87284	0.48376
1772	3.14159	0.26875	2.87284	0.48376
1773	3.14159	0.26875	2.87284	0.48376
1774	3.14159	0.26875	2.87284	0.48376
1775	3.14159	0.26875	2.87284	0.48376
1776	3.14159	0.26875	2.87284	0.48376
1777	3.14159	0.26875	2.87284	0.48376
1778	3.14159	0.26875	2.87284	0.48376
1779	3.14159	0.26875	2.87284	0.48376
1780	3.14159	0.26875	2.87284	0.48376
1781	3.14159	0.26875	2.87284	0.48376
1782	3.14159	0.26875	2.87284	0.48376
1783	3.14159	0.26875	2.87284	0.48376
1784	3.14159	0.26875	2.87284	0.48376
1785	3.14159	0.26875	2.87284	0.48376
1786	3.14159	0.26875	2.87284	0.48376
1787	3.14159	0.26875	2.87284	0.48376
1788	3.14159	0.26875	2.87284	0.48376
1789	3.14159	0.26875	2.87284	0.48376
1790	3.14159	0.26875	2.87284	0.48376
1791	3.14159	0.26875	2.87284	0.48376
1792	3.14159	0.26875	2.87284	0.48376
1793	3.14159	0.26875	2.87284	0.48376
1794	3.14159	0.26875	2.87284	0.48376
1795	3.14159	0.26875	2.87284	0.48376
1796	3.14159	0.26875	2.87284	0.48376
1797	3.14159	0.26875	2.87284	0.48376
1798	3.14159	0.26875	2.87284	0.48376
1799	3.14159	0.26875	2.87284	0.48376
1800	3.14159	0.26875	2.87284	0.48376
1801	3.14159	0.26875	2.87284	0.48376
1802	3.14159	0.26875	2.87284	0.48376
1803	3.14159	0.26875	2.87284	0.48376
1804	3.14159	0.26875	2.87284	0.48376
1805	3.14159	0.26875	2.87284	0.48376
1806	3.14159	0.26875	2.87284	0.48376
1807	3.14159	0.26875	2.87284	0.48376
1808	3.14159	0.26875	2.87284	0.48376
1809	3.14159	0.26875	2.87284	0.48376
1810	3.14159	0.26875	2.87284	0.48376
1811	3.14159	0.26875	2.87284	0.48376
1812	3.14159	0.26875	2.87284	0.48376
1813	3.14159	0.26875	2.87284	0.48376
1814	3.14159	0.26875	2.87284	0.48376
1815	3.14159	0.26875	2.87284	0.48376
1816	3.14159	0.26875	2.87284	0.48376
1817	3.14159	0.26875	2.87284	0.48376
1818	3.14159	0.26875	2.87284	0.48376
1819	3.14159	0.26875	2.87284	0.48376
1820	3.14159	0.26875	2.87284	0.48376
1821	3.14159	0.26875	2.87284	0.48376
1822	3.14159	0.26875	2.87284	0.48376
1823	3.14159	0.26875	2.87284	0.48376
1824	3.14159	0.26875	2.87284	0.48376
1825	3.14159	0.26875	2.87284	0.48376
1826	3.14159	0.26875	2.87284	0.48376
1827	3.14159	0.26875	2.87284	0.48376
1828	3.14159	0.26875	2.87284	0.48376
1829	3.14159	0.26875	2.87284	0.48376
1830	3.14159	0.26875	2.87284	0.48376
1831	3.14159	0.26875	2.87284	0.48376
1832	3.14159	0.26875	2.87284	0.48376
1833	3.14159	0.26875	2.87284	0.48376
1834	3.14159	0.26875	2.87284	0.48376
1835	3.14159	0.26875	2.87284	0.48376
1836	3.14159	0.26875	2.87284	0.48376
1837	3.14159	0.26875	2.87284	0.48376
1838	3.14159	0.26875	2.87284	0.48376
1839	3.14159	0.26875	2.87284	0.48376
1840	3.14159	0.26875	2.87284	0.48376
1841	3.14159	0.26875	2.87284	0.48376
1842	3.14159	0.26875	2.87284	0.48376
1843	3.14159	0.26875	2.87284	0.48376
1844	3.14159	0.26875	2.87284	0.48376
1845	3.14159	0.26875	2.87284	0.48376
1846	3.14159	0.26875	2.87284	0.48376
1847	3.14159	0.26875	2.87284	0.48376
1848	3.14159	0.26875	2.87284	0.48376
1849	3.14159	0.26875	2.87284	0.48376
1850	3.14159	0.26875	2.87284	0.48376
1851	3.14159	0.26875	2.87284	0.48376
1852	3.14159	0.26875	2.87284	0.48376
1853	3.14159	0.26875	2.87284	0.48376
1854	3.14159	0.26875	2.87284	0.48376
1855	3.14159	0.26875	2.87284	0.48376
1856	3.14159	0.26875	2.87284	0.48376
1857	3.14159	0.26875	2.87284	0.48376
1858	3.14159	0.26875	2.87284	0.48376
1859	3.14159	0.26875	2.87284	0.48376
1860	3.14159	0.26875	2.87284	0.48376
1861	3.14159	0.26875	2.87284	0.48376
1862	3.14159	0.26875	2.87284	0.48376
1863	3.14159	0.26875	2.87284	0.48376
1864	3.14159	0.26875	2.87284	0.48376
1865	3.14159	0.26875	2.87284	0.48376
1866	3.14159	0.26875	2.87284	0.48376
1867	3.14159	0.26875	2.87284	0.48376
1868	3.14159	0.26875	2.87284	0.48376
1869	3.14159	0.26875	2.87284	0.48376
1870	3.14159	0.26875	2.87284	0.48376
1871	3.14159	0.26875	2.87284	0.48376
1872	3.14159	0.26875	2.87284	0.48376
1873	3.14159	0.26875	2.87284	0.48376
1874	3.14159	0.26875	2.87284	0.48376
1875	3.14159	0.26875	2.87284	0.48376
1876	3.14159	0.26875	2.87284	0.48376
1877	3.14159	0.26875	2.87284	0.48376
1878	3.14159	0.26875	2.87284	0.48376
1879	3.14159	0.26875	2.87284	0.48376
1880	3.14159	0.26875	2.87284	0.48376
1881	3.14159	0.26875	2.87284	0.48376
1882	3.14159	0.26875	2.87284	0.48376
1883	3.14159	0.26875	2.87284	0.48376
1884	3.14159	0.26875	2.87284	0.48376
1885	3.14159	0.26875	2.87284	0.48376
1886	3.14159	0.26875	2.87284	0.48376
1887	3.14159	0.26875	2.87284	0.48376
1888	3.14159	0.26875	2.87284	0.48376
1889	3.14159	0.26875	2.87284	0.48376
1890	3.14159	0.26875	2.87284	0.48376
1891	3.14159	0.26875	2.87284	0.48376
1892	3.14159	0.26875	2.87284	0.48376
1893	3.14159	0.26875	2.87284	0.48376
1894	3.14159	0.26875	2.87284	0.48376
1895	3.14159	0.26875	2.87284	0.48376
1896	3.14159	0.26875	2.87284	0.48376
1897	3.14159	0.26875	2.87284	0.48376
1898	3.14159	0.26875	2.87284	0.48376
1899	3.14159	0.26875	2.87284	0.48376
1900	3.14159	0.26875	2.87284	0.48376
1901	3.14159	0.26875	2.87284	0.48376
1902	3.14159	0.26875	2.87284	0.48376
1903	3.14159	0.26875	2.87284	0.48376
1904	3.14159	0.26875	2.87284	0.48376
1905	3.14159	0.26875	2.87284	0.48376
1906	3.14159	0.26875	2.87284	0.48376
1907	3.14159	0.26875	2.87284	0.48376
1908	3.14159	0.26875	2.87284	0.48376
1909	3.14159	0.26875	2.87284	0.48376
1910	3.14159	0.26875	2.87284	0.48376
1911	3.14159	0.26875	2.87284	0.48376
1912	3.14159	0.26875	2.87284	0.48376
1913	3.14159	0.26875	2.87284	0.48376
1914	3.14159	0.26875	2.87284	0.48376
1915	3.14159	0.26875	2.87284	0.48376
1916	3.14159	0.26875	2.87284	0.48376
1917	3.14159	0.26875	2.87284	0.48376
1918	3.14159	0.26875	2.87284	0.48376
1919	3.14159	0.26875	2.87284	0.48376
1920	3.14159	0.26875	2.87284	0.48376
1921	3.14159	0.26875	2.87284	0.48376
1922	3.14159	0.26875	2.87284	0.48376
1923	3.14159	0.26875	2.87284	0.48376
1924	3.14159	0.26875	2.87284	0.48376
1925	3.14159	0.26875	2.87284	0.48376
1926	3.14159	0.26875	2.87284	0.48376
1927	3.14159	0.26875	2.87284	0.48376
1928	3.14159	0.26875	2.87284	0.48376
1929	3.14159	0.26875	2.87284	0.48376
1930	3.14159	0.26875	2.87284	0.48376
1931	3.14159	0.26875	2.87284	0.48376
1932	3.14159	0.26875	2.87284	0.48376
1933	3.14159	0.26875	2.87284	0.48376
1934	3.14159	0.26875	2.87284	0.48376
1935	3.14159	0.26875	2.87284	0.48376
1936	3.14159	0.26875	2.87284	0.48376
1937	3.14159	0.26875	2.87284	0.48376
1938	3.14159	0.26875	2.87284	0.48376
1939	3.14159	0.26875	2.87284	0.48376
1940	3.14159	0.26875	2.87284	0.48376
1941	3.14159	0.26875	2.87284	0.48376
1942	3.14159	0.26875	2.87284	0.48376
1943	3.14159	0.26875	2.87284	0.48376
1944	3.14159	0.26875	2.87284	0.48376
1945	3.14159	0.26875	2.87284	0.48376
1946	3.14159	0.26875	2.87284	0.48376
1947	3.14159	0.26875	2.87284	0.48376
1948	3.14159	0.26875	2.87284	0.48376
1949	3.14159	0.26875	2.87284	0.48376
1950	3.14159	0.26875	2.87284	0.48376
1951	3.14159	0.26875	2.87284	0.48376
1952	3.14159	0.26875	2.87284	0.48376
1953	3.14159	0.26875	2.87284	0.48376
1954	3.14159	0.26875	2.87284	0.48376
1955	3.14159	0.26875	2.87284	0.48376
1956	3.14159	0.26875	2.87284	0.48376
1957	3.14159	0.26875	2.87284	0.48376
1958	3.14159	0.26875	2.87284	0.48376
1959	3.14159	0.26875	2.87284	0.48376
1960	3.14159	0.26875	2.87284	0.48376
1961	3.14159	0.26875	2.87284	0.48376
1962	3.14159	0.26875	2.87284	0.48376
1963	3.14159	0.26875	2.87284	0.48376
1964	3.14159	0.26875	2.87284	0.48376
1965	3.14159	0.26875	2.87284	0.48376
1966	3.14159	0.26875	2.87284	0.48376
1967	3.14159	0.26875	2.87284	0.48376
1968	3.14159	0.26875	2.87284	0.48376
1969	3.14159	0.26875	2.87284	0.48376
1970	3.14159	0.26875	2.87284	0.48376
1971	3.14159	0.26875	2.87284	0.48376
1972	3.14159	0.26875	2.87284	0.48376
1973	3.14159	0.26875	2.87284	0.48376
1974	3.14159	0.26875	2.87284	0.48376
1975	3.14159	0.26875	2.87284	0.48376
1976	3.14159	0.26875	2.87284	0.48376
1977	3.14159	0.26875	2.87284	0.48376
1978	3.14159	0.26875	2.87284	0.48376
1979	3.14159	0.26875	2.87284	0.48376
1980	3.14159	0.26875	2.87284	0.48376
1981	3.14159	0.26875	2.87284	0.48376
1982	3.14159	0.26875	2.87284	0.48376
1983	3.14159	0.26875	2.87284	0.48376
1984	3.14159	0.26875	2.87284	0.48376
1985	3.14159	0.26875	2.87284	0.48376
1986	3.14159	0.26875	2.87284	0.48376
1987	3.14159	0.26875	2.87284	0.48376
1988	3.14159	0.26875	2.87284	0.48376
1989	3.14159	0.26875	2.87284	0.48376
1990	3.14159	0.26875	2.87284	0.48376
1991	3.14159	0.26875	2.87284	0.48376
1992	3.14159	0.26875	2.87284	0.48376
1993	3.14159	0.26875	2.87284	0.48376
1994	3.14159	0.26875	2.87284	0.48376
1995	3.14159	0.26875	2.87284	0.48376
1996	3.14159	0.26875	2.87284	0.48376
1997	3.14159	0.26875	2.87284	0.48376
1998	3.14159	0.26875	2.87284	0.48376
1999	3.14159	0.26875	2.87284	0.48376
