SUCCESS SD CARD
Successfully opened logs/bin/log1.bin
------------------------------------------------------------
i = 0, head = 0, tail = 0
Buffer contents from 0 to 17
-
0x02 0x20 0x00 0x00 0x00 0x00 0x20 0xf0 0x77 0xcc 0x42 0x20 0x10 0x8b 0x48 0x43 0x20 0x03 
-
------------------------------------------------------------
i = 1, head = 0, tail = 0
Buffer contents from 18 to 35
-
0x02 0x20 0x00 0x00 0x80 0x3f 0x20 0xf0 0x77 0xcc 0x42 0x20 0x10 0x8b 0x48 0x43 0x20 0x03 
-
------------------------------------------------------------
i = 2, head = 0, tail = 0
Buffer contents from 36 to 53
-
0x02 0x20 0x00 0x00 0x00 0x40 0x20 0xf0 0x77 0xcc 0x42 0x20 0x10 0x8b 0x48 0x43 0x20 0x03 
-
------------------------------------------------------------
i = 3, head = 0, tail = 0
Buffer contents from 54 to 71
-
0x02 0x20 0x00 0x00 0x40 0x40 0x20 0xf0 0x77 0xcc 0x42 0x20 0x10 0x8b 0x48 0x43 0x20 0x03 
-
------------------------------------------------------------
i = 4, head = 0, tail = 0
Buffer contents from 72 to 89
-
0x02 0x20 0x00 0x00 0x80 0x40 0x20 0xf0 0x77 0xcc 0x42 0x20 0x10 0x8b 0x48 0x43 0x20 0x03 
-
------------------------------------------------------------
i = 5, head = 0, tail = 0
Buffer contents from 90 to 107
-
0x02 0x20 0x00 0x00 0xa0 0x40 0x20 0xf0 0x77 0xcc 0x42 0x20 0x10 0x8b 0x48 0x43 0x20 0x03 
-
------------------------------------------------------------
i = 6, head = 0, tail = 0
Buffer contents from 108 to 125
-
0x02 0x20 0x00 0x00 0xc0 0x40 0x20 0xf0 0x77 0xcc 0x42 0x20 0x10 0x8b 0x48 0x43 0x20 0x03 
-
------------------------------------------------------------
i = 7, head = 0, tail = 0
Buffer contents from 126 to 143
-
0x02 0x20 0x00 0x00 0xe0 0x40 0x20 0xf0 0x77 0xcc 0x42 0x20 0x10 0x8b 0x48 0x43 0x20 0x03 
-
------------------------------------------------------------
i = 8, head = 0, tail = 0
Buffer contents from 144 to 161
-
0x02 0x20 0x00 0x00 0x00 0x41 0x20 0xf0 0x77 0xcc 0x42 0x20 0x10 0x8b 0x48 0x43 0x20 0x03 
-
------------------------------------------------------------
i = 9, head = 0, tail = 0
Buffer contents from 162 to 179
-
0x02 0x20 0x00 0x00 0x10 0x41 0x20 0xf0 0x77 0xcc 0x42 0x20 0x10 0x8b 0x48 0x43 0x20 0x03 
-
------------------------------------------------------------
i = 10, head = 0, tail = 0
Buffer contents from 180 to 197
-
0x02 0x20 0x00 0x00 0x20 0x41 0x20 0xf0 0x77 0xcc 0x42 0x20 0x10 0x8b 0x48 0x43 0x20 0x03 
-
------------------------------------------------------------
i = 11, head = 0, tail = 0
Buffer contents from 198 to 215
-
0x02 0x20 0x00 0x00 0x30 0x41 0x20 0xf0 0x77 0xcc 0x42 0x20 0x10 0x8b 0x48 0x43 0x20 0x03 
-
------------------------------------------------------------
i = 12, head = 0, tail = 0
Buffer contents from 216 to 233
-
0x02 0x20 0x00 0x00 0x40 0x41 0x20 0xf0 0x77 0xcc 0x42 0x20 0x10 0x8b 0x48 0x43 0x20 0x03 
-
------------------------------------------------------------
i = 13, head = 0, tail = 0
Buffer contents from 234 to 251
-
0x02 0x20 0x00 0x00 0x50 0x41 0x20 0xf0 0x77 0xcc 0x42 0x20 0x10 0x8b 0x48 0x43 0x20 0x03 
-
------------------------------------------------------------
i = 14, head = 0, tail = 0
Buffer contents from 252 to 269
-
0x02 0x20 0x00 0x00 0x60 0x41 0x20 0xf0 0x77 0xcc 0x42 0x20 0x10 0x8b 0x48 0x43 0x20 0x03 
-
------------------------------------------------------------
i = 15, head = 0, tail = 0
Buffer contents from 270 to 287
-
0x02 0x20 0x00 0x00 0x70 0x41 0x20 0xf0 0x77 0xcc 0x42 0x20 0x10 0x8b 0x48 0x43 0x20 0x03 
-
------------------------------------------------------------
i = 16, head = 0, tail = 0
Buffer contents from 288 to 305
-
0x02 0x20 0x00 0x00 0x80 0x41 0x20 0xf0 0x77 0xcc 0x42 0x20 0x10 0x8b 0x48 0x43 0x20 0x03 
-
------------------------------------------------------------
i = 17, head = 0, tail = 0
Buffer contents from 306 to 323
-
0x02 0x20 0x00 0x00 0x88 0x41 0x20 0xf0 0x77 0xcc 0x42 0x20 0x10 0x8b 0x48 0x43 0x20 0x03 
-
------------------------------------------------------------
i = 18, head = 0, tail = 0
Buffer contents from 324 to 341
-
0x02 0x20 0x00 0x00 0x90 0x41 0x20 0xf0 0x77 0xcc 0x42 0x20 0x10 0x8b 0x48 0x43 0x20 0x03 
-
------------------------------------------------------------
i = 19, head = 0, tail = 0
Buffer contents from 342 to 359
-
0x02 0x20 0x00 0x00 0x98 0x41 0x20 0xf0 0x77 0xcc 0x42 0x20 0x10 0x8b 0x48 0x43 0x20 0x03 
-
------------------------------------------------------------
i = 20, head = 0, tail = 0
Buffer contents from 360 to 377
-
0x02 0x20 0x00 0x00 0xa0 0x41 0x20 0xf0 0x77 0xcc 0x42 0x20 0x10 0x8b 0x48 0x43 0x20 0x03 
-
------------------------------------------------------------
i = 21, head = 0, tail = 0
Buffer contents from 378 to 395
-
0x02 0x20 0x00 0x00 0xa8 0x41 0x20 0xf0 0x77 0xcc 0x42 0x20 0x10 0x8b 0x48 0x43 0x20 0x03 
-
------------------------------------------------------------
i = 22, head = 0, tail = 0
Buffer contents from 396 to 413
-
0x02 0x20 0x00 0x00 0xb0 0x41 0x20 0xf0 0x77 0xcc 0x42 0x20 0x10 0x8b 0x48 0x43 0x20 0x03 
-
------------------------------------------------------------
i = 23, head = 0, tail = 0
Buffer contents from 414 to 431
-
0x02 0x20 0x00 0x00 0xb8 0x41 0x20 0xf0 0x77 0xcc 0x42 0x20 0x10 0x8b 0x48 0x43 0x20 0x03 
-
------------------------------------------------------------
i = 24, head = 0, tail = 0
Buffer contents from 432 to 449
-
0x02 0x20 0x00 0x00 0xc0 0x41 0x20 0xf0 0x77 0xcc 0x42 0x20 0x10 0x8b 0x48 0x43 0x20 0x03 
-
------------------------------------------------------------
i = 25, head = 0, tail = 0
Buffer contents from 450 to 467
-
0x02 0x20 0x00 0x00 0xc8 0x41 0x20 0xf0 0x77 0xcc 0x42 0x20 0x10 0x8b 0x48 0x43 0x20 0x03 
-
------------------------------------------------------------
i = 26, head = 0, tail = 0
Buffer contents from 468 to 485
-
0x02 0x20 0x00 0x00 0xd0 0x41 0x20 0xf0 0x77 0xcc 0x42 0x20 0x10 0x8b 0x48 0x43 0x20 0x03 
-
------------------------------------------------------------
i = 27, head = 0, tail = 0
Buffer contents from 486 to 503
-
0x02 0x20 0x00 0x00 0xd8 0x41 0x20 0xf0 0x77 0xcc 0x42 0x20 0x10 0x8b 0x48 0x43 0x20 0x03 
-
------------------------------------------------------------
i = 28, head = 1, tail = 0
Buffer contents from 504 to 521
-
0x02 0x20 0x00 0x00 0xe0 0x41 0x20 0xf0 0x77 0xcc 0x42 0x20 0x10 0x8b 0x48 0x43 0x20 0x03 
-
------------------------------------------------------------
i = 29, head = 1, tail = 0
Buffer contents from 522 to 539
-
0x02 0x20 0x00 0x00 0xe8 0x41 0x20 0xf0 0x77 0xcc 0x42 0x20 0x10 0x8b 0x48 0x43 0x20 0x03 
-
WHOLE BUFFER CONTENTS
 ->Buffer contents from 0 to 539
-
0x02 0x20 0x00 0x00 0x00 0x00 0x20 0xf0 0x77 0xcc 0x42 0x20 0x10 0x8b 0x48 0x43 0x20 0x03 
0x02 0x20 0x00 0x00 0x80 0x3f 0x20 0xf0 0x77 0xcc 0x42 0x20 0x10 0x8b 0x48 0x43 0x20 0x03 
0x02 0x20 0x00 0x00 0x00 0x40 0x20 0xf0 0x77 0xcc 0x42 0x20 0x10 0x8b 0x48 0x43 0x20 0x03 
0x02 0x20 0x00 0x00 0x40 0x40 0x20 0xf0 0x77 0xcc 0x42 0x20 0x10 0x8b 0x48 0x43 0x20 0x03 
0x02 0x20 0x00 0x00 0x80 0x40 0x20 0xf0 0x77 0xcc 0x42 0x20 0x10 0x8b 0x48 0x43 0x20 0x03 
0x02 0x20 0x00 0x00 0xa0 0x40 0x20 0xf0 0x77 0xcc 0x42 0x20 0x10 0x8b 0x48 0x43 0x20 0x03 
0x02 0x20 0x00 0x00 0xc0 0x40 0x20 0xf0 0x77 0xcc 0x42 0x20 0x10 0x8b 0x48 0x43 0x20 0x03 
0x02 0x20 0x00 0x00 0xe0 0x40 0x20 0xf0 0x77 0xcc 0x42 0x20 0x10 0x8b 0x48 0x43 0x20 0x03 
0x02 0x20 0x00 0x00 0x00 0x41 0x20 0xf0 0x77 0xcc 0x42 0x20 0x10 0x8b 0x48 0x43 0x20 0x03 
0x02 0x20 0x00 0x00 0x10 0x41 0x20 0xf0 0x77 0xcc 0x42 0x20 0x10 0x8b 0x48 0x43 0x20 0x03 
0x02 0x20 0x00 0x00 0x20 0x41 0x20 0xf0 0x77 0xcc 0x42 0x20 0x10 0x8b 0x48 0x43 0x20 0x03 
0x02 0x20 0x00 0x00 0x30 0x41 0x20 0xf0 0x77 0xcc 0x42 0x20 0x10 0x8b 0x48 0x43 0x20 0x03 
0x02 0x20 0x00 0x00 0x40 0x41 0x20 0xf0 0x77 0xcc 0x42 0x20 0x10 0x8b 0x48 0x43 0x20 0x03 
0x02 0x20 0x00 0x00 0x50 0x41 0x20 0xf0 0x77 0xcc 0x42 0x20 0x10 0x8b 0x48 0x43 0x20 0x03 
0x02 0x20 0x00 0x00 0x60 0x41 0x20 0xf0 0x77 0xcc 0x42 0x20 0x10 0x8b 0x48 0x43 0x20 0x03 
0x02 0x20 0x00 0x00 0x70 0x41 0x20 0xf0 0x77 0xcc 0x42 0x20 0x10 0x8b 0x48 0x43 0x20 0x03 
0x02 0x20 0x00 0x00 0x80 0x41 0x20 0xf0 0x77 0xcc 0x42 0x20 0x10 0x8b 0x48 0x43 0x20 0x03 
0x02 0x20 0x00 0x00 0x88 0x41 0x20 0xf0 0x77 0xcc 0x42 0x20 0x10 0x8b 0x48 0x43 0x20 0x03 
0x02 0x20 0x00 0x00 0x90 0x41 0x20 0xf0 0x77 0xcc 0x42 0x20 0x10 0x8b 0x48 0x43 0x20 0x03 
0x02 0x20 0x00 0x00 0x98 0x41 0x20 0xf0 0x77 0xcc 0x42 0x20 0x10 0x8b 0x48 0x43 0x20 0x03 
0x02 0x20 0x00 0x00 0xa0 0x41 0x20 0xf0 0x77 0xcc 0x42 0x20 0x10 0x8b 0x48 0x43 0x20 0x03 
0x02 0x20 0x00 0x00 0xa8 0x41 0x20 0xf0 0x77 0xcc 0x42 0x20 0x10 0x8b 0x48 0x43 0x20 0x03 
0x02 0x20 0x00 0x00 0xb0 0x41 0x20 0xf0 0x77 0xcc 0x42 0x20 0x10 0x8b 0x48 0x43 0x20 0x03 
0x02 0x20 0x00 0x00 0xb8 0x41 0x20 0xf0 0x77 0xcc 0x42 0x20 0x10 0x8b 0x48 0x43 0x20 0x03 
0x02 0x20 0x00 0x00 0xc0 0x41 0x20 0xf0 0x77 0xcc 0x42 0x20 0x10 0x8b 0x48 0x43 0x20 0x03 
0x02 0x20 0x00 0x00 0xc8 0x41 0x20 0xf0 0x77 0xcc 0x42 0x20 0x10 0x8b 0x48 0x43 0x20 0x03 
0x02 0x20 0x00 0x00 0xd0 0x41 0x20 0xf0 0x77 0xcc 0x42 0x20 0x10 0x8b 0x48 0x43 0x20 0x03 
0x02 0x20 0x00 0x00 0xd8 0x41 0x20 0xf0 0x77 0xcc 0x42 0x20 0x10 0x8b 0x48 0x43 0x20 0x03 
0x02 0x20 0x00 0x00 0xe0 0x41 0x20 0xf0 0x77 0xcc 0x42 0x20 0x10 0x8b 0x48 0x43 0x20 0x03 
0x02 0x20 0x00 0x00 0xe8 0x41 0x20 0xf0 0x77 0xcc 0x42 0x20 0x10 0x8b 0x48 0x43 0x20 0x03 
-
<-
FIRST BLOCK OF BUFFER:
->Buffer contents from 0 to 511
-
0x02 0x20 0x00 0x00 0x00 0x00 0x20 0xf0 0x77 0xcc 0x42 0x20 0x10 0x8b 0x48 0x43 0x20 0x03 
0x02 0x20 0x00 0x00 0x80 0x3f 0x20 0xf0 0x77 0xcc 0x42 0x20 0x10 0x8b 0x48 0x43 0x20 0x03 
0x02 0x20 0x00 0x00 0x00 0x40 0x20 0xf0 0x77 0xcc 0x42 0x20 0x10 0x8b 0x48 0x43 0x20 0x03 
0x02 0x20 0x00 0x00 0x40 0x40 0x20 0xf0 0x77 0xcc 0x42 0x20 0x10 0x8b 0x48 0x43 0x20 0x03 
0x02 0x20 0x00 0x00 0x80 0x40 0x20 0xf0 0x77 0xcc 0x42 0x20 0x10 0x8b 0x48 0x43 0x20 0x03 
0x02 0x20 0x00 0x00 0xa0 0x40 0x20 0xf0 0x77 0xcc 0x42 0x20 0x10 0x8b 0x48 0x43 0x20 0x03 
0x02 0x20 0x00 0x00 0xc0 0x40 0x20 0xf0 0x77 0xcc 0x42 0x20 0x10 0x8b 0x48 0x43 0x20 0x03 
0x02 0x20 0x00 0x00 0xe0 0x40 0x20 0xf0 0x77 0xcc 0x42 0x20 0x10 0x8b 0x48 0x43 0x20 0x03 
0x02 0x20 0x00 0x00 0x00 0x41 0x20 0xf0 0x77 0xcc 0x42 0x20 0x10 0x8b 0x48 0x43 0x20 0x03 
0x02 0x20 0x00 0x00 0x10 0x41 0x20 0xf0 0x77 0xcc 0x42 0x20 0x10 0x8b 0x48 0x43 0x20 0x03 
0x02 0x20 0x00 0x00 0x20 0x41 0x20 0xf0 0x77 0xcc 0x42 0x20 0x10 0x8b 0x48 0x43 0x20 0x03 
0x02 0x20 0x00 0x00 0x30 0x41 0x20 0xf0 0x77 0xcc 0x42 0x20 0x10 0x8b 0x48 0x43 0x20 0x03 
0x02 0x20 0x00 0x00 0x40 0x41 0x20 0xf0 0x77 0xcc 0x42 0x20 0x10 0x8b 0x48 0x43 0x20 0x03 
0x02 0x20 0x00 0x00 0x50 0x41 0x20 0xf0 0x77 0xcc 0x42 0x20 0x10 0x8b 0x48 0x43 0x20 0x03 
0x02 0x20 0x00 0x00 0x60 0x41 0x20 0xf0 0x77 0xcc 0x42 0x20 0x10 0x8b 0x48 0x43 0x20 0x03 
0x02 0x20 0x00 0x00 0x70 0x41 0x20 0xf0 0x77 0xcc 0x42 0x20 0x10 0x8b 0x48 0x43 0x20 0x03 
0x02 0x20 0x00 0x00 0x80 0x41 0x20 0xf0 0x77 0xcc 0x42 0x20 0x10 0x8b 0x48 0x43 0x20 0x03 
0x02 0x20 0x00 0x00 0x88 0x41 0x20 0xf0 0x77 0xcc 0x42 0x20 0x10 0x8b 0x48 0x43 0x20 0x03 
0x02 0x20 0x00 0x00 0x90 0x41 0x20 0xf0 0x77 0xcc 0x42 0x20 0x10 0x8b 0x48 0x43 0x20 0x03 
0x02 0x20 0x00 0x00 0x98 0x41 0x20 0xf0 0x77 0xcc 0x42 0x20 0x10 0x8b 0x48 0x43 0x20 0x03 
0x02 0x20 0x00 0x00 0xa0 0x41 0x20 0xf0 0x77 0xcc 0x42 0x20 0x10 0x8b 0x48 0x43 0x20 0x03 
0x02 0x20 0x00 0x00 0xa8 0x41 0x20 0xf0 0x77 0xcc 0x42 0x20 0x10 0x8b 0x48 0x43 0x20 0x03 
0x02 0x20 0x00 0x00 0xb0 0x41 0x20 0xf0 0x77 0xcc 0x42 0x20 0x10 0x8b 0x48 0x43 0x20 0x03 
0x02 0x20 0x00 0x00 0xb8 0x41 0x20 0xf0 0x77 0xcc 0x42 0x20 0x10 0x8b 0x48 0x43 0x20 0x03 
0x02 0x20 0x00 0x00 0xc0 0x41 0x20 0xf0 0x77 0xcc 0x42 0x20 0x10 0x8b 0x48 0x43 0x20 0x03 
0x02 0x20 0x00 0x00 0xc8 0x41 0x20 0xf0 0x77 0xcc 0x42 0x20 0x10 0x8b 0x48 0x43 0x20 0x03 
0x02 0x20 0x00 0x00 0xd0 0x41 0x20 0xf0 0x77 0xcc 0x42 0x20 0x10 0x8b 0x48 0x43 0x20 0x03 
0x02 0x20 0x00 0x00 0xd8 0x41 0x20 0xf0 0x77 0xcc 0x42 0x20 0x10 0x8b 0x48 0x43 0x20 0x03 
0x02 0x20 0x00 0x00 0xe0 0x41 0x20 0xf0 -
<-
Writing firs block to logs/bin/log1.bin
Wrote 512 bytes to logs/bin/log1.bin dt = 135, closing file logs/bin/log1.bin
